[2024-02-22 17:00:00:548] [this=0xc7f850: Thread ID=13105480]CMGMediaEngine::ClenaCmd  事务ID为:0 的任务正在执行......
[2024-02-22 17:00:01:552] [this=0xc7f850: Thread ID=13105480]CMGMediaEngine::ClenaCmd  事务ID为:0 的任务正在执行......
[2024-02-22 17:00:02:555] [this=0xc7f850: Thread ID=13105480]CMGMediaEngine::ClenaCmd  事务ID为:0 的任务正在执行......
[2024-02-22 17:00:03:398] [this=0xc81530: Thread ID=13152936: dataIndex=0]CManipulator::process 任务数量:1
[2024-02-22 17:00:03:559] [this=0xc7f850: Thread ID=13105480]CMGMediaEngine::ClenaCmd  事务ID为:0 的任务正在执行......
[2024-02-22 17:00:04:562] [this=0xc7f850: Thread ID=13105480]CMGMediaEngine::ClenaCmd  事务ID为:0 的任务正在执行......
[2024-02-22 17:00:05:565] [this=0xc7f850: Thread ID=13105480]CMGMediaEngine::ClenaCmd  事务ID为:0 的任务正在执行......
[2024-02-22 17:00:06:570] [this=0xc7f850: Thread ID=13105480]CMGMediaEngine::ClenaCmd  事务ID为:0 的任务正在执行......
[2024-02-22 17:00:07:572] [this=0xc7f850: Thread ID=13105480]CMGMediaEngine::ClenaCmd  事务ID为:0 的任务正在执行......
[2024-02-22 17:00:08:399] [this=0xc7f850: Thread ID=13105480]CMGMediaEngine::ClenaCmd CCommandManager任务队列有1个任务
[2024-02-22 17:00:08:576] [this=0xc7f850: Thread ID=13105480]CMGMediaEngine::ClenaCmd  事务ID为:0 的任务正在执行......
[2024-02-22 17:00:09:579] [this=0xc7f850: Thread ID=13105480]CMGMediaEngine::ClenaCmd  事务ID为:0 的任务正在执行......
[2024-02-22 17:00:10:581] [this=0xc7f850: Thread ID=13105480]CMGMediaEngine::ClenaCmd  事务ID为:0 的任务正在执行......
[2024-02-22 17:00:11:584] [this=0xc7f850: Thread ID=13105480]CMGMediaEngine::ClenaCmd  事务ID为:0 的任务正在执行......
[2024-02-22 17:00:12:584] [this=0xc7f850: Thread ID=13105480]CMGMediaEngine::ClenaCmd  事务ID为:0 的任务正在执行......
[2024-02-22 17:00:13:401] [this=0xc81530: Thread ID=13152936: dataIndex=0]CManipulator::process 任务数量:1
[2024-02-22 17:00:13:585] [this=0xc7f850: Thread ID=13105480]CMGMediaEngine::ClenaCmd  事务ID为:0 的任务正在执行......
[2024-02-22 17:00:14:594] [this=0xc7f850: Thread ID=13105480]CMGMediaEngine::ClenaCmd  事务ID为:0 的任务正在执行......
[2024-02-22 17:00:15:595] [this=0xc7f850: Thread ID=13105480]CMGMediaEngine::ClenaCmd  事务ID为:0 的任务正在执行......
[2024-02-22 17:00:16:595] [this=0xc7f850: Thread ID=13105480]CMGMediaEngine::ClenaCmd  事务ID为:0 的任务正在执行......
[2024-02-22 17:00:17:596] [this=0xc7f850: Thread ID=13105480]CMGMediaEngine::ClenaCmd  事务ID为:0 的任务正在执行......
[2024-02-22 17:00:18:401] [this=0xc7f850: Thread ID=13105480]CMGMediaEngine::ClenaCmd CCommandManager任务队列有1个任务
[2024-02-22 17:00:18:597] [this=0xc7f850: Thread ID=13105480]CMGMediaEngine::ClenaCmd  事务ID为:0 的任务正在执行......
[2024-02-22 17:00:19:604] [this=0xc7f850: Thread ID=13105480]CMGMediaEngine::ClenaCmd  事务ID为:0 的任务正在执行......
[2024-02-22 17:00:20:608] [this=0xc7f850: Thread ID=13105480]CMGMediaEngine::ClenaCmd  事务ID为:0 的任务正在执行......
[2024-02-22 17:00:21:610] [this=0xc7f850: Thread ID=13105480]CMGMediaEngine::ClenaCmd  事务ID为:0 的任务正在执行......
[2024-02-22 17:00:22:613] [this=0xc7f850: Thread ID=13105480]CMGMediaEngine::ClenaCmd  事务ID为:0 的任务正在执行......
[2024-02-22 17:00:23:401] [this=0xc7f850: Thread ID=13105480]CMGMediaEngine::ClenaCmd CCommandManager任务队列有1个任务
[2024-02-22 17:00:23:617] [this=0xc7f850: Thread ID=13105480]CMGMediaEngine::ClenaCmd  事务ID为:0 的任务正在执行......
[2024-02-22 17:00:24:617] [this=0xc7f850: Thread ID=13105480]CMGMediaEngine::ClenaCmd  事务ID为:0 的任务正在执行......
[2024-02-22 17:00:25:621] [this=0xc7f850: Thread ID=13105480]CMGMediaEngine::ClenaCmd  事务ID为:0 的任务正在执行......
[2024-02-22 17:00:26:624] [this=0xc7f850: Thread ID=13105480]CMGMediaEngine::ClenaCmd  事务ID为:0 的任务正在执行......
[2024-02-22 17:00:27:628] [this=0xc7f850: Thread ID=13105480]CMGMediaEngine::ClenaCmd  事务ID为:0 的任务正在执行......
[2024-02-22 17:00:28:401] [this=0xc7f850: Thread ID=13105480]CMGMediaEngine::ClenaCmd CCommandManager任务队列有1个任务
[2024-02-22 17:00:28:403] [this=0xc81530: Thread ID=13152936: dataIndex=0]CManipulator::process 任务数量:1
[2024-02-22 17:00:28:631] [this=0xc7f850: Thread ID=13105480]CMGMediaEngine::ClenaCmd  事务ID为:0 的任务正在执行......
[2024-02-22 17:00:29:635] [this=0xc7f850: Thread ID=13105480]CMGMediaEngine::ClenaCmd  事务ID为:0 的任务正在执行......
[2024-02-22 17:00:30:636] [this=0xc7f850: Thread ID=13105480]CMGMediaEngine::ClenaCmd  事务ID为:0 的任务正在执行......
[2024-02-22 17:00:31:637] [this=0xc7f850: Thread ID=13105480]CMGMediaEngine::ClenaCmd  事务ID为:0 的任务正在执行......
[2024-02-22 17:00:32:641] [this=0xc7f850: Thread ID=13105480]CMGMediaEngine::ClenaCmd  事务ID为:0 的任务正在执行......
[2024-02-22 17:00:33:402] [this=0xc81530: Thread ID=13152936: dataIndex=0]CManipulator::process 任务数量:1
[2024-02-22 17:00:33:644] [this=0xc7f850: Thread ID=13105480]CMGMediaEngine::ClenaCmd  事务ID为:0 的任务正在执行......
[2024-02-22 17:00:34:646] [this=0xc7f850: Thread ID=13105480]CMGMediaEngine::ClenaCmd  事务ID为:0 的任务正在执行......
[2024-02-22 17:00:35:648] [this=0xc7f850: Thread ID=13105480]CMGMediaEngine::ClenaCmd  事务ID为:0 的任务正在执行......
[2024-02-22 17:00:36:649] [this=0xc7f850: Thread ID=13105480]CMGMediaEngine::ClenaCmd  事务ID为:0 的任务正在执行......
[2024-02-22 17:00:37:654] [this=0xc7f850: Thread ID=13105480]CMGMediaEngine::ClenaCmd  事务ID为:0 的任务正在执行......
[2024-02-22 17:00:38:402] [this=0xc81530: Thread ID=13152936: dataIndex=0]CManipulator::process 任务数量:1
[2024-02-22 17:00:38:658] [this=0xc7f850: Thread ID=13105480]CMGMediaEngine::ClenaCmd  事务ID为:0 的任务正在执行......
[2024-02-22 17:00:39:662] [this=0xc7f850: Thread ID=13105480]CMGMediaEngine::ClenaCmd  事务ID为:0 的任务正在执行......
[2024-02-22 17:00:40:664] [this=0xc7f850: Thread ID=13105480]CMGMediaEngine::ClenaCmd  事务ID为:0 的任务正在执行......
[2024-02-22 17:00:41:664] [this=0xc7f850: Thread ID=13105480]CMGMediaEngine::ClenaCmd  事务ID为:0 的任务正在执行......
[2024-02-22 17:00:42:669] [this=0xc7f850: Thread ID=13105480]CMGMediaEngine::ClenaCmd  事务ID为:0 的任务正在执行......
[2024-02-22 17:00:43:403] [this=0xced1f8: Thread ID=13554800: dataIndex=0]CPushRtsp::process 推流线程正在工作......
[2024-02-22 17:00:43:409] [this=0xc81530: Thread ID=13152936: dataIndex=0]CManipulator::process 任务数量:1
[2024-02-22 17:00:43:403] [this=0xc7f850: Thread ID=13105480]CMGMediaEngine::ClenaCmd CCommandManager任务队列有1个任务
[2024-02-22 17:00:43:671] [this=0xc7f850: Thread ID=13105480]CMGMediaEngine::ClenaCmd  事务ID为:0 的任务正在执行......
[2024-02-22 17:00:44:673] [this=0xc7f850: Thread ID=13105480]CMGMediaEngine::ClenaCmd  事务ID为:0 的任务正在执行......
[2024-02-22 17:00:45:675] [this=0xc7f850: Thread ID=13105480]CMGMediaEngine::ClenaCmd  事务ID为:0 的任务正在执行......
[2024-02-22 17:00:46:677] [this=0xc7f850: Thread ID=13105480]CMGMediaEngine::ClenaCmd  事务ID为:0 的任务正在执行......
[2024-02-22 17:00:47:678] [this=0xc7f850: Thread ID=13105480]CMGMediaEngine::ClenaCmd  事务ID为:0 的任务正在执行......
[2024-02-22 17:00:48:404] [this=0xc81530: Thread ID=13152936: dataIndex=0]CManipulator::process 任务数量:1
[2024-02-22 17:00:48:679] [this=0xc7f850: Thread ID=13105480]CMGMediaEngine::ClenaCmd  事务ID为:0 的任务正在执行......
[2024-02-22 17:00:49:679] [this=0xc7f850: Thread ID=13105480]CMGMediaEngine::ClenaCmd  事务ID为:0 的任务正在执行......
[2024-02-22 17:00:50:683] [this=0xc7f850: Thread ID=13105480]CMGMediaEngine::ClenaCmd  事务ID为:0 的任务正在执行......
[2024-02-22 17:00:51:683] [this=0xc7f850: Thread ID=13105480]CMGMediaEngine::ClenaCmd  事务ID为:0 的任务正在执行......
[2024-02-22 17:00:52:683] [this=0xc7f850: Thread ID=13105480]CMGMediaEngine::ClenaCmd  事务ID为:0 的任务正在执行......
[2024-02-22 17:00:53:403] [this=0xc7f850: Thread ID=13105480]CMGMediaEngine::ClenaCmd CCommandManager任务队列有1个任务
[2024-02-22 17:00:53:687] [this=0xc7f850: Thread ID=13105480]CMGMediaEngine::ClenaCmd  事务ID为:0 的任务正在执行......
[2024-02-22 17:00:54:690] [this=0xc7f850: Thread ID=13105480]CMGMediaEngine::ClenaCmd  事务ID为:0 的任务正在执行......
[2024-02-22 17:00:55:692] [this=0xc7f850: Thread ID=13105480]CMGMediaEngine::ClenaCmd  事务ID为:0 的任务正在执行......
[2024-02-22 17:00:56:695] [this=0xc7f850: Thread ID=13105480]CMGMediaEngine::ClenaCmd  事务ID为:0 的任务正在执行......
[2024-02-22 17:00:57:696] [this=0xc7f850: Thread ID=13105480]CMGMediaEngine::ClenaCmd  事务ID为:0 的任务正在执行......
[2024-02-22 17:00:58:405] [this=0xced1f8: Thread ID=13554800: dataIndex=0]CPushRtsp::process 推流线程正在工作......
[2024-02-22 17:00:58:698] [this=0xc7f850: Thread ID=13105480]CMGMediaEngine::ClenaCmd  事务ID为:0 的任务正在执行......
[2024-02-22 17:00:59:702] [this=0xc7f850: Thread ID=13105480]CMGMediaEngine::ClenaCmd  事务ID为:0 的任务正在执行......
[2024-02-22 17:01:00:703] [this=0xc7f850: Thread ID=13105480]CMGMediaEngine::ClenaCmd  事务ID为:0 的任务正在执行......
[2024-02-22 17:01:01:705] [this=0xc7f850: Thread ID=13105480]CMGMediaEngine::ClenaCmd  事务ID为:0 的任务正在执行......
[2024-02-22 17:01:02:707] [this=0xc7f850: Thread ID=13105480]CMGMediaEngine::ClenaCmd  事务ID为:0 的任务正在执行......
[2024-02-22 17:01:03:406] [this=0xc7f850: Thread ID=13105480]CMGMediaEngine::ClenaCmd CCommandManager任务队列有1个任务
[2024-02-22 17:01:03:712] [this=0xc7f850: Thread ID=13105480]CMGMediaEngine::ClenaCmd  事务ID为:0 的任务正在执行......
[2024-02-22 17:01:04:717] [this=0xc7f850: Thread ID=13105480]CMGMediaEngine::ClenaCmd  事务ID为:0 的任务正在执行......
[2024-02-22 17:01:05:721] [this=0xc7f850: Thread ID=13105480]CMGMediaEngine::ClenaCmd  事务ID为:0 的任务正在执行......
[2024-02-22 17:01:06:723] [this=0xc7f850: Thread ID=13105480]CMGMediaEngine::ClenaCmd  事务ID为:0 的任务正在执行......
[2024-02-22 17:01:07:726] [this=0xc7f850: Thread ID=13105480]CMGMediaEngine::ClenaCmd  事务ID为:0 的任务正在执行......
[2024-02-22 17:01:08:410] [this=0xc7f850: Thread ID=13105480]CMGMediaEngine::ClenaCmd CCommandManager任务队列有1个任务
[2024-02-22 17:01:08:730] [this=0xc7f850: Thread ID=13105480]CMGMediaEngine::ClenaCmd  事务ID为:0 的任务正在执行......
[2024-02-22 17:01:09:733] [this=0xc7f850: Thread ID=13105480]CMGMediaEngine::ClenaCmd  事务ID为:0 的任务正在执行......
[2024-02-22 17:01:10:733] [this=0xc7f850: Thread ID=13105480]CMGMediaEngine::ClenaCmd  事务ID为:0 的任务正在执行......
[2024-02-22 17:01:11:736] [this=0xc7f850: Thread ID=13105480]CMGMediaEngine::ClenaCmd  事务ID为:0 的任务正在执行......
[2024-02-22 17:01:12:740] [this=0xc7f850: Thread ID=13105480]CMGMediaEngine::ClenaCmd  事务ID为:0 的任务正在执行......
[2024-02-22 17:01:13:413] [this=0xced1f8: Thread ID=13554800: dataIndex=0]CPushRtsp::process 推流线程正在工作......
[2024-02-22 17:01:13:742] [this=0xc7f850: Thread ID=13105480]CMGMediaEngine::ClenaCmd  事务ID为:0 的任务正在执行......
[2024-02-22 17:01:14:745] [this=0xc7f850: Thread ID=13105480]CMGMediaEngine::ClenaCmd  事务ID为:0 的任务正在执行......
[2024-02-22 17:01:15:746] [this=0xc7f850: Thread ID=13105480]CMGMediaEngine::ClenaCmd  事务ID为:0 的任务正在执行......
[2024-02-22 17:01:16:746] [this=0xc7f850: Thread ID=13105480]CMGMediaEngine::ClenaCmd  事务ID为:0 的任务正在执行......
[2024-02-22 17:01:17:750] [this=0xc7f850: Thread ID=13105480]CMGMediaEngine::ClenaCmd  事务ID为:0 的任务正在执行......
[2024-02-22 17:01:18:414] [this=0xc7f850: Thread ID=13105480]CMGMediaEngine::ClenaCmd CCommandManager任务队列有1个任务
[2024-02-22 17:01:18:415] [this=0xc81530: Thread ID=13152936: dataIndex=0]CManipulator::process 任务数量:1
[2024-02-22 17:01:18:428] [this=0xced1f8: Thread ID=13554800: dataIndex=0]CPushRtsp::process 推流线程正在工作......
[2024-02-22 17:01:18:750] [this=0xc7f850: Thread ID=13105480]CMGMediaEngine::ClenaCmd  事务ID为:0 的任务正在执行......
[2024-02-22 17:01:19:753] [this=0xc7f850: Thread ID=13105480]CMGMediaEngine::ClenaCmd  事务ID为:0 的任务正在执行......
[2024-02-22 17:01:20:757] [this=0xc7f850: Thread ID=13105480]CMGMediaEngine::ClenaCmd  事务ID为:0 的任务正在执行......
[2024-02-22 17:01:21:758] [this=0xc7f850: Thread ID=13105480]CMGMediaEngine::ClenaCmd  事务ID为:0 的任务正在执行......
[2024-02-22 17:01:22:763] [this=0xc7f850: Thread ID=13105480]CMGMediaEngine::ClenaCmd  事务ID为:0 的任务正在执行......
[2024-02-22 17:01:23:417] [this=0xced1f8: Thread ID=13554800: dataIndex=0]CPushRtsp::process 推流线程正在工作......
[2024-02-22 17:01:23:418] [this=0xc81530: Thread ID=13152936: dataIndex=0]CManipulator::process 任务数量:1
[2024-02-22 17:01:23:763] [this=0xc7f850: Thread ID=13105480]CMGMediaEngine::ClenaCmd  事务ID为:0 的任务正在执行......
[2024-02-22 17:01:24:766] [this=0xc7f850: Thread ID=13105480]CMGMediaEngine::ClenaCmd  事务ID为:0 的任务正在执行......
[2024-02-22 17:01:25:770] [this=0xc7f850: Thread ID=13105480]CMGMediaEngine::ClenaCmd  事务ID为:0 的任务正在执行......
[2024-02-22 17:01:26:774] [this=0xc7f850: Thread ID=13105480]CMGMediaEngine::ClenaCmd  事务ID为:0 的任务正在执行......
[2024-02-22 17:01:27:777] [this=0xc7f850: Thread ID=13105480]CMGMediaEngine::ClenaCmd  事务ID为:0 的任务正在执行......
[2024-02-22 17:01:28:417] [this=0xc7f850: Thread ID=13105480]CMGMediaEngine::ClenaCmd CCommandManager任务队列有1个任务
[2024-02-22 17:01:28:443] [this=0xc81530: Thread ID=13152936: dataIndex=0]CManipulator::process 任务数量:1
[2024-02-22 17:01:28:454] [this=0xced1f8: Thread ID=13554800: dataIndex=0]CPushRtsp::process 推流线程正在工作......
[2024-02-22 17:01:28:780] [this=0xc7f850: Thread ID=13105480]CMGMediaEngine::ClenaCmd  事务ID为:0 的任务正在执行......
[2024-02-22 17:01:29:783] [this=0xc7f850: Thread ID=13105480]CMGMediaEngine::ClenaCmd  事务ID为:0 的任务正在执行......
[2024-02-22 17:01:30:783] [this=0xc7f850: Thread ID=13105480]CMGMediaEngine::ClenaCmd  事务ID为:0 的任务正在执行......
[2024-02-22 17:01:31:787] [this=0xc7f850: Thread ID=13105480]CMGMediaEngine::ClenaCmd  事务ID为:0 的任务正在执行......
[2024-02-22 17:01:32:788] [this=0xc7f850: Thread ID=13105480]CMGMediaEngine::ClenaCmd  事务ID为:0 的任务正在执行......
[2024-02-22 17:01:33:421] [this=0xc81530: Thread ID=13152936: dataIndex=0]CManipulator::process 任务数量:1
[2024-02-22 17:01:33:421] [this=0xc7f850: Thread ID=13105480]CMGMediaEngine::ClenaCmd CCommandManager任务队列有1个任务
[2024-02-22 17:01:33:427] [this=0xced1f8: Thread ID=13554800: dataIndex=0]CPushRtsp::process 推流线程正在工作......
[2024-02-22 17:01:33:791] [this=0xc7f850: Thread ID=13105480]CMGMediaEngine::ClenaCmd  事务ID为:0 的任务正在执行......
[2024-02-22 17:01:34:791] [this=0xc7f850: Thread ID=13105480]CMGMediaEngine::ClenaCmd  事务ID为:0 的任务正在执行......
[2024-02-22 17:01:35:794] [this=0xc7f850: Thread ID=13105480]CMGMediaEngine::ClenaCmd  事务ID为:0 的任务正在执行......
[2024-02-22 17:01:36:796] [this=0xc7f850: Thread ID=13105480]CMGMediaEngine::ClenaCmd  事务ID为:0 的任务正在执行......
[2024-02-22 17:01:37:799] [this=0xc7f850: Thread ID=13105480]CMGMediaEngine::ClenaCmd  事务ID为:0 的任务正在执行......
[2024-02-22 17:01:38:424] [this=0xc7f850: Thread ID=13105480]CMGMediaEngine::ClenaCmd CCommandManager任务队列有1个任务
[2024-02-22 17:01:38:800] [this=0xc7f850: Thread ID=13105480]CMGMediaEngine::ClenaCmd  事务ID为:0 的任务正在执行......
[2024-02-22 17:01:39:800] [this=0xc7f850: Thread ID=13105480]CMGMediaEngine::ClenaCmd  事务ID为:0 的任务正在执行......
[2024-02-22 17:01:40:801] [this=0xc7f850: Thread ID=13105480]CMGMediaEngine::ClenaCmd  事务ID为:0 的任务正在执行......
[2024-02-22 17:01:41:801] [this=0xc7f850: Thread ID=13105480]CMGMediaEngine::ClenaCmd  事务ID为:0 的任务正在执行......
[2024-02-22 17:01:42:802] [this=0xc7f850: Thread ID=13105480]CMGMediaEngine::ClenaCmd  事务ID为:0 的任务正在执行......
[2024-02-22 17:01:43:424] [this=0xc7f850: Thread ID=13105480]CMGMediaEngine::ClenaCmd CCommandManager任务队列有1个任务
[2024-02-22 17:01:43:806] [this=0xc7f850: Thread ID=13105480]CMGMediaEngine::ClenaCmd  事务ID为:0 的任务正在执行......
[2024-02-22 17:01:44:811] [this=0xc7f850: Thread ID=13105480]CMGMediaEngine::ClenaCmd  事务ID为:0 的任务正在执行......
[2024-02-22 17:01:45:813] [this=0xc7f850: Thread ID=13105480]CMGMediaEngine::ClenaCmd  事务ID为:0 的任务正在执行......
[2024-02-22 17:01:46:814] [this=0xc7f850: Thread ID=13105480]CMGMediaEngine::ClenaCmd  事务ID为:0 的任务正在执行......
[2024-02-22 17:01:47:814] [this=0xc7f850: Thread ID=13105480]CMGMediaEngine::ClenaCmd  事务ID为:0 的任务正在执行......
[2024-02-22 17:01:48:426] [this=0xc81530: Thread ID=13152936: dataIndex=0]CManipulator::process 任务数量:1
[2024-02-22 17:01:48:427] [this=0xced1f8: Thread ID=13554800: dataIndex=0]CPushRtsp::process 推流线程正在工作......
[2024-02-22 17:01:48:814] [this=0xc7f850: Thread ID=13105480]CMGMediaEngine::ClenaCmd  事务ID为:0 的任务正在执行......
[2024-02-22 17:01:49:815] [this=0xc7f850: Thread ID=13105480]CMGMediaEngine::ClenaCmd  事务ID为:0 的任务正在执行......
[2024-02-22 17:01:50:817] [this=0xc7f850: Thread ID=13105480]CMGMediaEngine::ClenaCmd  事务ID为:0 的任务正在执行......
[2024-02-22 17:01:51:820] [this=0xc7f850: Thread ID=13105480]CMGMediaEngine::ClenaCmd  事务ID为:0 的任务正在执行......
[2024-02-22 17:01:52:820] [this=0xc7f850: Thread ID=13105480]CMGMediaEngine::ClenaCmd  事务ID为:0 的任务正在执行......
[2024-02-22 17:01:53:427] [this=0xc7f850: Thread ID=13105480]CMGMediaEngine::ClenaCmd CCommandManager任务队列有1个任务
[2024-02-22 17:01:53:822] [this=0xc7f850: Thread ID=13105480]CMGMediaEngine::ClenaCmd  事务ID为:0 的任务正在执行......
[2024-02-22 17:01:54:826] [this=0xc7f850: Thread ID=13105480]CMGMediaEngine::ClenaCmd  事务ID为:0 的任务正在执行......
[2024-02-22 17:01:55:828] [this=0xc7f850: Thread ID=13105480]CMGMediaEngine::ClenaCmd  事务ID为:0 的任务正在执行......
[2024-02-22 17:01:56:833] [this=0xc7f850: Thread ID=13105480]CMGMediaEngine::ClenaCmd  事务ID为:0 的任务正在执行......
[2024-02-22 17:01:57:835] [this=0xc7f850: Thread ID=13105480]CMGMediaEngine::ClenaCmd  事务ID为:0 的任务正在执行......
[2024-02-22 17:01:58:428] [this=0xc7f850: Thread ID=13105480]CMGMediaEngine::ClenaCmd CCommandManager任务队列有1个任务
[2024-02-22 17:01:58:429] [this=0xced1f8: Thread ID=13554800: dataIndex=0]CPushRtsp::process 推流线程正在工作......
[2024-02-22 17:01:58:836] [this=0xc7f850: Thread ID=13105480]CMGMediaEngine::ClenaCmd  事务ID为:0 的任务正在执行......
[2024-02-22 17:01:59:837] [this=0xc7f850: Thread ID=13105480]CMGMediaEngine::ClenaCmd  事务ID为:0 的任务正在执行......
[2024-02-22 17:02:00:838] [this=0xc7f850: Thread ID=13105480]CMGMediaEngine::ClenaCmd  事务ID为:0 的任务正在执行......
[2024-02-22 17:02:01:838] [this=0xc7f850: Thread ID=13105480]CMGMediaEngine::ClenaCmd  事务ID为:0 的任务正在执行......
[2024-02-22 17:02:02:840] [this=0xc7f850: Thread ID=13105480]CMGMediaEngine::ClenaCmd  事务ID为:0 的任务正在执行......
[2024-02-22 17:02:03:430] [this=0xc81530: Thread ID=13152936: dataIndex=0]CManipulator::process 任务数量:1
[2024-02-22 17:02:03:843] [this=0xc7f850: Thread ID=13105480]CMGMediaEngine::ClenaCmd  事务ID为:0 的任务正在执行......
[2024-02-22 17:02:04:844] [this=0xc7f850: Thread ID=13105480]CMGMediaEngine::ClenaCmd  事务ID为:0 的任务正在执行......
[2024-02-22 17:02:05:848] [this=0xc7f850: Thread ID=13105480]CMGMediaEngine::ClenaCmd  事务ID为:0 的任务正在执行......
[2024-02-22 17:02:06:852] [this=0xc7f850: Thread ID=13105480]CMGMediaEngine::ClenaCmd  事务ID为:0 的任务正在执行......
[2024-02-22 17:02:07:852] [this=0xc7f850: Thread ID=13105480]CMGMediaEngine::ClenaCmd  事务ID为:0 的任务正在执行......
[2024-02-22 17:02:08:430] [this=0xc7f850: Thread ID=13105480]CMGMediaEngine::ClenaCmd CCommandManager任务队列有1个任务
[2024-02-22 17:02:08:431] [this=0xc81530: Thread ID=13152936: dataIndex=0]CManipulator::process 任务数量:1
[2024-02-22 17:02:08:852] [this=0xc7f850: Thread ID=13105480]CMGMediaEngine::ClenaCmd  事务ID为:0 的任务正在执行......
[2024-02-22 17:02:09:856] [this=0xc7f850: Thread ID=13105480]CMGMediaEngine::ClenaCmd  事务ID为:0 的任务正在执行......
[2024-02-22 17:02:10:857] [this=0xc7f850: Thread ID=13105480]CMGMediaEngine::ClenaCmd  事务ID为:0 的任务正在执行......
[2024-02-22 17:02:11:858] [this=0xc7f850: Thread ID=13105480]CMGMediaEngine::ClenaCmd  事务ID为:0 的任务正在执行......
[2024-02-22 17:02:12:861] [this=0xc7f850: Thread ID=13105480]CMGMediaEngine::ClenaCmd  事务ID为:0 的任务正在执行......
[2024-02-22 17:02:13:429] [this=0xc7f850: Thread ID=13105480]CMGMediaEngine::ClenaCmd CCommandManager任务队列有1个任务
[2024-02-22 17:02:13:429] [this=0xc81530: Thread ID=13152936: dataIndex=0]CManipulator::process 任务数量:1
[2024-02-22 17:02:13:862] [this=0xc7f850: Thread ID=13105480]CMGMediaEngine::ClenaCmd  事务ID为:0 的任务正在执行......
[2024-02-22 17:02:14:864] [this=0xc7f850: Thread ID=13105480]CMGMediaEngine::ClenaCmd  事务ID为:0 的任务正在执行......
[2024-02-22 17:02:15:867] [this=0xc7f850: Thread ID=13105480]CMGMediaEngine::ClenaCmd  事务ID为:0 的任务正在执行......
[2024-02-22 17:02:16:869] [this=0xc7f850: Thread ID=13105480]CMGMediaEngine::ClenaCmd  事务ID为:0 的任务正在执行......
[2024-02-22 17:02:17:872] [this=0xc7f850: Thread ID=13105480]CMGMediaEngine::ClenaCmd  事务ID为:0 的任务正在执行......
[2024-02-22 17:02:18:429] [this=0xc7f850: Thread ID=13105480]CMGMediaEngine::ClenaCmd CCommandManager任务队列有1个任务
[2024-02-22 17:02:18:874] [this=0xc7f850: Thread ID=13105480]CMGMediaEngine::ClenaCmd  事务ID为:0 的任务正在执行......
[2024-02-22 17:02:19:878] [this=0xc7f850: Thread ID=13105480]CMGMediaEngine::ClenaCmd  事务ID为:0 的任务正在执行......
[2024-02-22 17:02:20:882] [this=0xc7f850: Thread ID=13105480]CMGMediaEngine::ClenaCmd  事务ID为:0 的任务正在执行......
[2024-02-22 17:02:21:885] [this=0xc7f850: Thread ID=13105480]CMGMediaEngine::ClenaCmd  事务ID为:0 的任务正在执行......
[2024-02-22 17:02:22:886] [this=0xc7f850: Thread ID=13105480]CMGMediaEngine::ClenaCmd  事务ID为:0 的任务正在执行......
[2024-02-22 17:02:23:429] [this=0xc7f850: Thread ID=13105480]CMGMediaEngine::ClenaCmd CCommandManager任务队列有1个任务
[2024-02-22 17:02:23:432] [this=0xc81530: Thread ID=13152936: dataIndex=0]CManipulator::process 任务数量:1
[2024-02-22 17:02:23:430] [this=0xced1f8: Thread ID=13554800: dataIndex=0]CPushRtsp::process 推流线程正在工作......
[2024-02-22 17:02:23:889] [this=0xc7f850: Thread ID=13105480]CMGMediaEngine::ClenaCmd  事务ID为:0 的任务正在执行......
[2024-02-22 17:02:24:891] [this=0xc7f850: Thread ID=13105480]CMGMediaEngine::ClenaCmd  事务ID为:0 的任务正在执行......
[2024-02-22 17:02:25:895] [this=0xc7f850: Thread ID=13105480]CMGMediaEngine::ClenaCmd  事务ID为:0 的任务正在执行......
[2024-02-22 17:02:26:898] [this=0xc7f850: Thread ID=13105480]CMGMediaEngine::ClenaCmd  事务ID为:0 的任务正在执行......
[2024-02-22 17:02:27:900] [this=0xc7f850: Thread ID=13105480]CMGMediaEngine::ClenaCmd  事务ID为:0 的任务正在执行......
[2024-02-22 17:02:28:430] [this=0xced1f8: Thread ID=13554800: dataIndex=0]CPushRtsp::process 推流线程正在工作......
[2024-02-22 17:02:28:904] [this=0xc7f850: Thread ID=13105480]CMGMediaEngine::ClenaCmd  事务ID为:0 的任务正在执行......
[2024-02-22 17:02:29:908] [this=0xc7f850: Thread ID=13105480]CMGMediaEngine::ClenaCmd  事务ID为:0 的任务正在执行......
[2024-02-22 17:02:30:909] [this=0xc7f850: Thread ID=13105480]CMGMediaEngine::ClenaCmd  事务ID为:0 的任务正在执行......
[2024-02-22 17:02:31:910] [this=0xc7f850: Thread ID=13105480]CMGMediaEngine::ClenaCmd  事务ID为:0 的任务正在执行......
[2024-02-22 17:02:32:911] [this=0xc7f850: Thread ID=13105480]CMGMediaEngine::ClenaCmd  事务ID为:0 的任务正在执行......
[2024-02-22 17:02:33:432] [this=0xc81530: Thread ID=13152936: dataIndex=0]CManipulator::process 任务数量:1
[2024-02-22 17:02:33:915] [this=0xc7f850: Thread ID=13105480]CMGMediaEngine::ClenaCmd  事务ID为:0 的任务正在执行......
[2024-02-22 17:02:34:918] [this=0xc7f850: Thread ID=13105480]CMGMediaEngine::ClenaCmd  事务ID为:0 的任务正在执行......
[2024-02-22 17:02:35:923] [this=0xc7f850: Thread ID=13105480]CMGMediaEngine::ClenaCmd  事务ID为:0 的任务正在执行......
[2024-02-22 17:02:36:926] [this=0xc7f850: Thread ID=13105480]CMGMediaEngine::ClenaCmd  事务ID为:0 的任务正在执行......
[2024-02-22 17:02:37:928] [this=0xc7f850: Thread ID=13105480]CMGMediaEngine::ClenaCmd  事务ID为:0 的任务正在执行......
[2024-02-22 17:02:38:434] [this=0xced1f8: Thread ID=13554800: dataIndex=0]CPushRtsp::process 推流线程正在工作......
[2024-02-22 17:02:38:929] [this=0xc7f850: Thread ID=13105480]CMGMediaEngine::ClenaCmd  事务ID为:0 的任务正在执行......
[2024-02-22 17:02:39:931] [this=0xc7f850: Thread ID=13105480]CMGMediaEngine::ClenaCmd  事务ID为:0 的任务正在执行......
[2024-02-22 17:02:40:932] [this=0xc7f850: Thread ID=13105480]CMGMediaEngine::ClenaCmd  事务ID为:0 的任务正在执行......
[2024-02-22 17:02:41:935] [this=0xc7f850: Thread ID=13105480]CMGMediaEngine::ClenaCmd  事务ID为:0 的任务正在执行......
[2024-02-22 17:02:42:935] [this=0xc7f850: Thread ID=13105480]CMGMediaEngine::ClenaCmd  事务ID为:0 的任务正在执行......
[2024-02-22 17:02:43:435] [this=0xc81530: Thread ID=13152936: dataIndex=0]CManipulator::process 任务数量:1
[2024-02-22 17:02:43:938] [this=0xc7f850: Thread ID=13105480]CMGMediaEngine::ClenaCmd  事务ID为:0 的任务正在执行......
[2024-02-22 17:02:44:941] [this=0xc7f850: Thread ID=13105480]CMGMediaEngine::ClenaCmd  事务ID为:0 的任务正在执行......
[2024-02-22 17:02:45:943] [this=0xc7f850: Thread ID=13105480]CMGMediaEngine::ClenaCmd  事务ID为:0 的任务正在执行......
[2024-02-22 17:02:46:944] [this=0xc7f850: Thread ID=13105480]CMGMediaEngine::ClenaCmd  事务ID为:0 的任务正在执行......
[2024-02-22 17:02:47:947] [this=0xc7f850: Thread ID=13105480]CMGMediaEngine::ClenaCmd  事务ID为:0 的任务正在执行......
[2024-02-22 17:02:48:437] [this=0xced1f8: Thread ID=13554800: dataIndex=0]CPushRtsp::process 推流线程正在工作......
[2024-02-22 17:02:48:949] [this=0xc7f850: Thread ID=13105480]CMGMediaEngine::ClenaCmd  事务ID为:0 的任务正在执行......
[2024-02-22 17:02:49:953] [this=0xc7f850: Thread ID=13105480]CMGMediaEngine::ClenaCmd  事务ID为:0 的任务正在执行......
[2024-02-22 17:02:50:954] [this=0xc7f850: Thread ID=13105480]CMGMediaEngine::ClenaCmd  事务ID为:0 的任务正在执行......
[2024-02-22 17:02:51:955] [this=0xc7f850: Thread ID=13105480]CMGMediaEngine::ClenaCmd  事务ID为:0 的任务正在执行......
[2024-02-22 17:02:52:957] [this=0xc7f850: Thread ID=13105480]CMGMediaEngine::ClenaCmd  事务ID为:0 的任务正在执行......
[2024-02-22 17:02:53:436] [this=0xc7f850: Thread ID=13105480]CMGMediaEngine::ClenaCmd CCommandManager任务队列有1个任务
[2024-02-22 17:02:53:958] [this=0xc7f850: Thread ID=13105480]CMGMediaEngine::ClenaCmd  事务ID为:0 的任务正在执行......
[2024-02-22 17:02:54:959] [this=0xc7f850: Thread ID=13105480]CMGMediaEngine::ClenaCmd  事务ID为:0 的任务正在执行......
[2024-02-22 17:02:55:959] [this=0xc7f850: Thread ID=13105480]CMGMediaEngine::ClenaCmd  事务ID为:0 的任务正在执行......
[2024-02-22 17:02:56:963] [this=0xc7f850: Thread ID=13105480]CMGMediaEngine::ClenaCmd  事务ID为:0 的任务正在执行......
[2024-02-22 17:02:57:965] [this=0xc7f850: Thread ID=13105480]CMGMediaEngine::ClenaCmd  事务ID为:0 的任务正在执行......
[2024-02-22 17:02:58:440] [this=0xc7f850: Thread ID=13105480]CMGMediaEngine::ClenaCmd CCommandManager任务队列有1个任务
[2024-02-22 17:02:58:968] [this=0xc7f850: Thread ID=13105480]CMGMediaEngine::ClenaCmd  事务ID为:0 的任务正在执行......
[2024-02-22 17:02:59:968] [this=0xc7f850: Thread ID=13105480]CMGMediaEngine::ClenaCmd  事务ID为:0 的任务正在执行......
[2024-02-22 17:03:00:970] [this=0xc7f850: Thread ID=13105480]CMGMediaEngine::ClenaCmd  事务ID为:0 的任务正在执行......
[2024-02-22 17:03:01:974] [this=0xc7f850: Thread ID=13105480]CMGMediaEngine::ClenaCmd  事务ID为:0 的任务正在执行......
[2024-02-22 17:03:02:980] [this=0xc7f850: Thread ID=13105480]CMGMediaEngine::ClenaCmd  事务ID为:0 的任务正在执行......
[2024-02-22 17:03:03:440] [this=0xc7f850: Thread ID=13105480]CMGMediaEngine::ClenaCmd CCommandManager任务队列有1个任务
[2024-02-22 17:03:03:982] [this=0xc7f850: Thread ID=13105480]CMGMediaEngine::ClenaCmd  事务ID为:0 的任务正在执行......
[2024-02-22 17:03:04:982] [this=0xc7f850: Thread ID=13105480]CMGMediaEngine::ClenaCmd  事务ID为:0 的任务正在执行......
[2024-02-22 17:03:05:987] [this=0xc7f850: Thread ID=13105480]CMGMediaEngine::ClenaCmd  事务ID为:0 的任务正在执行......
[2024-02-22 17:03:06:989] [this=0xc7f850: Thread ID=13105480]CMGMediaEngine::ClenaCmd  事务ID为:0 的任务正在执行......
[2024-02-22 17:03:07:989] [this=0xc7f850: Thread ID=13105480]CMGMediaEngine::ClenaCmd  事务ID为:0 的任务正在执行......
[2024-02-22 17:03:08:441] [this=0xc7f850: Thread ID=13105480]CMGMediaEngine::ClenaCmd CCommandManager任务队列有1个任务
[2024-02-22 17:03:08:441] [this=0xc81530: Thread ID=13152936: dataIndex=0]CManipulator::process 任务数量:1
[2024-02-22 17:03:08:992] [this=0xc7f850: Thread ID=13105480]CMGMediaEngine::ClenaCmd  事务ID为:0 的任务正在执行......
[2024-02-22 17:03:09:992] [this=0xc7f850: Thread ID=13105480]CMGMediaEngine::ClenaCmd  事务ID为:0 的任务正在执行......
[2024-02-22 17:03:10:997] [this=0xc7f850: Thread ID=13105480]CMGMediaEngine::ClenaCmd  事务ID为:0 的任务正在执行......
[2024-02-22 17:03:12:001] [this=0xc7f850: Thread ID=13105480]CMGMediaEngine::ClenaCmd  事务ID为:0 的任务正在执行......
[2024-02-22 17:03:13:001] [this=0xc7f850: Thread ID=13105480]CMGMediaEngine::ClenaCmd  事务ID为:0 的任务正在执行......
[2024-02-22 17:03:13:440] [this=0xc7f850: Thread ID=13105480]CMGMediaEngine::ClenaCmd CCommandManager任务队列有1个任务
[2024-02-22 17:03:14:005] [this=0xc7f850: Thread ID=13105480]CMGMediaEngine::ClenaCmd  事务ID为:0 的任务正在执行......
[2024-02-22 17:03:15:010] [this=0xc7f850: Thread ID=13105480]CMGMediaEngine::ClenaCmd  事务ID为:0 的任务正在执行......
[2024-02-22 17:03:16:013] [this=0xc7f850: Thread ID=13105480]CMGMediaEngine::ClenaCmd  事务ID为:0 的任务正在执行......
[2024-02-22 17:03:17:014] [this=0xc7f850: Thread ID=13105480]CMGMediaEngine::ClenaCmd  事务ID为:0 的任务正在执行......
[2024-02-22 17:03:18:019] [this=0xc7f850: Thread ID=13105480]CMGMediaEngine::ClenaCmd  事务ID为:0 的任务正在执行......
[2024-02-22 17:03:18:440] [this=0xc7f850: Thread ID=13105480]CMGMediaEngine::ClenaCmd CCommandManager任务队列有1个任务
[2024-02-22 17:03:18:444] [this=0xc81530: Thread ID=13152936: dataIndex=0]CManipulator::process 任务数量:1
[2024-02-22 17:03:18:443] [this=0xced1f8: Thread ID=13554800: dataIndex=0]CPushRtsp::process 推流线程正在工作......
[2024-02-22 17:03:19:018] [this=0xc7f850: Thread ID=13105480]CMGMediaEngine::ClenaCmd  事务ID为:0 的任务正在执行......
[2024-02-22 17:03:20:019] [this=0xc7f850: Thread ID=13105480]CMGMediaEngine::ClenaCmd  事务ID为:0 的任务正在执行......
[2024-02-22 17:03:21:023] [this=0xc7f850: Thread ID=13105480]CMGMediaEngine::ClenaCmd  事务ID为:0 的任务正在执行......
[2024-02-22 17:03:22:023] [this=0xc7f850: Thread ID=13105480]CMGMediaEngine::ClenaCmd  事务ID为:0 的任务正在执行......
[2024-02-22 17:03:23:028] [this=0xc7f850: Thread ID=13105480]CMGMediaEngine::ClenaCmd  事务ID为:0 的任务正在执行......
[2024-02-22 17:03:23:444] [this=0xc7f850: Thread ID=13105480]CMGMediaEngine::ClenaCmd CCommandManager任务队列有1个任务
[2024-02-22 17:03:24:032] [this=0xc7f850: Thread ID=13105480]CMGMediaEngine::ClenaCmd  事务ID为:0 的任务正在执行......
[2024-02-22 17:03:25:033] [this=0xc7f850: Thread ID=13105480]CMGMediaEngine::ClenaCmd  事务ID为:0 的任务正在执行......
[2024-02-22 17:03:26:035] [this=0xc7f850: Thread ID=13105480]CMGMediaEngine::ClenaCmd  事务ID为:0 的任务正在执行......
[2024-02-22 17:03:27:039] [this=0xc7f850: Thread ID=13105480]CMGMediaEngine::ClenaCmd  事务ID为:0 的任务正在执行......
[2024-02-22 17:03:28:040] [this=0xc7f850: Thread ID=13105480]CMGMediaEngine::ClenaCmd  事务ID为:0 的任务正在执行......
[2024-02-22 17:03:28:446] [this=0xc7f850: Thread ID=13105480]CMGMediaEngine::ClenaCmd CCommandManager任务队列有1个任务
[2024-02-22 17:03:29:044] [this=0xc7f850: Thread ID=13105480]CMGMediaEngine::ClenaCmd  事务ID为:0 的任务正在执行......
[2024-02-22 17:03:30:046] [this=0xc7f850: Thread ID=13105480]CMGMediaEngine::ClenaCmd  事务ID为:0 的任务正在执行......
[2024-02-22 17:03:31:048] [this=0xc7f850: Thread ID=13105480]CMGMediaEngine::ClenaCmd  事务ID为:0 的任务正在执行......
[2024-02-22 17:03:32:048] [this=0xc7f850: Thread ID=13105480]CMGMediaEngine::ClenaCmd  事务ID为:0 的任务正在执行......
[2024-02-22 17:03:33:052] [this=0xc7f850: Thread ID=13105480]CMGMediaEngine::ClenaCmd  事务ID为:0 的任务正在执行......
[2024-02-22 17:03:33:447] [this=0xc7f850: Thread ID=13105480]CMGMediaEngine::ClenaCmd CCommandManager任务队列有1个任务
[2024-02-22 17:03:34:053] [this=0xc7f850: Thread ID=13105480]CMGMediaEngine::ClenaCmd  事务ID为:0 的任务正在执行......
[2024-02-22 17:03:35:057] [this=0xc7f850: Thread ID=13105480]CMGMediaEngine::ClenaCmd  事务ID为:0 的任务正在执行......
[2024-02-22 17:03:36:061] [this=0xc7f850: Thread ID=13105480]CMGMediaEngine::ClenaCmd  事务ID为:0 的任务正在执行......
[2024-02-22 17:03:37:065] [this=0xc7f850: Thread ID=13105480]CMGMediaEngine::ClenaCmd  事务ID为:0 的任务正在执行......
[2024-02-22 17:03:38:065] [this=0xc7f850: Thread ID=13105480]CMGMediaEngine::ClenaCmd  事务ID为:0 的任务正在执行......
[2024-02-22 17:03:38:448] [this=0xc7f850: Thread ID=13105480]CMGMediaEngine::ClenaCmd CCommandManager任务队列有1个任务
[2024-02-22 17:03:39:068] [this=0xc7f850: Thread ID=13105480]CMGMediaEngine::ClenaCmd  事务ID为:0 的任务正在执行......
[2024-02-22 17:03:40:072] [this=0xc7f850: Thread ID=13105480]CMGMediaEngine::ClenaCmd  事务ID为:0 的任务正在执行......
[2024-02-22 17:03:41:072] [this=0xc7f850: Thread ID=13105480]CMGMediaEngine::ClenaCmd  事务ID为:0 的任务正在执行......
[2024-02-22 17:03:42:074] [this=0xc7f850: Thread ID=13105480]CMGMediaEngine::ClenaCmd  事务ID为:0 的任务正在执行......
[2024-02-22 17:03:43:075] [this=0xc7f850: Thread ID=13105480]CMGMediaEngine::ClenaCmd  事务ID为:0 的任务正在执行......
[2024-02-22 17:03:43:452] [this=0xced1f8: Thread ID=13554800: dataIndex=0]CPushRtsp::process 推流线程正在工作......
[2024-02-22 17:03:44:076] [this=0xc7f850: Thread ID=13105480]CMGMediaEngine::ClenaCmd  事务ID为:0 的任务正在执行......
[2024-02-22 17:03:45:078] [this=0xc7f850: Thread ID=13105480]CMGMediaEngine::ClenaCmd  事务ID为:0 的任务正在执行......
[2024-02-22 17:03:46:079] [this=0xc7f850: Thread ID=13105480]CMGMediaEngine::ClenaCmd  事务ID为:0 的任务正在执行......
[2024-02-22 17:03:47:085] [this=0xc7f850: Thread ID=13105480]CMGMediaEngine::ClenaCmd  事务ID为:0 的任务正在执行......
[2024-02-22 17:03:48:088] [this=0xc7f850: Thread ID=13105480]CMGMediaEngine::ClenaCmd  事务ID为:0 的任务正在执行......
[2024-02-22 17:03:48:449] [this=0xc7f850: Thread ID=13105480]CMGMediaEngine::ClenaCmd CCommandManager任务队列有1个任务
[2024-02-22 17:03:49:093] [this=0xc7f850: Thread ID=13105480]CMGMediaEngine::ClenaCmd  事务ID为:0 的任务正在执行......
[2024-02-22 17:03:50:093] [this=0xc7f850: Thread ID=13105480]CMGMediaEngine::ClenaCmd  事务ID为:0 的任务正在执行......
[2024-02-22 17:03:51:097] [this=0xc7f850: Thread ID=13105480]CMGMediaEngine::ClenaCmd  事务ID为:0 的任务正在执行......
[2024-02-22 17:03:52:097] [this=0xc7f850: Thread ID=13105480]CMGMediaEngine::ClenaCmd  事务ID为:0 的任务正在执行......
[2024-02-22 17:03:53:099] [this=0xc7f850: Thread ID=13105480]CMGMediaEngine::ClenaCmd  事务ID为:0 的任务正在执行......
[2024-02-22 17:03:53:453] [this=0xc81530: Thread ID=13152936: dataIndex=0]CManipulator::process 任务数量:1
[2024-02-22 17:03:54:104] [this=0xc7f850: Thread ID=13105480]CMGMediaEngine::ClenaCmd  事务ID为:0 的任务正在执行......
[2024-02-22 17:03:55:104] [this=0xc7f850: Thread ID=13105480]CMGMediaEngine::ClenaCmd  事务ID为:0 的任务正在执行......
[2024-02-22 17:03:56:107] [this=0xc7f850: Thread ID=13105480]CMGMediaEngine::ClenaCmd  事务ID为:0 的任务正在执行......
[2024-02-22 17:03:57:109] [this=0xc7f850: Thread ID=13105480]CMGMediaEngine::ClenaCmd  事务ID为:0 的任务正在执行......
[2024-02-22 17:03:58:112] [this=0xc7f850: Thread ID=13105480]CMGMediaEngine::ClenaCmd  事务ID为:0 的任务正在执行......
[2024-02-22 17:03:58:453] [this=0xc7f850: Thread ID=13105480]CMGMediaEngine::ClenaCmd CCommandManager任务队列有1个任务
[2024-02-22 17:03:59:114] [this=0xc7f850: Thread ID=13105480]CMGMediaEngine::ClenaCmd  事务ID为:0 的任务正在执行......
[2024-02-22 17:04:00:117] [this=0xc7f850: Thread ID=13105480]CMGMediaEngine::ClenaCmd  事务ID为:0 的任务正在执行......
[2024-02-22 17:04:01:118] [this=0xc7f850: Thread ID=13105480]CMGMediaEngine::ClenaCmd  事务ID为:0 的任务正在执行......
[2024-02-22 17:04:02:119] [this=0xc7f850: Thread ID=13105480]CMGMediaEngine::ClenaCmd  事务ID为:0 的任务正在执行......
[2024-02-22 17:04:03:122] [this=0xc7f850: Thread ID=13105480]CMGMediaEngine::ClenaCmd  事务ID为:0 的任务正在执行......
[2024-02-22 17:04:03:457] [this=0xc7f850: Thread ID=13105480]CMGMediaEngine::ClenaCmd CCommandManager任务队列有1个任务
[2024-02-22 17:04:04:123] [this=0xc7f850: Thread ID=13105480]CMGMediaEngine::ClenaCmd  事务ID为:0 的任务正在执行......
[2024-02-22 17:04:05:127] [this=0xc7f850: Thread ID=13105480]CMGMediaEngine::ClenaCmd  事务ID为:0 的任务正在执行......
[2024-02-22 17:04:06:127] [this=0xc7f850: Thread ID=13105480]CMGMediaEngine::ClenaCmd  事务ID为:0 的任务正在执行......
[2024-02-22 17:04:07:130] [this=0xc7f850: Thread ID=13105480]CMGMediaEngine::ClenaCmd  事务ID为:0 的任务正在执行......
[2024-02-22 17:04:08:134] [this=0xc7f850: Thread ID=13105480]CMGMediaEngine::ClenaCmd  事务ID为:0 的任务正在执行......
[2024-02-22 17:04:08:458] [this=0xc81530: Thread ID=13152936: dataIndex=0]CManipulator::process 任务数量:1
[2024-02-22 17:04:09:136] [this=0xc7f850: Thread ID=13105480]CMGMediaEngine::ClenaCmd  事务ID为:0 的任务正在执行......
[2024-02-22 17:04:10:138] [this=0xc7f850: Thread ID=13105480]CMGMediaEngine::ClenaCmd  事务ID为:0 的任务正在执行......
[2024-02-22 17:04:11:138] [this=0xc7f850: Thread ID=13105480]CMGMediaEngine::ClenaCmd  事务ID为:0 的任务正在执行......
[2024-02-22 17:04:12:139] [this=0xc7f850: Thread ID=13105480]CMGMediaEngine::ClenaCmd  事务ID为:0 的任务正在执行......
[2024-02-22 17:04:13:142] [this=0xc7f850: Thread ID=13105480]CMGMediaEngine::ClenaCmd  事务ID为:0 的任务正在执行......
[2024-02-22 17:04:13:463] [this=0xc81530: Thread ID=13152936: dataIndex=0]CManipulator::process 任务数量:1
[2024-02-22 17:04:13:462] [this=0xc7f850: Thread ID=13105480]CMGMediaEngine::ClenaCmd CCommandManager任务队列有1个任务
[2024-02-22 17:04:14:146] [this=0xc7f850: Thread ID=13105480]CMGMediaEngine::ClenaCmd  事务ID为:0 的任务正在执行......
[2024-02-22 17:04:15:149] [this=0xc7f850: Thread ID=13105480]CMGMediaEngine::ClenaCmd  事务ID为:0 的任务正在执行......
[2024-02-22 17:04:16:151] [this=0xc7f850: Thread ID=13105480]CMGMediaEngine::ClenaCmd  事务ID为:0 的任务正在执行......
[2024-02-22 17:04:17:155] [this=0xc7f850: Thread ID=13105480]CMGMediaEngine::ClenaCmd  事务ID为:0 的任务正在执行......
[2024-02-22 17:04:18:157] [this=0xc7f850: Thread ID=13105480]CMGMediaEngine::ClenaCmd  事务ID为:0 的任务正在执行......
[2024-02-22 17:04:18:463] [this=0xc81530: Thread ID=13152936: dataIndex=0]CManipulator::process 任务数量:1
[2024-02-22 17:04:18:463] [this=0xced1f8: Thread ID=13554800: dataIndex=0]CPushRtsp::process 推流线程正在工作......
[2024-02-22 17:04:19:157] [this=0xc7f850: Thread ID=13105480]CMGMediaEngine::ClenaCmd  事务ID为:0 的任务正在执行......
[2024-02-22 17:04:20:158] [this=0xc7f850: Thread ID=13105480]CMGMediaEngine::ClenaCmd  事务ID为:0 的任务正在执行......
[2024-02-22 17:04:21:162] [this=0xc7f850: Thread ID=13105480]CMGMediaEngine::ClenaCmd  事务ID为:0 的任务正在执行......
[2024-02-22 17:04:22:164] [this=0xc7f850: Thread ID=13105480]CMGMediaEngine::ClenaCmd  事务ID为:0 的任务正在执行......
[2024-02-22 17:04:23:164] [this=0xc7f850: Thread ID=13105480]CMGMediaEngine::ClenaCmd  事务ID为:0 的任务正在执行......
[2024-02-22 17:04:23:465] [this=0xced1f8: Thread ID=13554800: dataIndex=0]CPushRtsp::process 推流线程正在工作......
[2024-02-22 17:04:24:166] [this=0xc7f850: Thread ID=13105480]CMGMediaEngine::ClenaCmd  事务ID为:0 的任务正在执行......
[2024-02-22 17:04:25:169] [this=0xc7f850: Thread ID=13105480]CMGMediaEngine::ClenaCmd  事务ID为:0 的任务正在执行......
[2024-02-22 17:04:26:171] [this=0xc7f850: Thread ID=13105480]CMGMediaEngine::ClenaCmd  事务ID为:0 的任务正在执行......
[2024-02-22 17:04:27:175] [this=0xc7f850: Thread ID=13105480]CMGMediaEngine::ClenaCmd  事务ID为:0 的任务正在执行......
[2024-02-22 17:04:28:179] [this=0xc7f850: Thread ID=13105480]CMGMediaEngine::ClenaCmd  事务ID为:0 的任务正在执行......
[2024-02-22 17:04:28:466] [this=0xc7f850: Thread ID=13105480]CMGMediaEngine::ClenaCmd CCommandManager任务队列有1个任务
[2024-02-22 17:04:28:467] [this=0xced1f8: Thread ID=13554800: dataIndex=0]CPushRtsp::process 推流线程正在工作......
[2024-02-22 17:04:28:467] [this=0xc81530: Thread ID=13152936: dataIndex=0]CManipulator::process 任务数量:1
[2024-02-22 17:04:29:179] [this=0xc7f850: Thread ID=13105480]CMGMediaEngine::ClenaCmd  事务ID为:0 的任务正在执行......
[2024-02-22 17:04:30:181] [this=0xc7f850: Thread ID=13105480]CMGMediaEngine::ClenaCmd  事务ID为:0 的任务正在执行......
[2024-02-22 17:04:31:182] [this=0xc7f850: Thread ID=13105480]CMGMediaEngine::ClenaCmd  事务ID为:0 的任务正在执行......
[2024-02-22 17:04:32:187] [this=0xc7f850: Thread ID=13105480]CMGMediaEngine::ClenaCmd  事务ID为:0 的任务正在执行......
[2024-02-22 17:04:33:191] [this=0xc7f850: Thread ID=13105480]CMGMediaEngine::ClenaCmd  事务ID为:0 的任务正在执行......
[2024-02-22 17:04:33:468] [this=0xc7f850: Thread ID=13105480]CMGMediaEngine::ClenaCmd CCommandManager任务队列有1个任务
[2024-02-22 17:04:33:468] [this=0xced1f8: Thread ID=13554800: dataIndex=0]CPushRtsp::process 推流线程正在工作......
[2024-02-22 17:04:34:193] [this=0xc7f850: Thread ID=13105480]CMGMediaEngine::ClenaCmd  事务ID为:0 的任务正在执行......
[2024-02-22 17:04:35:196] [this=0xc7f850: Thread ID=13105480]CMGMediaEngine::ClenaCmd  事务ID为:0 的任务正在执行......
[2024-02-22 17:04:36:198] [this=0xc7f850: Thread ID=13105480]CMGMediaEngine::ClenaCmd  事务ID为:0 的任务正在执行......
[2024-02-22 17:04:37:202] [this=0xc7f850: Thread ID=13105480]CMGMediaEngine::ClenaCmd  事务ID为:0 的任务正在执行......
[2024-02-22 17:04:38:203] [this=0xc7f850: Thread ID=13105480]CMGMediaEngine::ClenaCmd  事务ID为:0 的任务正在执行......
[2024-02-22 17:04:38:467] [this=0xc7f850: Thread ID=13105480]CMGMediaEngine::ClenaCmd CCommandManager任务队列有1个任务
[2024-02-22 17:04:38:468] [this=0xced1f8: Thread ID=13554800: dataIndex=0]CPushRtsp::process 推流线程正在工作......
[2024-02-22 17:04:38:468] [this=0xc81530: Thread ID=13152936: dataIndex=0]CManipulator::process 任务数量:1
[2024-02-22 17:04:39:204] [this=0xc7f850: Thread ID=13105480]CMGMediaEngine::ClenaCmd  事务ID为:0 的任务正在执行......
[2024-02-22 17:04:40:209] [this=0xc7f850: Thread ID=13105480]CMGMediaEngine::ClenaCmd  事务ID为:0 的任务正在执行......
[2024-02-22 17:04:41:211] [this=0xc7f850: Thread ID=13105480]CMGMediaEngine::ClenaCmd  事务ID为:0 的任务正在执行......
[2024-02-22 17:04:42:212] [this=0xc7f850: Thread ID=13105480]CMGMediaEngine::ClenaCmd  事务ID为:0 的任务正在执行......
[2024-02-22 17:04:43:212] [this=0xc7f850: Thread ID=13105480]CMGMediaEngine::ClenaCmd  事务ID为:0 的任务正在执行......
[2024-02-22 17:04:43:467] [this=0xc7f850: Thread ID=13105480]CMGMediaEngine::ClenaCmd CCommandManager任务队列有1个任务
[2024-02-22 17:04:43:475] [this=0xced1f8: Thread ID=13554800: dataIndex=0]CPushRtsp::process 推流线程正在工作......
[2024-02-22 17:04:43:476] [this=0xc81530: Thread ID=13152936: dataIndex=0]CManipulator::process 任务数量:1
[2024-02-22 17:04:44:216] [this=0xc7f850: Thread ID=13105480]CMGMediaEngine::ClenaCmd  事务ID为:0 的任务正在执行......
[2024-02-22 17:04:45:220] [this=0xc7f850: Thread ID=13105480]CMGMediaEngine::ClenaCmd  事务ID为:0 的任务正在执行......
[2024-02-22 17:04:46:221] [this=0xc7f850: Thread ID=13105480]CMGMediaEngine::ClenaCmd  事务ID为:0 的任务正在执行......
[2024-02-22 17:04:47:221] [this=0xc7f850: Thread ID=13105480]CMGMediaEngine::ClenaCmd  事务ID为:0 的任务正在执行......
[2024-02-22 17:04:48:225] [this=0xc7f850: Thread ID=13105480]CMGMediaEngine::ClenaCmd  事务ID为:0 的任务正在执行......
[2024-02-22 17:04:48:469] [this=0xc81530: Thread ID=13152936: dataIndex=0]CManipulator::process 任务数量:1
[2024-02-22 17:04:49:225] [this=0xc7f850: Thread ID=13105480]CMGMediaEngine::ClenaCmd  事务ID为:0 的任务正在执行......
[2024-02-22 17:04:50:225] [this=0xc7f850: Thread ID=13105480]CMGMediaEngine::ClenaCmd  事务ID为:0 的任务正在执行......
[2024-02-22 17:04:51:225] [this=0xc7f850: Thread ID=13105480]CMGMediaEngine::ClenaCmd  事务ID为:0 的任务正在执行......
[2024-02-22 17:04:52:230] [this=0xc7f850: Thread ID=13105480]CMGMediaEngine::ClenaCmd  事务ID为:0 的任务正在执行......
[2024-02-22 17:04:53:231] [this=0xc7f850: Thread ID=13105480]CMGMediaEngine::ClenaCmd  事务ID为:0 的任务正在执行......
[2024-02-22 17:04:53:469] [this=0xc7f850: Thread ID=13105480]CMGMediaEngine::ClenaCmd CCommandManager任务队列有1个任务
[2024-02-22 17:04:54:231] [this=0xc7f850: Thread ID=13105480]CMGMediaEngine::ClenaCmd  事务ID为:0 的任务正在执行......
[2024-02-22 17:04:55:234] [this=0xc7f850: Thread ID=13105480]CMGMediaEngine::ClenaCmd  事务ID为:0 的任务正在执行......
[2024-02-22 17:04:56:235] [this=0xc7f850: Thread ID=13105480]CMGMediaEngine::ClenaCmd  事务ID为:0 的任务正在执行......
[2024-02-22 17:04:57:235] [this=0xc7f850: Thread ID=13105480]CMGMediaEngine::ClenaCmd  事务ID为:0 的任务正在执行......
[2024-02-22 17:04:58:237] [this=0xc7f850: Thread ID=13105480]CMGMediaEngine::ClenaCmd  事务ID为:0 的任务正在执行......
[2024-02-22 17:04:58:470] [this=0xc7f850: Thread ID=13105480]CMGMediaEngine::ClenaCmd CCommandManager任务队列有1个任务
[2024-02-22 17:04:59:238] [this=0xc7f850: Thread ID=13105480]CMGMediaEngine::ClenaCmd  事务ID为:0 的任务正在执行......
[2024-02-22 17:05:00:240] [this=0xc7f850: Thread ID=13105480]CMGMediaEngine::ClenaCmd  事务ID为:0 的任务正在执行......
[2024-02-22 17:05:01:241] [this=0xc7f850: Thread ID=13105480]CMGMediaEngine::ClenaCmd  事务ID为:0 的任务正在执行......
[2024-02-22 17:05:02:241] [this=0xc7f850: Thread ID=13105480]CMGMediaEngine::ClenaCmd  事务ID为:0 的任务正在执行......
[2024-02-22 17:05:03:245] [this=0xc7f850: Thread ID=13105480]CMGMediaEngine::ClenaCmd  事务ID为:0 的任务正在执行......
[2024-02-22 17:05:03:473] [this=0xced1f8: Thread ID=13554800: dataIndex=0]CPushRtsp::process 推流线程正在工作......
[2024-02-22 17:05:04:247] [this=0xc7f850: Thread ID=13105480]CMGMediaEngine::ClenaCmd  事务ID为:0 的任务正在执行......
[2024-02-22 17:05:05:250] [this=0xc7f850: Thread ID=13105480]CMGMediaEngine::ClenaCmd  事务ID为:0 的任务正在执行......
[2024-02-22 17:05:06:251] [this=0xc7f850: Thread ID=13105480]CMGMediaEngine::ClenaCmd  事务ID为:0 的任务正在执行......
[2024-02-22 17:05:07:252] [this=0xc7f850: Thread ID=13105480]CMGMediaEngine::ClenaCmd  事务ID为:0 的任务正在执行......
[2024-02-22 17:05:08:252] [this=0xc7f850: Thread ID=13105480]CMGMediaEngine::ClenaCmd  事务ID为:0 的任务正在执行......
[2024-02-22 17:05:08:472] [this=0xc7f850: Thread ID=13105480]CMGMediaEngine::ClenaCmd CCommandManager任务队列有1个任务
[2024-02-22 17:05:09:255] [this=0xc7f850: Thread ID=13105480]CMGMediaEngine::ClenaCmd  事务ID为:0 的任务正在执行......
[2024-02-22 17:05:10:255] [this=0xc7f850: Thread ID=13105480]CMGMediaEngine::ClenaCmd  事务ID为:0 的任务正在执行......
[2024-02-22 17:05:11:259] [this=0xc7f850: Thread ID=13105480]CMGMediaEngine::ClenaCmd  事务ID为:0 的任务正在执行......
[2024-02-22 17:05:12:263] [this=0xc7f850: Thread ID=13105480]CMGMediaEngine::ClenaCmd  事务ID为:0 的任务正在执行......
[2024-02-22 17:05:13:271] [this=0xc7f850: Thread ID=13105480]CMGMediaEngine::ClenaCmd  事务ID为:0 的任务正在执行......
[2024-02-22 17:05:13:472] [this=0xc7f850: Thread ID=13105480]CMGMediaEngine::ClenaCmd CCommandManager任务队列有1个任务
[2024-02-22 17:05:14:274] [this=0xc7f850: Thread ID=13105480]CMGMediaEngine::ClenaCmd  事务ID为:0 的任务正在执行......
[2024-02-22 17:05:15:276] [this=0xc7f850: Thread ID=13105480]CMGMediaEngine::ClenaCmd  事务ID为:0 的任务正在执行......
[2024-02-22 17:05:16:279] [this=0xc7f850: Thread ID=13105480]CMGMediaEngine::ClenaCmd  事务ID为:0 的任务正在执行......
[2024-02-22 17:05:17:283] [this=0xc7f850: Thread ID=13105480]CMGMediaEngine::ClenaCmd  事务ID为:0 的任务正在执行......
[2024-02-22 17:05:18:287] [this=0xc7f850: Thread ID=13105480]CMGMediaEngine::ClenaCmd  事务ID为:0 的任务正在执行......
[2024-02-22 17:05:18:473] [this=0xc7f850: Thread ID=13105480]CMGMediaEngine::ClenaCmd CCommandManager任务队列有1个任务
[2024-02-22 17:05:19:289] [this=0xc7f850: Thread ID=13105480]CMGMediaEngine::ClenaCmd  事务ID为:0 的任务正在执行......
[2024-02-22 17:05:20:293] [this=0xc7f850: Thread ID=13105480]CMGMediaEngine::ClenaCmd  事务ID为:0 的任务正在执行......
[2024-02-22 17:05:21:297] [this=0xc7f850: Thread ID=13105480]CMGMediaEngine::ClenaCmd  事务ID为:0 的任务正在执行......
[2024-02-22 17:05:22:303] [this=0xc7f850: Thread ID=13105480]CMGMediaEngine::ClenaCmd  事务ID为:0 的任务正在执行......
[2024-02-22 17:05:23:308] [this=0xc7f850: Thread ID=13105480]CMGMediaEngine::ClenaCmd  事务ID为:0 的任务正在执行......
[2024-02-22 17:05:23:475] [this=0xced1f8: Thread ID=13554800: dataIndex=0]CPushRtsp::process 推流线程正在工作......
[2024-02-22 17:05:24:310] [this=0xc7f850: Thread ID=13105480]CMGMediaEngine::ClenaCmd  事务ID为:0 的任务正在执行......
[2024-02-22 17:05:25:312] [this=0xc7f850: Thread ID=13105480]CMGMediaEngine::ClenaCmd  事务ID为:0 的任务正在执行......
[2024-02-22 17:05:26:315] [this=0xc7f850: Thread ID=13105480]CMGMediaEngine::ClenaCmd  事务ID为:0 的任务正在执行......
[2024-02-22 17:05:27:316] [this=0xc7f850: Thread ID=13105480]CMGMediaEngine::ClenaCmd  事务ID为:0 的任务正在执行......
[2024-02-22 17:05:28:319] [this=0xc7f850: Thread ID=13105480]CMGMediaEngine::ClenaCmd  事务ID为:0 的任务正在执行......
[2024-02-22 17:05:28:478] [this=0xc7f850: Thread ID=13105480]CMGMediaEngine::ClenaCmd CCommandManager任务队列有1个任务
[2024-02-22 17:05:29:320] [this=0xc7f850: Thread ID=13105480]CMGMediaEngine::ClenaCmd  事务ID为:0 的任务正在执行......
[2024-02-22 17:05:30:320] [this=0xc7f850: Thread ID=13105480]CMGMediaEngine::ClenaCmd  事务ID为:0 的任务正在执行......
[2024-02-22 17:05:31:320] [this=0xc7f850: Thread ID=13105480]CMGMediaEngine::ClenaCmd  事务ID为:0 的任务正在执行......
[2024-02-22 17:05:32:321] [this=0xc7f850: Thread ID=13105480]CMGMediaEngine::ClenaCmd  事务ID为:0 的任务正在执行......
[2024-02-22 17:05:33:324] [this=0xc7f850: Thread ID=13105480]CMGMediaEngine::ClenaCmd  事务ID为:0 的任务正在执行......
[2024-02-22 17:05:33:482] [this=0xc7f850: Thread ID=13105480]CMGMediaEngine::ClenaCmd CCommandManager任务队列有1个任务
[2024-02-22 17:05:33:483] [this=0xc81530: Thread ID=13152936: dataIndex=0]CManipulator::process 任务数量:1
[2024-02-22 17:05:34:326] [this=0xc7f850: Thread ID=13105480]CMGMediaEngine::ClenaCmd  事务ID为:0 的任务正在执行......
[2024-02-22 17:05:35:329] [this=0xc7f850: Thread ID=13105480]CMGMediaEngine::ClenaCmd  事务ID为:0 的任务正在执行......
[2024-02-22 17:05:36:331] [this=0xc7f850: Thread ID=13105480]CMGMediaEngine::ClenaCmd  事务ID为:0 的任务正在执行......
[2024-02-22 17:05:37:337] [this=0xc7f850: Thread ID=13105480]CMGMediaEngine::ClenaCmd  事务ID为:0 的任务正在执行......
[2024-02-22 17:05:38:338] [this=0xc7f850: Thread ID=13105480]CMGMediaEngine::ClenaCmd  事务ID为:0 的任务正在执行......
[2024-02-22 17:05:38:484] [this=0xc7f850: Thread ID=13105480]CMGMediaEngine::ClenaCmd CCommandManager任务队列有1个任务
[2024-02-22 17:05:38:485] [this=0xc81530: Thread ID=13152936: dataIndex=0]CManipulator::process 任务数量:1
[2024-02-22 17:05:39:342] [this=0xc7f850: Thread ID=13105480]CMGMediaEngine::ClenaCmd  事务ID为:0 的任务正在执行......
[2024-02-22 17:05:40:345] [this=0xc7f850: Thread ID=13105480]CMGMediaEngine::ClenaCmd  事务ID为:0 的任务正在执行......
[2024-02-22 17:05:41:346] [this=0xc7f850: Thread ID=13105480]CMGMediaEngine::ClenaCmd  事务ID为:0 的任务正在执行......
[2024-02-22 17:05:42:350] [this=0xc7f850: Thread ID=13105480]CMGMediaEngine::ClenaCmd  事务ID为:0 的任务正在执行......
[2024-02-22 17:05:43:351] [this=0xc7f850: Thread ID=13105480]CMGMediaEngine::ClenaCmd  事务ID为:0 的任务正在执行......
[2024-02-22 17:05:43:484] [this=0xc7f850: Thread ID=13105480]CMGMediaEngine::ClenaCmd CCommandManager任务队列有1个任务
[2024-02-22 17:05:43:484] [this=0xc81530: Thread ID=13152936: dataIndex=0]CManipulator::process 任务数量:1
[2024-02-22 17:05:44:355] [this=0xc7f850: Thread ID=13105480]CMGMediaEngine::ClenaCmd  事务ID为:0 的任务正在执行......
[2024-02-22 17:05:45:358] [this=0xc7f850: Thread ID=13105480]CMGMediaEngine::ClenaCmd  事务ID为:0 的任务正在执行......
[2024-02-22 17:05:46:362] [this=0xc7f850: Thread ID=13105480]CMGMediaEngine::ClenaCmd  事务ID为:0 的任务正在执行......
[2024-02-22 17:05:47:367] [this=0xc7f850: Thread ID=13105480]CMGMediaEngine::ClenaCmd  事务ID为:0 的任务正在执行......
[2024-02-22 17:05:48:370] [this=0xc7f850: Thread ID=13105480]CMGMediaEngine::ClenaCmd  事务ID为:0 的任务正在执行......
[2024-02-22 17:05:48:484] [this=0xc81530: Thread ID=13152936: dataIndex=0]CManipulator::process 任务数量:1
[2024-02-22 17:05:48:485] [this=0xced1f8: Thread ID=13554800: dataIndex=0]CPushRtsp::process 推流线程正在工作......
[2024-02-22 17:05:49:373] [this=0xc7f850: Thread ID=13105480]CMGMediaEngine::ClenaCmd  事务ID为:0 的任务正在执行......
[2024-02-22 17:05:50:376] [this=0xc7f850: Thread ID=13105480]CMGMediaEngine::ClenaCmd  事务ID为:0 的任务正在执行......
[2024-02-22 17:05:51:380] [this=0xc7f850: Thread ID=13105480]CMGMediaEngine::ClenaCmd  事务ID为:0 的任务正在执行......
[2024-02-22 17:05:52:384] [this=0xc7f850: Thread ID=13105480]CMGMediaEngine::ClenaCmd  事务ID为:0 的任务正在执行......
[2024-02-22 17:05:53:388] [this=0xc7f850: Thread ID=13105480]CMGMediaEngine::ClenaCmd  事务ID为:0 的任务正在执行......
[2024-02-22 17:05:53:488] [this=0xc7f850: Thread ID=13105480]CMGMediaEngine::ClenaCmd CCommandManager任务队列有1个任务
[2024-02-22 17:05:53:489] [this=0xc81530: Thread ID=13152936: dataIndex=0]CManipulator::process 任务数量:1
[2024-02-22 17:05:54:391] [this=0xc7f850: Thread ID=13105480]CMGMediaEngine::ClenaCmd  事务ID为:0 的任务正在执行......
[2024-02-22 17:05:55:393] [this=0xc7f850: Thread ID=13105480]CMGMediaEngine::ClenaCmd  事务ID为:0 的任务正在执行......
[2024-02-22 17:05:56:395] [this=0xc7f850: Thread ID=13105480]CMGMediaEngine::ClenaCmd  事务ID为:0 的任务正在执行......
[2024-02-22 17:05:57:398] [this=0xc7f850: Thread ID=13105480]CMGMediaEngine::ClenaCmd  事务ID为:0 的任务正在执行......
[2024-02-22 17:05:58:398] [this=0xc7f850: Thread ID=13105480]CMGMediaEngine::ClenaCmd  事务ID为:0 的任务正在执行......
[2024-02-22 17:05:58:494] [this=0xc81530: Thread ID=13152936: dataIndex=0]CManipulator::process 任务数量:1
[2024-02-22 17:05:59:398] [this=0xc7f850: Thread ID=13105480]CMGMediaEngine::ClenaCmd  事务ID为:0 的任务正在执行......
[2024-02-22 17:06:00:402] [this=0xc7f850: Thread ID=13105480]CMGMediaEngine::ClenaCmd  事务ID为:0 的任务正在执行......
[2024-02-22 17:06:01:404] [this=0xc7f850: Thread ID=13105480]CMGMediaEngine::ClenaCmd  事务ID为:0 的任务正在执行......
[2024-02-22 17:06:02:408] [this=0xc7f850: Thread ID=13105480]CMGMediaEngine::ClenaCmd  事务ID为:0 的任务正在执行......
[2024-02-22 17:06:03:409] [this=0xc7f850: Thread ID=13105480]CMGMediaEngine::ClenaCmd  事务ID为:0 的任务正在执行......
[2024-02-22 17:06:03:495] [this=0xc7f850: Thread ID=13105480]CMGMediaEngine::ClenaCmd CCommandManager任务队列有1个任务
[2024-02-22 17:06:04:410] [this=0xc7f850: Thread ID=13105480]CMGMediaEngine::ClenaCmd  事务ID为:0 的任务正在执行......
[2024-02-22 17:06:05:414] [this=0xc7f850: Thread ID=13105480]CMGMediaEngine::ClenaCmd  事务ID为:0 的任务正在执行......
[2024-02-22 17:06:06:414] [this=0xc7f850: Thread ID=13105480]CMGMediaEngine::ClenaCmd  事务ID为:0 的任务正在执行......
[2024-02-22 17:06:07:419] [this=0xc7f850: Thread ID=13105480]CMGMediaEngine::ClenaCmd  事务ID为:0 的任务正在执行......
[2024-02-22 17:06:08:423] [this=0xc7f850: Thread ID=13105480]CMGMediaEngine::ClenaCmd  事务ID为:0 的任务正在执行......
[2024-02-22 17:06:08:497] [this=0xc7f850: Thread ID=13105480]CMGMediaEngine::ClenaCmd CCommandManager任务队列有1个任务
[2024-02-22 17:06:09:426] [this=0xc7f850: Thread ID=13105480]CMGMediaEngine::ClenaCmd  事务ID为:0 的任务正在执行......
[2024-02-22 17:06:10:428] [this=0xc7f850: Thread ID=13105480]CMGMediaEngine::ClenaCmd  事务ID为:0 的任务正在执行......
[2024-02-22 17:06:11:430] [this=0xc7f850: Thread ID=13105480]CMGMediaEngine::ClenaCmd  事务ID为:0 的任务正在执行......
[2024-02-22 17:06:12:429] [this=0xc7f850: Thread ID=13105480]CMGMediaEngine::ClenaCmd  事务ID为:0 的任务正在执行......
[2024-02-22 17:06:13:430] [this=0xc7f850: Thread ID=13105480]CMGMediaEngine::ClenaCmd  事务ID为:0 的任务正在执行......
[2024-02-22 17:06:13:498] [this=0xc81530: Thread ID=13152936: dataIndex=0]CManipulator::process 任务数量:1
[2024-02-22 17:06:13:498] [this=0xc7f850: Thread ID=13105480]CMGMediaEngine::ClenaCmd CCommandManager任务队列有1个任务
[2024-02-22 17:06:14:433] [this=0xc7f850: Thread ID=13105480]CMGMediaEngine::ClenaCmd  事务ID为:0 的任务正在执行......
[2024-02-22 17:06:15:437] [this=0xc7f850: Thread ID=13105480]CMGMediaEngine::ClenaCmd  事务ID为:0 的任务正在执行......
[2024-02-22 17:06:16:437] [this=0xc7f850: Thread ID=13105480]CMGMediaEngine::ClenaCmd  事务ID为:0 的任务正在执行......
[2024-02-22 17:06:17:440] [this=0xc7f850: Thread ID=13105480]CMGMediaEngine::ClenaCmd  事务ID为:0 的任务正在执行......
[2024-02-22 17:06:18:441] [this=0xc7f850: Thread ID=13105480]CMGMediaEngine::ClenaCmd  事务ID为:0 的任务正在执行......
[2024-02-22 17:06:18:500] [this=0xced1f8: Thread ID=13554800: dataIndex=0]CPushRtsp::process 推流线程正在工作......
[2024-02-22 17:06:19:441] [this=0xc7f850: Thread ID=13105480]CMGMediaEngine::ClenaCmd  事务ID为:0 的任务正在执行......
[2024-02-22 17:06:20:444] [this=0xc7f850: Thread ID=13105480]CMGMediaEngine::ClenaCmd  事务ID为:0 的任务正在执行......
[2024-02-22 17:06:21:445] [this=0xc7f850: Thread ID=13105480]CMGMediaEngine::ClenaCmd  事务ID为:0 的任务正在执行......
[2024-02-22 17:06:22:447] [this=0xc7f850: Thread ID=13105480]CMGMediaEngine::ClenaCmd  事务ID为:0 的任务正在执行......
[2024-02-22 17:06:23:451] [this=0xc7f850: Thread ID=13105480]CMGMediaEngine::ClenaCmd  事务ID为:0 的任务正在执行......
[2024-02-22 17:06:23:504] [this=0xc7f850: Thread ID=13105480]CMGMediaEngine::ClenaCmd CCommandManager任务队列有1个任务
[2024-02-22 17:06:24:453] [this=0xc7f850: Thread ID=13105480]CMGMediaEngine::ClenaCmd  事务ID为:0 的任务正在执行......
[2024-02-22 17:06:25:456] [this=0xc7f850: Thread ID=13105480]CMGMediaEngine::ClenaCmd  事务ID为:0 的任务正在执行......
[2024-02-22 17:06:26:457] [this=0xc7f850: Thread ID=13105480]CMGMediaEngine::ClenaCmd  事务ID为:0 的任务正在执行......
[2024-02-22 17:06:27:457] [this=0xc7f850: Thread ID=13105480]CMGMediaEngine::ClenaCmd  事务ID为:0 的任务正在执行......
[2024-02-22 17:06:28:458] [this=0xc7f850: Thread ID=13105480]CMGMediaEngine::ClenaCmd  事务ID为:0 的任务正在执行......
[2024-02-22 17:06:28:508] [this=0xced1f8: Thread ID=13554800: dataIndex=0]CPushRtsp::process 推流线程正在工作......
[2024-02-22 17:06:29:458] [this=0xc7f850: Thread ID=13105480]CMGMediaEngine::ClenaCmd  事务ID为:0 的任务正在执行......
[2024-02-22 17:06:30:459] [this=0xc7f850: Thread ID=13105480]CMGMediaEngine::ClenaCmd  事务ID为:0 的任务正在执行......
[2024-02-22 17:06:31:459] [this=0xc7f850: Thread ID=13105480]CMGMediaEngine::ClenaCmd  事务ID为:0 的任务正在执行......
[2024-02-22 17:06:32:462] [this=0xc7f850: Thread ID=13105480]CMGMediaEngine::ClenaCmd  事务ID为:0 的任务正在执行......
[2024-02-22 17:06:33:463] [this=0xc7f850: Thread ID=13105480]CMGMediaEngine::ClenaCmd  事务ID为:0 的任务正在执行......
[2024-02-22 17:06:33:509] [this=0xc81530: Thread ID=13152936: dataIndex=0]CManipulator::process 任务数量:1
[2024-02-22 17:06:34:466] [this=0xc7f850: Thread ID=13105480]CMGMediaEngine::ClenaCmd  事务ID为:0 的任务正在执行......
[2024-02-22 17:06:35:469] [this=0xc7f850: Thread ID=13105480]CMGMediaEngine::ClenaCmd  事务ID为:0 的任务正在执行......
[2024-02-22 17:06:36:472] [this=0xc7f850: Thread ID=13105480]CMGMediaEngine::ClenaCmd  事务ID为:0 的任务正在执行......
[2024-02-22 17:06:37:475] [this=0xc7f850: Thread ID=13105480]CMGMediaEngine::ClenaCmd  事务ID为:0 的任务正在执行......
[2024-02-22 17:06:38:478] [this=0xc7f850: Thread ID=13105480]CMGMediaEngine::ClenaCmd  事务ID为:0 的任务正在执行......
[2024-02-22 17:06:38:510] [this=0xc7f850: Thread ID=13105480]CMGMediaEngine::ClenaCmd CCommandManager任务队列有1个任务
[2024-02-22 17:06:39:483] [this=0xc7f850: Thread ID=13105480]CMGMediaEngine::ClenaCmd  事务ID为:0 的任务正在执行......
[2024-02-22 17:06:40:485] [this=0xc7f850: Thread ID=13105480]CMGMediaEngine::ClenaCmd  事务ID为:0 的任务正在执行......
[2024-02-22 17:06:41:488] [this=0xc7f850: Thread ID=13105480]CMGMediaEngine::ClenaCmd  事务ID为:0 的任务正在执行......
[2024-02-22 17:06:42:488] [this=0xc7f850: Thread ID=13105480]CMGMediaEngine::ClenaCmd  事务ID为:0 的任务正在执行......
[2024-02-22 17:06:43:491] [this=0xc7f850: Thread ID=13105480]CMGMediaEngine::ClenaCmd  事务ID为:0 的任务正在执行......
[2024-02-22 17:06:43:513] [this=0xc7f850: Thread ID=13105480]CMGMediaEngine::ClenaCmd CCommandManager任务队列有1个任务
[2024-02-22 17:06:43:515] [this=0xced1f8: Thread ID=13554800: dataIndex=0]CPushRtsp::process 推流线程正在工作......
[2024-02-22 17:06:43:517] [this=0xc81530: Thread ID=13152936: dataIndex=0]CManipulator::process 任务数量:1
[2024-02-22 17:06:44:491] [this=0xc7f850: Thread ID=13105480]CMGMediaEngine::ClenaCmd  事务ID为:0 的任务正在执行......
[2024-02-22 17:06:45:494] [this=0xc7f850: Thread ID=13105480]CMGMediaEngine::ClenaCmd  事务ID为:0 的任务正在执行......
[2024-02-22 17:06:46:494] [this=0xc7f850: Thread ID=13105480]CMGMediaEngine::ClenaCmd  事务ID为:0 的任务正在执行......
[2024-02-22 17:06:47:498] [this=0xc7f850: Thread ID=13105480]CMGMediaEngine::ClenaCmd  事务ID为:0 的任务正在执行......
[2024-02-22 17:06:48:498] [this=0xc7f850: Thread ID=13105480]CMGMediaEngine::ClenaCmd  事务ID为:0 的任务正在执行......
[2024-02-22 17:06:48:514] [this=0xc7f850: Thread ID=13105480]CMGMediaEngine::ClenaCmd CCommandManager任务队列有1个任务
[2024-02-22 17:06:48:515] [this=0xc81530: Thread ID=13152936: dataIndex=0]CManipulator::process 任务数量:1
[2024-02-22 17:06:49:499] [this=0xc7f850: Thread ID=13105480]CMGMediaEngine::ClenaCmd  事务ID为:0 的任务正在执行......
[2024-02-22 17:06:50:501] [this=0xc7f850: Thread ID=13105480]CMGMediaEngine::ClenaCmd  事务ID为:0 的任务正在执行......
[2024-02-22 17:06:51:501] [this=0xc7f850: Thread ID=13105480]CMGMediaEngine::ClenaCmd  事务ID为:0 的任务正在执行......
[2024-02-22 17:06:52:502] [this=0xc7f850: Thread ID=13105480]CMGMediaEngine::ClenaCmd  事务ID为:0 的任务正在执行......
[2024-02-22 17:06:53:502] [this=0xc7f850: Thread ID=13105480]CMGMediaEngine::ClenaCmd  事务ID为:0 的任务正在执行......
[2024-02-22 17:06:53:516] [this=0xced1f8: Thread ID=13554800: dataIndex=0]CPushRtsp::process 推流线程正在工作......
[2024-02-22 17:06:54:506] [this=0xc7f850: Thread ID=13105480]CMGMediaEngine::ClenaCmd  事务ID为:0 的任务正在执行......
[2024-02-22 17:06:55:513] [this=0xc7f850: Thread ID=13105480]CMGMediaEngine::ClenaCmd  事务ID为:0 的任务正在执行......
[2024-02-22 17:06:56:517] [this=0xc7f850: Thread ID=13105480]CMGMediaEngine::ClenaCmd  事务ID为:0 的任务正在执行......
[2024-02-22 17:06:57:521] [this=0xc7f850: Thread ID=13105480]CMGMediaEngine::ClenaCmd  事务ID为:0 的任务正在执行......
[2024-02-22 17:06:58:520] [this=0xced1f8: Thread ID=13554800: dataIndex=0]CPushRtsp::process 推流线程正在工作......
[2024-02-22 17:06:58:521] [this=0xc81530: Thread ID=13152936: dataIndex=0]CManipulator::process 任务数量:1
[2024-02-22 17:06:58:521] [this=0xc7f850: Thread ID=13105480]CMGMediaEngine::ClenaCmd  事务ID为:0 的任务正在执行......
[2024-02-22 17:06:59:524] [this=0xc7f850: Thread ID=13105480]CMGMediaEngine::ClenaCmd  事务ID为:0 的任务正在执行......
[2024-02-22 17:07:00:524] [this=0xc7f850: Thread ID=13105480]CMGMediaEngine::ClenaCmd  事务ID为:0 的任务正在执行......
[2024-02-22 17:07:01:524] [this=0xc7f850: Thread ID=13105480]CMGMediaEngine::ClenaCmd  事务ID为:0 的任务正在执行......
[2024-02-22 17:07:02:525] [this=0xc7f850: Thread ID=13105480]CMGMediaEngine::ClenaCmd  事务ID为:0 的任务正在执行......
[2024-02-22 17:07:03:522] [this=0xc7f850: Thread ID=13105480]CMGMediaEngine::ClenaCmd CCommandManager任务队列有1个任务
[2024-02-22 17:07:03:527] [this=0xc7f850: Thread ID=13105480]CMGMediaEngine::ClenaCmd  事务ID为:0 的任务正在执行......
[2024-02-22 17:07:04:529] [this=0xc7f850: Thread ID=13105480]CMGMediaEngine::ClenaCmd  事务ID为:0 的任务正在执行......
[2024-02-22 17:07:05:530] [this=0xc7f850: Thread ID=13105480]CMGMediaEngine::ClenaCmd  事务ID为:0 的任务正在执行......
[2024-02-22 17:07:06:534] [this=0xc7f850: Thread ID=13105480]CMGMediaEngine::ClenaCmd  事务ID为:0 的任务正在执行......
[2024-02-22 17:07:07:536] [this=0xc7f850: Thread ID=13105480]CMGMediaEngine::ClenaCmd  事务ID为:0 的任务正在执行......
[2024-02-22 17:07:08:525] [this=0xced1f8: Thread ID=13554800: dataIndex=0]CPushRtsp::process 推流线程正在工作......
[2024-02-22 17:07:08:536] [this=0xc7f850: Thread ID=13105480]CMGMediaEngine::ClenaCmd  事务ID为:0 的任务正在执行......
[2024-02-22 17:07:09:539] [this=0xc7f850: Thread ID=13105480]CMGMediaEngine::ClenaCmd  事务ID为:0 的任务正在执行......
[2024-02-22 17:07:10:538] [this=0xc7f850: Thread ID=13105480]CMGMediaEngine::ClenaCmd  事务ID为:0 的任务正在执行......
[2024-02-22 17:07:11:541] [this=0xc7f850: Thread ID=13105480]CMGMediaEngine::ClenaCmd  事务ID为:0 的任务正在执行......
[2024-02-22 17:07:12:545] [this=0xc7f850: Thread ID=13105480]CMGMediaEngine::ClenaCmd  事务ID为:0 的任务正在执行......
[2024-02-22 17:07:13:526] [this=0xc7f850: Thread ID=13105480]CMGMediaEngine::ClenaCmd CCommandManager任务队列有1个任务
[2024-02-22 17:07:13:548] [this=0xc7f850: Thread ID=13105480]CMGMediaEngine::ClenaCmd  事务ID为:0 的任务正在执行......
[2024-02-22 17:07:14:551] [this=0xc7f850: Thread ID=13105480]CMGMediaEngine::ClenaCmd  事务ID为:0 的任务正在执行......
[2024-02-22 17:07:15:553] [this=0xc7f850: Thread ID=13105480]CMGMediaEngine::ClenaCmd  事务ID为:0 的任务正在执行......
[2024-02-22 17:07:16:558] [this=0xc7f850: Thread ID=13105480]CMGMediaEngine::ClenaCmd  事务ID为:0 的任务正在执行......
[2024-02-22 17:07:17:561] [this=0xc7f850: Thread ID=13105480]CMGMediaEngine::ClenaCmd  事务ID为:0 的任务正在执行......
[2024-02-22 17:07:18:528] [this=0xc81530: Thread ID=13152936: dataIndex=0]CManipulator::process 任务数量:1
[2024-02-22 17:07:18:528] [this=0xced1f8: Thread ID=13554800: dataIndex=0]CPushRtsp::process 推流线程正在工作......
[2024-02-22 17:07:18:563] [this=0xc7f850: Thread ID=13105480]CMGMediaEngine::ClenaCmd  事务ID为:0 的任务正在执行......
[2024-02-22 17:07:19:563] [this=0xc7f850: Thread ID=13105480]CMGMediaEngine::ClenaCmd  事务ID为:0 的任务正在执行......
[2024-02-22 17:07:20:566] [this=0xc7f850: Thread ID=13105480]CMGMediaEngine::ClenaCmd  事务ID为:0 的任务正在执行......
[2024-02-22 17:07:21:567] [this=0xc7f850: Thread ID=13105480]CMGMediaEngine::ClenaCmd  事务ID为:0 的任务正在执行......
[2024-02-22 17:07:22:569] [this=0xc7f850: Thread ID=13105480]CMGMediaEngine::ClenaCmd  事务ID为:0 的任务正在执行......
[2024-02-22 17:07:23:532] [this=0xced1f8: Thread ID=13554800: dataIndex=0]CPushRtsp::process 推流线程正在工作......
[2024-02-22 17:07:23:532] [this=0xc7f850: Thread ID=13105480]CMGMediaEngine::ClenaCmd CCommandManager任务队列有1个任务
[2024-02-22 17:07:23:569] [this=0xc7f850: Thread ID=13105480]CMGMediaEngine::ClenaCmd  事务ID为:0 的任务正在执行......
[2024-02-22 17:07:24:572] [this=0xc7f850: Thread ID=13105480]CMGMediaEngine::ClenaCmd  事务ID为:0 的任务正在执行......
[2024-02-22 17:07:25:573] [this=0xc7f850: Thread ID=13105480]CMGMediaEngine::ClenaCmd  事务ID为:0 的任务正在执行......
[2024-02-22 17:07:26:576] [this=0xc7f850: Thread ID=13105480]CMGMediaEngine::ClenaCmd  事务ID为:0 的任务正在执行......
[2024-02-22 17:07:27:577] [this=0xc7f850: Thread ID=13105480]CMGMediaEngine::ClenaCmd  事务ID为:0 的任务正在执行......
[2024-02-22 17:07:28:533] [this=0xc7f850: Thread ID=13105480]CMGMediaEngine::ClenaCmd CCommandManager任务队列有1个任务
[2024-02-22 17:07:28:580] [this=0xc7f850: Thread ID=13105480]CMGMediaEngine::ClenaCmd  事务ID为:0 的任务正在执行......
[2024-02-22 17:07:29:585] [this=0xc7f850: Thread ID=13105480]CMGMediaEngine::ClenaCmd  事务ID为:0 的任务正在执行......
[2024-02-22 17:07:30:588] [this=0xc7f850: Thread ID=13105480]CMGMediaEngine::ClenaCmd  事务ID为:0 的任务正在执行......
[2024-02-22 17:07:31:590] [this=0xc7f850: Thread ID=13105480]CMGMediaEngine::ClenaCmd  事务ID为:0 的任务正在执行......
[2024-02-22 17:07:32:593] [this=0xc7f850: Thread ID=13105480]CMGMediaEngine::ClenaCmd  事务ID为:0 的任务正在执行......
[2024-02-22 17:07:33:538] [this=0xc7f850: Thread ID=13105480]CMGMediaEngine::ClenaCmd CCommandManager任务队列有1个任务
[2024-02-22 17:07:33:540] [this=0xc81530: Thread ID=13152936: dataIndex=0]CManipulator::process 任务数量:1
[2024-02-22 17:07:33:593] [this=0xc7f850: Thread ID=13105480]CMGMediaEngine::ClenaCmd  事务ID为:0 的任务正在执行......
[2024-02-22 17:07:34:596] [this=0xc7f850: Thread ID=13105480]CMGMediaEngine::ClenaCmd  事务ID为:0 的任务正在执行......
[2024-02-22 17:07:35:600] [this=0xc7f850: Thread ID=13105480]CMGMediaEngine::ClenaCmd  事务ID为:0 的任务正在执行......
[2024-02-22 17:07:36:600] [this=0xc7f850: Thread ID=13105480]CMGMediaEngine::ClenaCmd  事务ID为:0 的任务正在执行......
[2024-02-22 17:07:37:603] [this=0xc7f850: Thread ID=13105480]CMGMediaEngine::ClenaCmd  事务ID为:0 的任务正在执行......
[2024-02-22 17:07:38:535] [this=0xc7f850: Thread ID=13105480]CMGMediaEngine::ClenaCmd CCommandManager任务队列有1个任务
[2024-02-22 17:07:38:536] [this=0xc81530: Thread ID=13152936: dataIndex=0]CManipulator::process 任务数量:1
[2024-02-22 17:07:38:605] [this=0xc7f850: Thread ID=13105480]CMGMediaEngine::ClenaCmd  事务ID为:0 的任务正在执行......
[2024-02-22 17:07:39:607] [this=0xc7f850: Thread ID=13105480]CMGMediaEngine::ClenaCmd  事务ID为:0 的任务正在执行......
[2024-02-22 17:07:40:611] [this=0xc7f850: Thread ID=13105480]CMGMediaEngine::ClenaCmd  事务ID为:0 的任务正在执行......
[2024-02-22 17:07:41:612] [this=0xc7f850: Thread ID=13105480]CMGMediaEngine::ClenaCmd  事务ID为:0 的任务正在执行......
[2024-02-22 17:07:42:614] [this=0xc7f850: Thread ID=13105480]CMGMediaEngine::ClenaCmd  事务ID为:0 的任务正在执行......
[2024-02-22 17:07:43:538] [this=0xc7f850: Thread ID=13105480]CMGMediaEngine::ClenaCmd CCommandManager任务队列有1个任务
[2024-02-22 17:07:43:621] [this=0xc7f850: Thread ID=13105480]CMGMediaEngine::ClenaCmd  事务ID为:0 的任务正在执行......
[2024-02-22 17:07:44:624] [this=0xc7f850: Thread ID=13105480]CMGMediaEngine::ClenaCmd  事务ID为:0 的任务正在执行......
[2024-02-22 17:07:45:627] [this=0xc7f850: Thread ID=13105480]CMGMediaEngine::ClenaCmd  事务ID为:0 的任务正在执行......
[2024-02-22 17:07:46:629] [this=0xc7f850: Thread ID=13105480]CMGMediaEngine::ClenaCmd  事务ID为:0 的任务正在执行......
[2024-02-22 17:07:47:629] [this=0xc7f850: Thread ID=13105480]CMGMediaEngine::ClenaCmd  事务ID为:0 的任务正在执行......
[2024-02-22 17:07:48:540] [this=0xc7f850: Thread ID=13105480]CMGMediaEngine::ClenaCmd CCommandManager任务队列有1个任务
[2024-02-22 17:07:48:540] [this=0xced1f8: Thread ID=13554800: dataIndex=0]CPushRtsp::process 推流线程正在工作......
[2024-02-22 17:07:48:541] [this=0xc81530: Thread ID=13152936: dataIndex=0]CManipulator::process 任务数量:1
[2024-02-22 17:07:48:629] [this=0xc7f850: Thread ID=13105480]CMGMediaEngine::ClenaCmd  事务ID为:0 的任务正在执行......
[2024-02-22 17:07:49:633] [this=0xc7f850: Thread ID=13105480]CMGMediaEngine::ClenaCmd  事务ID为:0 的任务正在执行......
[2024-02-22 17:07:50:636] [this=0xc7f850: Thread ID=13105480]CMGMediaEngine::ClenaCmd  事务ID为:0 的任务正在执行......
[2024-02-22 17:07:51:636] [this=0xc7f850: Thread ID=13105480]CMGMediaEngine::ClenaCmd  事务ID为:0 的任务正在执行......
[2024-02-22 17:07:52:639] [this=0xc7f850: Thread ID=13105480]CMGMediaEngine::ClenaCmd  事务ID为:0 的任务正在执行......
[2024-02-22 17:07:53:543] [this=0xc7f850: Thread ID=13105480]CMGMediaEngine::ClenaCmd CCommandManager任务队列有1个任务
[2024-02-22 17:07:53:544] [this=0xced1f8: Thread ID=13554800: dataIndex=0]CPushRtsp::process 推流线程正在工作......
[2024-02-22 17:07:53:640] [this=0xc7f850: Thread ID=13105480]CMGMediaEngine::ClenaCmd  事务ID为:0 的任务正在执行......
[2024-02-22 17:07:54:643] [this=0xc7f850: Thread ID=13105480]CMGMediaEngine::ClenaCmd  事务ID为:0 的任务正在执行......
[2024-02-22 17:07:55:643] [this=0xc7f850: Thread ID=13105480]CMGMediaEngine::ClenaCmd  事务ID为:0 的任务正在执行......
[2024-02-22 17:07:56:644] [this=0xc7f850: Thread ID=13105480]CMGMediaEngine::ClenaCmd  事务ID为:0 的任务正在执行......
[2024-02-22 17:07:57:647] [this=0xc7f850: Thread ID=13105480]CMGMediaEngine::ClenaCmd  事务ID为:0 的任务正在执行......
[2024-02-22 17:07:58:544] [this=0xc7f850: Thread ID=13105480]CMGMediaEngine::ClenaCmd CCommandManager任务队列有1个任务
[2024-02-22 17:07:58:647] [this=0xc7f850: Thread ID=13105480]CMGMediaEngine::ClenaCmd  事务ID为:0 的任务正在执行......
[2024-02-22 17:07:59:650] [this=0xc7f850: Thread ID=13105480]CMGMediaEngine::ClenaCmd  事务ID为:0 的任务正在执行......
[2024-02-22 17:08:00:653] [this=0xc7f850: Thread ID=13105480]CMGMediaEngine::ClenaCmd  事务ID为:0 的任务正在执行......
[2024-02-22 17:08:01:653] [this=0xc7f850: Thread ID=13105480]CMGMediaEngine::ClenaCmd  事务ID为:0 的任务正在执行......
[2024-02-22 17:08:02:657] [this=0xc7f850: Thread ID=13105480]CMGMediaEngine::ClenaCmd  事务ID为:0 的任务正在执行......
[2024-02-22 17:08:03:547] [this=0xc7f850: Thread ID=13105480]CMGMediaEngine::ClenaCmd CCommandManager任务队列有1个任务
[2024-02-22 17:08:03:658] [this=0xc7f850: Thread ID=13105480]CMGMediaEngine::ClenaCmd  事务ID为:0 的任务正在执行......
[2024-02-22 17:08:04:661] [this=0xc7f850: Thread ID=13105480]CMGMediaEngine::ClenaCmd  事务ID为:0 的任务正在执行......
[2024-02-22 17:08:05:662] [this=0xc7f850: Thread ID=13105480]CMGMediaEngine::ClenaCmd  事务ID为:0 的任务正在执行......
[2024-02-22 17:08:06:662] [this=0xc7f850: Thread ID=13105480]CMGMediaEngine::ClenaCmd  事务ID为:0 的任务正在执行......
[2024-02-22 17:08:07:663] [this=0xc7f850: Thread ID=13105480]CMGMediaEngine::ClenaCmd  事务ID为:0 的任务正在执行......
[2024-02-22 17:08:08:547] [this=0xc7f850: Thread ID=13105480]CMGMediaEngine::ClenaCmd CCommandManager任务队列有1个任务
[2024-02-22 17:08:08:548] [this=0xc81530: Thread ID=13152936: dataIndex=0]CManipulator::process 任务数量:1
[2024-02-22 17:08:08:667] [this=0xc7f850: Thread ID=13105480]CMGMediaEngine::ClenaCmd  事务ID为:0 的任务正在执行......
[2024-02-22 17:08:09:668] [this=0xc7f850: Thread ID=13105480]CMGMediaEngine::ClenaCmd  事务ID为:0 的任务正在执行......
[2024-02-22 17:08:10:672] [this=0xc7f850: Thread ID=13105480]CMGMediaEngine::ClenaCmd  事务ID为:0 的任务正在执行......
[2024-02-22 17:08:11:674] [this=0xc7f850: Thread ID=13105480]CMGMediaEngine::ClenaCmd  事务ID为:0 的任务正在执行......
[2024-02-22 17:08:12:678] [this=0xc7f850: Thread ID=13105480]CMGMediaEngine::ClenaCmd  事务ID为:0 的任务正在执行......
[2024-02-22 17:08:13:549] [this=0xced1f8: Thread ID=13554800: dataIndex=0]CPushRtsp::process 推流线程正在工作......
[2024-02-22 17:08:13:681] [this=0xc7f850: Thread ID=13105480]CMGMediaEngine::ClenaCmd  事务ID为:0 的任务正在执行......
[2024-02-22 17:08:14:685] [this=0xc7f850: Thread ID=13105480]CMGMediaEngine::ClenaCmd  事务ID为:0 的任务正在执行......
[2024-02-22 17:08:15:686] [this=0xc7f850: Thread ID=13105480]CMGMediaEngine::ClenaCmd  事务ID为:0 的任务正在执行......
[2024-02-22 17:08:16:690] [this=0xc7f850: Thread ID=13105480]CMGMediaEngine::ClenaCmd  事务ID为:0 的任务正在执行......
[2024-02-22 17:08:17:692] [this=0xc7f850: Thread ID=13105480]CMGMediaEngine::ClenaCmd  事务ID为:0 的任务正在执行......
[2024-02-22 17:08:18:548] [this=0xc7f850: Thread ID=13105480]CMGMediaEngine::ClenaCmd CCommandManager任务队列有1个任务
[2024-02-22 17:08:18:694] [this=0xc7f850: Thread ID=13105480]CMGMediaEngine::ClenaCmd  事务ID为:0 的任务正在执行......
[2024-02-22 17:08:19:696] [this=0xc7f850: Thread ID=13105480]CMGMediaEngine::ClenaCmd  事务ID为:0 的任务正在执行......
[2024-02-22 17:08:20:696] [this=0xc7f850: Thread ID=13105480]CMGMediaEngine::ClenaCmd  事务ID为:0 的任务正在执行......
[2024-02-22 17:08:21:696] [this=0xc7f850: Thread ID=13105480]CMGMediaEngine::ClenaCmd  事务ID为:0 的任务正在执行......
[2024-02-22 17:08:22:698] [this=0xc7f850: Thread ID=13105480]CMGMediaEngine::ClenaCmd  事务ID为:0 的任务正在执行......
[2024-02-22 17:08:23:550] [this=0xc7f850: Thread ID=13105480]CMGMediaEngine::ClenaCmd CCommandManager任务队列有1个任务
[2024-02-22 17:08:23:550] [this=0xced1f8: Thread ID=13554800: dataIndex=0]CPushRtsp::process 推流线程正在工作......
[2024-02-22 17:08:23:551] [this=0xc81530: Thread ID=13152936: dataIndex=0]CManipulator::process 任务数量:1
[2024-02-22 17:08:23:702] [this=0xc7f850: Thread ID=13105480]CMGMediaEngine::ClenaCmd  事务ID为:0 的任务正在执行......
[2024-02-22 17:08:24:705] [this=0xc7f850: Thread ID=13105480]CMGMediaEngine::ClenaCmd  事务ID为:0 的任务正在执行......
[2024-02-22 17:08:25:708] [this=0xc7f850: Thread ID=13105480]CMGMediaEngine::ClenaCmd  事务ID为:0 的任务正在执行......
[2024-02-22 17:08:26:708] [this=0xc7f850: Thread ID=13105480]CMGMediaEngine::ClenaCmd  事务ID为:0 的任务正在执行......
[2024-02-22 17:08:27:712] [this=0xc7f850: Thread ID=13105480]CMGMediaEngine::ClenaCmd  事务ID为:0 的任务正在执行......
[2024-02-22 17:08:28:553] [this=0xced1f8: Thread ID=13554800: dataIndex=0]CPushRtsp::process 推流线程正在工作......
[2024-02-22 17:08:28:552] [this=0xc7f850: Thread ID=13105480]CMGMediaEngine::ClenaCmd CCommandManager任务队列有1个任务
[2024-02-22 17:08:28:715] [this=0xc7f850: Thread ID=13105480]CMGMediaEngine::ClenaCmd  事务ID为:0 的任务正在执行......
[2024-02-22 17:08:29:715] [this=0xc7f850: Thread ID=13105480]CMGMediaEngine::ClenaCmd  事务ID为:0 的任务正在执行......
[2024-02-22 17:08:30:715] [this=0xc7f850: Thread ID=13105480]CMGMediaEngine::ClenaCmd  事务ID为:0 的任务正在执行......
[2024-02-22 17:08:31:715] [this=0xc7f850: Thread ID=13105480]CMGMediaEngine::ClenaCmd  事务ID为:0 的任务正在执行......
[2024-02-22 17:08:32:718] [this=0xc7f850: Thread ID=13105480]CMGMediaEngine::ClenaCmd  事务ID为:0 的任务正在执行......
[2024-02-22 17:08:33:553] [this=0xced1f8: Thread ID=13554800: dataIndex=0]CPushRtsp::process 推流线程正在工作......
[2024-02-22 17:08:33:719] [this=0xc7f850: Thread ID=13105480]CMGMediaEngine::ClenaCmd  事务ID为:0 的任务正在执行......
[2024-02-22 17:08:34:720] [this=0xc7f850: Thread ID=13105480]CMGMediaEngine::ClenaCmd  事务ID为:0 的任务正在执行......
[2024-02-22 17:08:35:721] [this=0xc7f850: Thread ID=13105480]CMGMediaEngine::ClenaCmd  事务ID为:0 的任务正在执行......
[2024-02-22 17:08:36:721] [this=0xc7f850: Thread ID=13105480]CMGMediaEngine::ClenaCmd  事务ID为:0 的任务正在执行......
[2024-02-22 17:08:37:724] [this=0xc7f850: Thread ID=13105480]CMGMediaEngine::ClenaCmd  事务ID为:0 的任务正在执行......
[2024-02-22 17:08:38:553] [this=0xc7f850: Thread ID=13105480]CMGMediaEngine::ClenaCmd CCommandManager任务队列有1个任务
[2024-02-22 17:08:38:727] [this=0xc7f850: Thread ID=13105480]CMGMediaEngine::ClenaCmd  事务ID为:0 的任务正在执行......
[2024-02-22 17:08:39:729] [this=0xc7f850: Thread ID=13105480]CMGMediaEngine::ClenaCmd  事务ID为:0 的任务正在执行......
[2024-02-22 17:08:40:732] [this=0xc7f850: Thread ID=13105480]CMGMediaEngine::ClenaCmd  事务ID为:0 的任务正在执行......
[2024-02-22 17:08:41:733] [this=0xc7f850: Thread ID=13105480]CMGMediaEngine::ClenaCmd  事务ID为:0 的任务正在执行......
[2024-02-22 17:08:42:734] [this=0xc7f850: Thread ID=13105480]CMGMediaEngine::ClenaCmd  事务ID为:0 的任务正在执行......
[2024-02-22 17:08:43:555] [this=0xc7f850: Thread ID=13105480]CMGMediaEngine::ClenaCmd CCommandManager任务队列有1个任务
[2024-02-22 17:08:43:736] [this=0xc7f850: Thread ID=13105480]CMGMediaEngine::ClenaCmd  事务ID为:0 的任务正在执行......
[2024-02-22 17:08:44:737] [this=0xc7f850: Thread ID=13105480]CMGMediaEngine::ClenaCmd  事务ID为:0 的任务正在执行......
[2024-02-22 17:08:45:741] [this=0xc7f850: Thread ID=13105480]CMGMediaEngine::ClenaCmd  事务ID为:0 的任务正在执行......
[2024-02-22 17:08:46:741] [this=0xc7f850: Thread ID=13105480]CMGMediaEngine::ClenaCmd  事务ID为:0 的任务正在执行......
[2024-02-22 17:08:47:743] [this=0xc7f850: Thread ID=13105480]CMGMediaEngine::ClenaCmd  事务ID为:0 的任务正在执行......
[2024-02-22 17:08:48:558] [this=0xc7f850: Thread ID=13105480]CMGMediaEngine::ClenaCmd CCommandManager任务队列有1个任务
[2024-02-22 17:08:48:560] [this=0xced1f8: Thread ID=13554800: dataIndex=0]CPushRtsp::process 推流线程正在工作......
[2024-02-22 17:08:48:559] [this=0xc81530: Thread ID=13152936: dataIndex=0]CManipulator::process 任务数量:1
[2024-02-22 17:08:48:745] [this=0xc7f850: Thread ID=13105480]CMGMediaEngine::ClenaCmd  事务ID为:0 的任务正在执行......
[2024-02-22 17:08:49:749] [this=0xc7f850: Thread ID=13105480]CMGMediaEngine::ClenaCmd  事务ID为:0 的任务正在执行......
[2024-02-22 17:08:50:752] [this=0xc7f850: Thread ID=13105480]CMGMediaEngine::ClenaCmd  事务ID为:0 的任务正在执行......
[2024-02-22 17:08:51:757] [this=0xc7f850: Thread ID=13105480]CMGMediaEngine::ClenaCmd  事务ID为:0 的任务正在执行......
[2024-02-22 17:08:52:758] [this=0xc7f850: Thread ID=13105480]CMGMediaEngine::ClenaCmd  事务ID为:0 的任务正在执行......
[2024-02-22 17:08:53:558] [this=0xc7f850: Thread ID=13105480]CMGMediaEngine::ClenaCmd CCommandManager任务队列有1个任务
[2024-02-22 17:08:53:763] [this=0xc7f850: Thread ID=13105480]CMGMediaEngine::ClenaCmd  事务ID为:0 的任务正在执行......
[2024-02-22 17:08:54:764] [this=0xc7f850: Thread ID=13105480]CMGMediaEngine::ClenaCmd  事务ID为:0 的任务正在执行......
[2024-02-22 17:08:55:766] [this=0xc7f850: Thread ID=13105480]CMGMediaEngine::ClenaCmd  事务ID为:0 的任务正在执行......
[2024-02-22 17:08:56:771] [this=0xc7f850: Thread ID=13105480]CMGMediaEngine::ClenaCmd  事务ID为:0 的任务正在执行......
[2024-02-22 17:08:57:771] [this=0xc7f850: Thread ID=13105480]CMGMediaEngine::ClenaCmd  事务ID为:0 的任务正在执行......
[2024-02-22 17:08:58:561] [this=0xc7f850: Thread ID=13105480]CMGMediaEngine::ClenaCmd CCommandManager任务队列有1个任务
[2024-02-22 17:08:58:773] [this=0xc7f850: Thread ID=13105480]CMGMediaEngine::ClenaCmd  事务ID为:0 的任务正在执行......
[2024-02-22 17:08:59:777] [this=0xc7f850: Thread ID=13105480]CMGMediaEngine::ClenaCmd  事务ID为:0 的任务正在执行......
[2024-02-22 17:09:00:776] [this=0xc7f850: Thread ID=13105480]CMGMediaEngine::ClenaCmd  事务ID为:0 的任务正在执行......
[2024-02-22 17:09:01:780] [this=0xc7f850: Thread ID=13105480]CMGMediaEngine::ClenaCmd  事务ID为:0 的任务正在执行......
[2024-02-22 17:09:02:784] [this=0xc7f850: Thread ID=13105480]CMGMediaEngine::ClenaCmd  事务ID为:0 的任务正在执行......
[2024-02-22 17:09:03:563] [this=0xc7f850: Thread ID=13105480]CMGMediaEngine::ClenaCmd CCommandManager任务队列有1个任务
[2024-02-22 17:09:03:788] [this=0xc7f850: Thread ID=13105480]CMGMediaEngine::ClenaCmd  事务ID为:0 的任务正在执行......
[2024-02-22 17:09:04:790] [this=0xc7f850: Thread ID=13105480]CMGMediaEngine::ClenaCmd  事务ID为:0 的任务正在执行......
[2024-02-22 17:09:05:795] [this=0xc7f850: Thread ID=13105480]CMGMediaEngine::ClenaCmd  事务ID为:0 的任务正在执行......
[2024-02-22 17:09:06:794] [this=0xc7f850: Thread ID=13105480]CMGMediaEngine::ClenaCmd  事务ID为:0 的任务正在执行......
[2024-02-22 17:09:07:800] [this=0xc7f850: Thread ID=13105480]CMGMediaEngine::ClenaCmd  事务ID为:0 的任务正在执行......
[2024-02-22 17:09:08:568] [this=0xc81530: Thread ID=13152936: dataIndex=0]CManipulator::process 任务数量:1
[2024-02-22 17:09:08:799] [this=0xc7f850: Thread ID=13105480]CMGMediaEngine::ClenaCmd  事务ID为:0 的任务正在执行......
[2024-02-22 17:09:09:801] [this=0xc7f850: Thread ID=13105480]CMGMediaEngine::ClenaCmd  事务ID为:0 的任务正在执行......
[2024-02-22 17:09:10:802] [this=0xc7f850: Thread ID=13105480]CMGMediaEngine::ClenaCmd  事务ID为:0 的任务正在执行......
[2024-02-22 17:09:11:803] [this=0xc7f850: Thread ID=13105480]CMGMediaEngine::ClenaCmd  事务ID为:0 的任务正在执行......
[2024-02-22 17:09:12:806] [this=0xc7f850: Thread ID=13105480]CMGMediaEngine::ClenaCmd  事务ID为:0 的任务正在执行......
[2024-02-22 17:09:13:568] [this=0xced1f8: Thread ID=13554800: dataIndex=0]CPushRtsp::process 推流线程正在工作......
[2024-02-22 17:09:13:810] [this=0xc7f850: Thread ID=13105480]CMGMediaEngine::ClenaCmd  事务ID为:0 的任务正在执行......
[2024-02-22 17:09:14:813] [this=0xc7f850: Thread ID=13105480]CMGMediaEngine::ClenaCmd  事务ID为:0 的任务正在执行......
[2024-02-22 17:09:15:818] [this=0xc7f850: Thread ID=13105480]CMGMediaEngine::ClenaCmd  事务ID为:0 的任务正在执行......
[2024-02-22 17:09:16:824] [this=0xc7f850: Thread ID=13105480]CMGMediaEngine::ClenaCmd  事务ID为:0 的任务正在执行......
[2024-02-22 17:09:17:828] [this=0xc7f850: Thread ID=13105480]CMGMediaEngine::ClenaCmd  事务ID为:0 的任务正在执行......
[2024-02-22 17:09:18:570] [this=0xc7f850: Thread ID=13105480]CMGMediaEngine::ClenaCmd CCommandManager任务队列有1个任务
[2024-02-22 17:09:18:572] [this=0xced1f8: Thread ID=13554800: dataIndex=0]CPushRtsp::process 推流线程正在工作......
[2024-02-22 17:09:18:573] [this=0xc81530: Thread ID=13152936: dataIndex=0]CManipulator::process 任务数量:1
[2024-02-22 17:09:18:833] [this=0xc7f850: Thread ID=13105480]CMGMediaEngine::ClenaCmd  事务ID为:0 的任务正在执行......
[2024-02-22 17:09:19:835] [this=0xc7f850: Thread ID=13105480]CMGMediaEngine::ClenaCmd  事务ID为:0 的任务正在执行......
[2024-02-22 17:09:20:837] [this=0xc7f850: Thread ID=13105480]CMGMediaEngine::ClenaCmd  事务ID为:0 的任务正在执行......
[2024-02-22 17:09:21:837] [this=0xc7f850: Thread ID=13105480]CMGMediaEngine::ClenaCmd  事务ID为:0 的任务正在执行......
[2024-02-22 17:09:22:841] [this=0xc7f850: Thread ID=13105480]CMGMediaEngine::ClenaCmd  事务ID为:0 的任务正在执行......
[2024-02-22 17:09:23:573] [this=0xc7f850: Thread ID=13105480]CMGMediaEngine::ClenaCmd CCommandManager任务队列有1个任务
[2024-02-22 17:09:23:574] [this=0xc81530: Thread ID=13152936: dataIndex=0]CManipulator::process 任务数量:1
[2024-02-22 17:09:23:843] [this=0xc7f850: Thread ID=13105480]CMGMediaEngine::ClenaCmd  事务ID为:0 的任务正在执行......
[2024-02-22 17:09:24:845] [this=0xc7f850: Thread ID=13105480]CMGMediaEngine::ClenaCmd  事务ID为:0 的任务正在执行......
[2024-02-22 17:09:25:849] [this=0xc7f850: Thread ID=13105480]CMGMediaEngine::ClenaCmd  事务ID为:0 的任务正在执行......
[2024-02-22 17:09:26:852] [this=0xc7f850: Thread ID=13105480]CMGMediaEngine::ClenaCmd  事务ID为:0 的任务正在执行......
[2024-02-22 17:09:27:855] [this=0xc7f850: Thread ID=13105480]CMGMediaEngine::ClenaCmd  事务ID为:0 的任务正在执行......
[2024-02-22 17:09:28:574] [this=0xced1f8: Thread ID=13554800: dataIndex=0]CPushRtsp::process 推流线程正在工作......
[2024-02-22 17:09:28:858] [this=0xc7f850: Thread ID=13105480]CMGMediaEngine::ClenaCmd  事务ID为:0 的任务正在执行......
[2024-02-22 17:09:29:859] [this=0xc7f850: Thread ID=13105480]CMGMediaEngine::ClenaCmd  事务ID为:0 的任务正在执行......
[2024-02-22 17:09:30:859] [this=0xc7f850: Thread ID=13105480]CMGMediaEngine::ClenaCmd  事务ID为:0 的任务正在执行......
[2024-02-22 17:09:31:859] [this=0xc7f850: Thread ID=13105480]CMGMediaEngine::ClenaCmd  事务ID为:0 的任务正在执行......
[2024-02-22 17:09:32:863] [this=0xc7f850: Thread ID=13105480]CMGMediaEngine::ClenaCmd  事务ID为:0 的任务正在执行......
[2024-02-22 17:09:33:576] [this=0xc7f850: Thread ID=13105480]CMGMediaEngine::ClenaCmd CCommandManager任务队列有1个任务
[2024-02-22 17:09:33:868] [this=0xc7f850: Thread ID=13105480]CMGMediaEngine::ClenaCmd  事务ID为:0 的任务正在执行......
[2024-02-22 17:09:34:873] [this=0xc7f850: Thread ID=13105480]CMGMediaEngine::ClenaCmd  事务ID为:0 的任务正在执行......
[2024-02-22 17:09:35:872] [this=0xc7f850: Thread ID=13105480]CMGMediaEngine::ClenaCmd  事务ID为:0 的任务正在执行......
[2024-02-22 17:09:36:873] [this=0xc7f850: Thread ID=13105480]CMGMediaEngine::ClenaCmd  事务ID为:0 的任务正在执行......
[2024-02-22 17:09:37:875] [this=0xc7f850: Thread ID=13105480]CMGMediaEngine::ClenaCmd  事务ID为:0 的任务正在执行......
[2024-02-22 17:09:38:578] [this=0xced1f8: Thread ID=13554800: dataIndex=0]CPushRtsp::process 推流线程正在工作......
[2024-02-22 17:09:38:578] [this=0xc7f850: Thread ID=13105480]CMGMediaEngine::ClenaCmd CCommandManager任务队列有1个任务
[2024-02-22 17:09:38:878] [this=0xc7f850: Thread ID=13105480]CMGMediaEngine::ClenaCmd  事务ID为:0 的任务正在执行......
[2024-02-22 17:09:39:881] [this=0xc7f850: Thread ID=13105480]CMGMediaEngine::ClenaCmd  事务ID为:0 的任务正在执行......
[2024-02-22 17:09:40:887] [this=0xc7f850: Thread ID=13105480]CMGMediaEngine::ClenaCmd  事务ID为:0 的任务正在执行......
[2024-02-22 17:09:41:892] [this=0xc7f850: Thread ID=13105480]CMGMediaEngine::ClenaCmd  事务ID为:0 的任务正在执行......
[2024-02-22 17:09:42:892] [this=0xc7f850: Thread ID=13105480]CMGMediaEngine::ClenaCmd  事务ID为:0 的任务正在执行......
[2024-02-22 17:09:43:581] [this=0xc7f850: Thread ID=13105480]CMGMediaEngine::ClenaCmd CCommandManager任务队列有1个任务
[2024-02-22 17:09:43:898] [this=0xc7f850: Thread ID=13105480]CMGMediaEngine::ClenaCmd  事务ID为:0 的任务正在执行......
[2024-02-22 17:09:44:904] [this=0xc7f850: Thread ID=13105480]CMGMediaEngine::ClenaCmd  事务ID为:0 的任务正在执行......
[2024-02-22 17:09:45:903] [this=0xc7f850: Thread ID=13105480]CMGMediaEngine::ClenaCmd  事务ID为:0 的任务正在执行......
[2024-02-22 17:09:46:907] [this=0xc7f850: Thread ID=13105480]CMGMediaEngine::ClenaCmd  事务ID为:0 的任务正在执行......
[2024-02-22 17:09:47:910] [this=0xc7f850: Thread ID=13105480]CMGMediaEngine::ClenaCmd  事务ID为:0 的任务正在执行......
[2024-02-22 17:09:48:585] [this=0xc7f850: Thread ID=13105480]CMGMediaEngine::ClenaCmd CCommandManager任务队列有1个任务
[2024-02-22 17:09:48:585] [this=0xced1f8: Thread ID=13554800: dataIndex=0]CPushRtsp::process 推流线程正在工作......
[2024-02-22 17:09:48:910] [this=0xc7f850: Thread ID=13105480]CMGMediaEngine::ClenaCmd  事务ID为:0 的任务正在执行......
[2024-02-22 17:09:49:911] [this=0xc7f850: Thread ID=13105480]CMGMediaEngine::ClenaCmd  事务ID为:0 的任务正在执行......
[2024-02-22 17:09:50:916] [this=0xc7f850: Thread ID=13105480]CMGMediaEngine::ClenaCmd  事务ID为:0 的任务正在执行......
[2024-02-22 17:09:51:917] [this=0xc7f850: Thread ID=13105480]CMGMediaEngine::ClenaCmd  事务ID为:0 的任务正在执行......
[2024-02-22 17:09:52:920] [this=0xc7f850: Thread ID=13105480]CMGMediaEngine::ClenaCmd  事务ID为:0 的任务正在执行......
[2024-02-22 17:09:53:585] [this=0xced1f8: Thread ID=13554800: dataIndex=0]CPushRtsp::process 推流线程正在工作......
[2024-02-22 17:09:53:923] [this=0xc7f850: Thread ID=13105480]CMGMediaEngine::ClenaCmd  事务ID为:0 的任务正在执行......
[2024-02-22 17:09:54:925] [this=0xc7f850: Thread ID=13105480]CMGMediaEngine::ClenaCmd  事务ID为:0 的任务正在执行......
[2024-02-22 17:09:55:926] [this=0xc7f850: Thread ID=13105480]CMGMediaEngine::ClenaCmd  事务ID为:0 的任务正在执行......
[2024-02-22 17:09:56:931] [this=0xc7f850: Thread ID=13105480]CMGMediaEngine::ClenaCmd  事务ID为:0 的任务正在执行......
[2024-02-22 17:09:57:934] [this=0xc7f850: Thread ID=13105480]CMGMediaEngine::ClenaCmd  事务ID为:0 的任务正在执行......
[2024-02-22 17:09:58:585] [this=0xced1f8: Thread ID=13554800: dataIndex=0]CPushRtsp::process 推流线程正在工作......
[2024-02-22 17:09:58:585] [this=0xc81530: Thread ID=13152936: dataIndex=0]CManipulator::process 任务数量:1
[2024-02-22 17:09:58:934] [this=0xc7f850: Thread ID=13105480]CMGMediaEngine::ClenaCmd  事务ID为:0 的任务正在执行......
[2024-02-22 17:09:59:939] [this=0xc7f850: Thread ID=13105480]CMGMediaEngine::ClenaCmd  事务ID为:0 的任务正在执行......
[2024-02-22 17:10:00:940] [this=0xc7f850: Thread ID=13105480]CMGMediaEngine::ClenaCmd  事务ID为:0 的任务正在执行......
[2024-02-22 17:10:01:944] [this=0xc7f850: Thread ID=13105480]CMGMediaEngine::ClenaCmd  事务ID为:0 的任务正在执行......
[2024-02-22 17:10:02:945] [this=0xc7f850: Thread ID=13105480]CMGMediaEngine::ClenaCmd  事务ID为:0 的任务正在执行......
[2024-02-22 17:10:03:586] [this=0xc7f850: Thread ID=13105480]CMGMediaEngine::ClenaCmd CCommandManager任务队列有1个任务
[2024-02-22 17:10:03:892] [this=none: Thread ID=13476736: dataIndex=0]外部调用DoStopLive
[2024-02-22 17:10:03:904] DoStopLive end dataIndex = 0
[2024-02-22 17:10:03:905] [this=0xced1f8: Thread ID=13554800: dataIndex=0]CPushRtsp::process 正在停止直播
[2024-02-22 17:10:03:929] [this=0xced1f8: Thread ID=13152936: dataIndex=0]CPushRtsp::Stop 停止Rtps推流线程->CPushRtsp::process()
[2024-02-22 17:10:03:935] [this=0xc81530: Thread ID=13152936: dataIndex=0]CManipulator::TaskStatusHandle 检测到任务完成
[2024-02-22 17:10:03:940] [this=0xc7f850: Thread ID=13105480]CMGMediaEngine::ClenaCmd CCommandManager任务队列有1个任务
[2024-02-22 17:10:03:966] [this=0xc7f850: Thread ID=13105480]CMGMediaEngine::ClenaCmd  事务ID为:0 的任务执行完成! 文件路径:
[2024-02-22 17:10:09:262] [this=none: Thread ID=13476736: dataIndex=1]外部调用DoStopLive
[2024-02-22 17:10:09:272] DoStopLive end dataIndex = 1
