[2024-02-22 14:22:31:012] [this=none: Thread ID=32531712: dataIndex=0]外部调用DoStartLive
[2024-02-22 14:22:31:017] CMGMediaEngine::DoStartLive dataIndex:0 url:rtmp://live-k8s.4s12580.com:1946/live/803278221316079-0?streamId=835158700002914304 Time:-814032796
[2024-02-22 14:22:31:018] [this=0x1e987c8: Thread ID=32531712: dataIndex=0]CMGMediaEngine::DoStartLive 增加一条直播开始命令,事务ID:12
[2024-02-22 14:22:31:019] [this=0x1e987c8: Thread ID=32082112]CMGMediaEngine::ProcessCmd 有一个要处理命令 type = 3
[2024-02-22 14:22:31:020] [this=0x1e9a4a8: Thread ID=32082768: dataIndex=0]CManipulator::HandleCmd 创建RTMP推流器线程->CMGPublisher::process()
[2024-02-22 14:22:31:020] CMGPublisher::Start begin
[2024-02-22 14:22:31:020] [this=0x1e987c8: Thread ID=32082112]CMGMediaEngine::ProcessCmd 发送消息到MessageQueue队列,事物ID:12 消息类型:3
[2024-02-22 14:22:31:021] [this=0x1f5aa30: Thread ID=33344896: dataIndex=0]CMGPublisher::process 推流线程正在工作......
[2024-02-22 14:22:31:021] [this=0x1fca600: Thread ID=33034848: dataIndex=0]CRtmpLive::正在连接媒体服务器
[2024-02-22 14:22:31:026] [this=0x1e987c8: Thread ID=32082112]CMGMediaEngine::ClenaCmd  事务ID为:12 的任务正在执行......
[2024-02-22 14:22:31:035] [this=none: Thread ID=32531712: dataIndex=1]外部调用DoStartLive
[2024-02-22 14:22:31:035] CMGMediaEngine::DoStartLive dataIndex:1 url:rtmp://live-k8s.4s12580.com:1936/live/803278221316079-1?streamId=835158700191657984 Time:-814032773
[2024-02-22 14:22:31:035] [this=0x1e987c8: Thread ID=32531712: dataIndex=1]CMGMediaEngine::DoStartLive 增加一条直播开始命令,事务ID:13
[2024-02-22 14:22:31:036] [this=0x1e987c8: Thread ID=32082112]CMGMediaEngine::ProcessCmd 有一个要处理命令 type = 3
[2024-02-22 14:22:31:036] [this=0x1e987c8: Thread ID=32082112]CMGMediaEngine::ProcessCmd 发送消息到MessageQueue队列,事物ID:13 消息类型:3
[2024-02-22 14:22:31:036] [this=0x1ea46f8: Thread ID=32130224: dataIndex=1]CManipulator::HandleCmd 创建RTMP推流器线程->CMGPublisher::process()
[2024-02-22 14:22:31:036] CMGPublisher::Start begin
[2024-02-22 14:22:31:037] [this=0x1fb7d28: Thread ID=33017144: dataIndex=1]CRtmpLive::正在连接媒体服务器
[2024-02-22 14:22:31:066] RTMP_Connect0 connect start 
[2024-02-22 14:22:31:075] RTMP_Connect0 connect start 
[2024-02-22 14:22:31:112] RTMP_Connect0 connect end 
[2024-02-22 14:22:31:124] RTMP_Connect0 connect end 
[2024-02-22 14:22:32:026] [this=0x1e987c8: Thread ID=32082112]CMGMediaEngine::ClenaCmd  事务ID为:12 的任务正在执行......
[2024-02-22 14:22:33:029] [this=0x1e987c8: Thread ID=32082112]CMGMediaEngine::ClenaCmd  事务ID为:12 的任务正在执行......
[2024-02-22 14:22:33:638] CAACDataBuffer::FeedAACData AAC采样率 :16000 AudioSize=256
[2024-02-22 14:22:33:638] CAACDataBuffer::FeedAACData AAC通道 : 2
[2024-02-22 14:22:33:639] CAACDataBuffer::FeedAACData AAC采样率 :16000 AudioSize=256
[2024-02-22 14:22:33:639] CAACDataBuffer::FeedAACData AAC通道 : 2
[2024-02-22 14:22:33:801] [this=0x1ea5598: Thread ID=33060368]CH264LoopBuffer::FeedH264Data 获取到有效的sps pps
[2024-02-22 14:22:33:915] [this=0x1fb7d28: Thread ID=33017144: dataIndex=1] CRtmpLive::第一帧视频发送完成
[2024-02-22 14:22:34:032] [this=0x1e987c8: Thread ID=32082112]CMGMediaEngine::ClenaCmd  事务ID为:12 的任务正在执行......
[2024-02-22 14:22:34:795] [this=0x1e9b2e8: Thread ID=33336816]CH264LoopBuffer::FeedH264Data 获取到有效的sps pps
[2024-02-22 14:22:34:953] [this=0x1fca600: Thread ID=33034848: dataIndex=0] CRtmpLive::第一帧视频发送完成
[2024-02-22 14:22:35:023] [this=0x1fb7d28: Thread ID=33017144: dataIndex=1] CRtmpLive::第一帧音频发送完成 
[2024-02-22 14:22:35:032] [this=0x1e987c8: Thread ID=32082112]CMGMediaEngine::ClenaCmd  事务ID为:12 的任务正在执行......
[2024-02-22 14:22:35:874] [this=0x1fca600: Thread ID=33034848: dataIndex=0] CRtmpLive::第一帧音频发送完成 
[2024-02-22 14:22:36:021] [this=0x1e9a4a8: Thread ID=32129568: dataIndex=0]CManipulator::process 任务数量:1
[2024-02-22 14:22:36:034] [this=0x1e987c8: Thread ID=32082112]CMGMediaEngine::ClenaCmd  事务ID为:12 的任务正在执行......
[2024-02-22 14:22:37:037] [this=0x1e987c8: Thread ID=32082112]CMGMediaEngine::ClenaCmd  事务ID为:12 的任务正在执行......
[2024-02-22 14:22:38:037] [this=0x1e987c8: Thread ID=32082112]CMGMediaEngine::ClenaCmd  事务ID为:12 的任务正在执行......
[2024-02-22 14:22:39:037] [this=0x1e987c8: Thread ID=32082112]CMGMediaEngine::ClenaCmd  事务ID为:12 的任务正在执行......
[2024-02-22 14:22:40:039] [this=0x1e987c8: Thread ID=32082112]CMGMediaEngine::ClenaCmd  事务ID为:12 的任务正在执行......
[2024-02-22 14:22:41:021] [this=0x1e9a4a8: Thread ID=32129568: dataIndex=0]CManipulator::process 任务数量:1
[2024-02-22 14:22:41:039] [this=0x1e987c8: Thread ID=32082112]CMGMediaEngine::ClenaCmd  事务ID为:12 的任务正在执行......
[2024-02-22 14:22:42:043] [this=0x1e987c8: Thread ID=32082112]CMGMediaEngine::ClenaCmd  事务ID为:12 的任务正在执行......
[2024-02-22 14:22:43:043] [this=0x1e987c8: Thread ID=32082112]CMGMediaEngine::ClenaCmd  事务ID为:12 的任务正在执行......
[2024-02-22 14:22:44:043] [this=0x1e987c8: Thread ID=32082112]CMGMediaEngine::ClenaCmd  事务ID为:12 的任务正在执行......
[2024-02-22 14:22:45:045] [this=0x1e987c8: Thread ID=32082112]CMGMediaEngine::ClenaCmd  事务ID为:12 的任务正在执行......
[2024-02-22 14:22:46:023] [this=0x1fc91b8: Thread ID=33062904: dataIndex=1]CMGPublisher::process 推流线程正在工作......
[2024-02-22 14:22:46:046] [this=0x1e987c8: Thread ID=32082112]CMGMediaEngine::ClenaCmd  事务ID为:12 的任务正在执行......
[2024-02-22 14:22:47:050] [this=0x1e987c8: Thread ID=32082112]CMGMediaEngine::ClenaCmd  事务ID为:12 的任务正在执行......
[2024-02-22 14:22:48:051] [this=0x1e987c8: Thread ID=32082112]CMGMediaEngine::ClenaCmd  事务ID为:12 的任务正在执行......
[2024-02-22 14:22:49:055] [this=0x1e987c8: Thread ID=32082112]CMGMediaEngine::ClenaCmd  事务ID为:12 的任务正在执行......
[2024-02-22 14:22:50:059] [this=0x1e987c8: Thread ID=32082112]CMGMediaEngine::ClenaCmd  事务ID为:12 的任务正在执行......
[2024-02-22 14:22:51:023] [this=0x1f5aa30: Thread ID=33344896: dataIndex=0]CMGPublisher::process 推流线程正在工作......
[2024-02-22 14:22:51:063] [this=0x1e987c8: Thread ID=32082112]CMGMediaEngine::ClenaCmd  事务ID为:12 的任务正在执行......
[2024-02-22 14:22:52:065] [this=0x1e987c8: Thread ID=32082112]CMGMediaEngine::ClenaCmd  事务ID为:12 的任务正在执行......
[2024-02-22 14:22:53:069] [this=0x1e987c8: Thread ID=32082112]CMGMediaEngine::ClenaCmd  事务ID为:12 的任务正在执行......
[2024-02-22 14:22:54:071] [this=0x1e987c8: Thread ID=32082112]CMGMediaEngine::ClenaCmd  事务ID为:12 的任务正在执行......
[2024-02-22 14:22:55:083] [this=0x1e987c8: Thread ID=32082112]CMGMediaEngine::ClenaCmd  事务ID为:12 的任务正在执行......
[2024-02-22 14:22:56:023] [this=0x1e987c8: Thread ID=32082112]CMGMediaEngine::ClenaCmd CCommandManager任务队列有2个任务
[2024-02-22 14:22:56:023] [this=0x1e9a4a8: Thread ID=32129568: dataIndex=0]CManipulator::process 任务数量:1
[2024-02-22 14:22:56:084] [this=0x1e987c8: Thread ID=32082112]CMGMediaEngine::ClenaCmd  事务ID为:12 的任务正在执行......
[2024-02-22 14:22:57:084] [this=0x1e987c8: Thread ID=32082112]CMGMediaEngine::ClenaCmd  事务ID为:12 的任务正在执行......
[2024-02-22 14:22:58:088] [this=0x1e987c8: Thread ID=32082112]CMGMediaEngine::ClenaCmd  事务ID为:12 的任务正在执行......
[2024-02-22 14:22:59:091] [this=0x1e987c8: Thread ID=32082112]CMGMediaEngine::ClenaCmd  事务ID为:12 的任务正在执行......
[2024-02-22 14:23:00:092] [this=0x1e987c8: Thread ID=32082112]CMGMediaEngine::ClenaCmd  事务ID为:12 的任务正在执行......
[2024-02-22 14:23:01:027] [this=0x1e987c8: Thread ID=32082112]CMGMediaEngine::ClenaCmd CCommandManager任务队列有2个任务
[2024-02-22 14:23:01:027] [this=0x1e9a4a8: Thread ID=32129568: dataIndex=0]CManipulator::process 任务数量:1
[2024-02-22 14:23:01:095] [this=0x1e987c8: Thread ID=32082112]CMGMediaEngine::ClenaCmd  事务ID为:12 的任务正在执行......
[2024-02-22 14:23:02:099] [this=0x1e987c8: Thread ID=32082112]CMGMediaEngine::ClenaCmd  事务ID为:12 的任务正在执行......
[2024-02-22 14:23:03:099] [this=0x1e987c8: Thread ID=32082112]CMGMediaEngine::ClenaCmd  事务ID为:12 的任务正在执行......
[2024-02-22 14:23:04:103] [this=0x1e987c8: Thread ID=32082112]CMGMediaEngine::ClenaCmd  事务ID为:12 的任务正在执行......
[2024-02-22 14:23:05:103] [this=0x1e987c8: Thread ID=32082112]CMGMediaEngine::ClenaCmd  事务ID为:12 的任务正在执行......
[2024-02-22 14:23:06:030] [this=0x1e987c8: Thread ID=32082112]CMGMediaEngine::ClenaCmd CCommandManager任务队列有2个任务
[2024-02-22 14:23:06:108] [this=0x1e987c8: Thread ID=32082112]CMGMediaEngine::ClenaCmd  事务ID为:12 的任务正在执行......
[2024-02-22 14:23:07:109] [this=0x1e987c8: Thread ID=32082112]CMGMediaEngine::ClenaCmd  事务ID为:12 的任务正在执行......
[2024-02-22 14:23:08:109] [this=0x1e987c8: Thread ID=32082112]CMGMediaEngine::ClenaCmd  事务ID为:12 的任务正在执行......
[2024-02-22 14:23:09:113] [this=0x1e987c8: Thread ID=32082112]CMGMediaEngine::ClenaCmd  事务ID为:12 的任务正在执行......
[2024-02-22 14:23:10:116] [this=0x1e987c8: Thread ID=32082112]CMGMediaEngine::ClenaCmd  事务ID为:12 的任务正在执行......
[2024-02-22 14:23:11:031] [this=0x1ea46f8: Thread ID=32171568: dataIndex=1]CManipulator::process 任务数量:1
[2024-02-22 14:23:11:118] [this=0x1e987c8: Thread ID=32082112]CMGMediaEngine::ClenaCmd  事务ID为:12 的任务正在执行......
[2024-02-22 14:23:12:119] [this=0x1e987c8: Thread ID=32082112]CMGMediaEngine::ClenaCmd  事务ID为:12 的任务正在执行......
[2024-02-22 14:23:13:120] [this=0x1e987c8: Thread ID=32082112]CMGMediaEngine::ClenaCmd  事务ID为:12 的任务正在执行......
[2024-02-22 14:23:14:124] [this=0x1e987c8: Thread ID=32082112]CMGMediaEngine::ClenaCmd  事务ID为:12 的任务正在执行......
[2024-02-22 14:23:15:126] [this=0x1e987c8: Thread ID=32082112]CMGMediaEngine::ClenaCmd  事务ID为:12 的任务正在执行......
[2024-02-22 14:23:16:034] [this=0x1e9a4a8: Thread ID=32129568: dataIndex=0]CManipulator::process 任务数量:1
[2024-02-22 14:23:16:034] [this=0x1e987c8: Thread ID=32082112]CMGMediaEngine::ClenaCmd CCommandManager任务队列有2个任务
[2024-02-22 14:23:16:034] [this=0x1ea46f8: Thread ID=32171568: dataIndex=1]CManipulator::process 任务数量:1
[2024-02-22 14:23:16:129] [this=0x1e987c8: Thread ID=32082112]CMGMediaEngine::ClenaCmd  事务ID为:12 的任务正在执行......
[2024-02-22 14:23:17:132] [this=0x1e987c8: Thread ID=32082112]CMGMediaEngine::ClenaCmd  事务ID为:12 的任务正在执行......
[2024-02-22 14:23:18:134] [this=0x1e987c8: Thread ID=32082112]CMGMediaEngine::ClenaCmd  事务ID为:12 的任务正在执行......
[2024-02-22 14:23:19:138] [this=0x1e987c8: Thread ID=32082112]CMGMediaEngine::ClenaCmd  事务ID为:12 的任务正在执行......
[2024-02-22 14:23:20:138] [this=0x1e987c8: Thread ID=32082112]CMGMediaEngine::ClenaCmd  事务ID为:12 的任务正在执行......
[2024-02-22 14:23:21:037] [this=0x1f5aa30: Thread ID=33344896: dataIndex=0]CMGPublisher::process 推流线程正在工作......
[2024-02-22 14:23:21:037] [this=0x1fc91b8: Thread ID=33062904: dataIndex=1]CMGPublisher::process 推流线程正在工作......
[2024-02-22 14:23:21:143] [this=0x1e987c8: Thread ID=32082112]CMGMediaEngine::ClenaCmd  事务ID为:12 的任务正在执行......
[2024-02-22 14:23:22:143] [this=0x1e987c8: Thread ID=32082112]CMGMediaEngine::ClenaCmd  事务ID为:12 的任务正在执行......
[2024-02-22 14:23:23:146] [this=0x1e987c8: Thread ID=32082112]CMGMediaEngine::ClenaCmd  事务ID为:12 的任务正在执行......
[2024-02-22 14:23:24:147] [this=0x1e987c8: Thread ID=32082112]CMGMediaEngine::ClenaCmd  事务ID为:12 的任务正在执行......
[2024-02-22 14:23:25:148] [this=0x1e987c8: Thread ID=32082112]CMGMediaEngine::ClenaCmd  事务ID为:12 的任务正在执行......
[2024-02-22 14:23:26:037] [this=0x1e9a4a8: Thread ID=32129568: dataIndex=0]CManipulator::process 任务数量:1
[2024-02-22 14:23:26:150] [this=0x1e987c8: Thread ID=32082112]CMGMediaEngine::ClenaCmd  事务ID为:12 的任务正在执行......
[2024-02-22 14:23:27:153] [this=0x1e987c8: Thread ID=32082112]CMGMediaEngine::ClenaCmd  事务ID为:12 的任务正在执行......
[2024-02-22 14:23:28:157] [this=0x1e987c8: Thread ID=32082112]CMGMediaEngine::ClenaCmd  事务ID为:12 的任务正在执行......
[2024-02-22 14:23:29:163] [this=0x1e987c8: Thread ID=32082112]CMGMediaEngine::ClenaCmd  事务ID为:12 的任务正在执行......
[2024-02-22 14:23:30:165] [this=0x1e987c8: Thread ID=32082112]CMGMediaEngine::ClenaCmd  事务ID为:12 的任务正在执行......
[2024-02-22 14:23:31:037] [this=0x1e987c8: Thread ID=32082112]CMGMediaEngine::ClenaCmd CCommandManager任务队列有2个任务
[2024-02-22 14:23:31:170] [this=0x1e987c8: Thread ID=32082112]CMGMediaEngine::ClenaCmd  事务ID为:12 的任务正在执行......
[2024-02-22 14:23:32:170] [this=0x1e987c8: Thread ID=32082112]CMGMediaEngine::ClenaCmd  事务ID为:12 的任务正在执行......
[2024-02-22 14:23:33:174] [this=0x1e987c8: Thread ID=32082112]CMGMediaEngine::ClenaCmd  事务ID为:12 的任务正在执行......
[2024-02-22 14:23:34:174] [this=0x1e987c8: Thread ID=32082112]CMGMediaEngine::ClenaCmd  事务ID为:12 的任务正在执行......
[2024-02-22 14:23:35:177] [this=0x1e987c8: Thread ID=32082112]CMGMediaEngine::ClenaCmd  事务ID为:12 的任务正在执行......
[2024-02-22 14:23:36:037] [this=0x1f5aa30: Thread ID=33344896: dataIndex=0]CMGPublisher::process 推流线程正在工作......
[2024-02-22 14:23:36:179] [this=0x1e987c8: Thread ID=32082112]CMGMediaEngine::ClenaCmd  事务ID为:12 的任务正在执行......
[2024-02-22 14:23:37:179] [this=0x1e987c8: Thread ID=32082112]CMGMediaEngine::ClenaCmd  事务ID为:12 的任务正在执行......
[2024-02-22 14:23:38:182] [this=0x1e987c8: Thread ID=32082112]CMGMediaEngine::ClenaCmd  事务ID为:12 的任务正在执行......
[2024-02-22 14:23:39:186] [this=0x1e987c8: Thread ID=32082112]CMGMediaEngine::ClenaCmd  事务ID为:12 的任务正在执行......
[2024-02-22 14:23:40:187] [this=0x1e987c8: Thread ID=32082112]CMGMediaEngine::ClenaCmd  事务ID为:12 的任务正在执行......
[2024-02-22 14:23:41:039] [this=0x1f5aa30: Thread ID=33344896: dataIndex=0]CMGPublisher::process 推流线程正在工作......
[2024-02-22 14:23:41:189] [this=0x1e987c8: Thread ID=32082112]CMGMediaEngine::ClenaCmd  事务ID为:12 的任务正在执行......
[2024-02-22 14:23:42:189] [this=0x1e987c8: Thread ID=32082112]CMGMediaEngine::ClenaCmd  事务ID为:12 的任务正在执行......
[2024-02-22 14:23:43:192] [this=0x1e987c8: Thread ID=32082112]CMGMediaEngine::ClenaCmd  事务ID为:12 的任务正在执行......
[2024-02-22 14:23:44:192] [this=0x1e987c8: Thread ID=32082112]CMGMediaEngine::ClenaCmd  事务ID为:12 的任务正在执行......
[2024-02-22 14:23:45:192] [this=0x1e987c8: Thread ID=32082112]CMGMediaEngine::ClenaCmd  事务ID为:12 的任务正在执行......
[2024-02-22 14:23:46:039] [this=0x1f5aa30: Thread ID=33344896: dataIndex=0]CMGPublisher::process 推流线程正在工作......
[2024-02-22 14:23:46:197] [this=0x1e987c8: Thread ID=32082112]CMGMediaEngine::ClenaCmd  事务ID为:12 的任务正在执行......
[2024-02-22 14:23:47:199] [this=0x1e987c8: Thread ID=32082112]CMGMediaEngine::ClenaCmd  事务ID为:12 的任务正在执行......
[2024-02-22 14:23:48:199] [this=0x1e987c8: Thread ID=32082112]CMGMediaEngine::ClenaCmd  事务ID为:12 的任务正在执行......
[2024-02-22 14:23:49:201] [this=0x1e987c8: Thread ID=32082112]CMGMediaEngine::ClenaCmd  事务ID为:12 的任务正在执行......
[2024-02-22 14:23:50:203] [this=0x1e987c8: Thread ID=32082112]CMGMediaEngine::ClenaCmd  事务ID为:12 的任务正在执行......
[2024-02-22 14:23:51:039] [this=0x1e987c8: Thread ID=32082112]CMGMediaEngine::ClenaCmd CCommandManager任务队列有2个任务
[2024-02-22 14:23:51:207] [this=0x1e987c8: Thread ID=32082112]CMGMediaEngine::ClenaCmd  事务ID为:12 的任务正在执行......
[2024-02-22 14:23:52:210] [this=0x1e987c8: Thread ID=32082112]CMGMediaEngine::ClenaCmd  事务ID为:12 的任务正在执行......
[2024-02-22 14:23:53:214] [this=0x1e987c8: Thread ID=32082112]CMGMediaEngine::ClenaCmd  事务ID为:12 的任务正在执行......
[2024-02-22 14:23:54:214] [this=0x1e987c8: Thread ID=32082112]CMGMediaEngine::ClenaCmd  事务ID为:12 的任务正在执行......
[2024-02-22 14:23:55:218] [this=0x1e987c8: Thread ID=32082112]CMGMediaEngine::ClenaCmd  事务ID为:12 的任务正在执行......
[2024-02-22 14:23:56:039] [this=0x1e987c8: Thread ID=32082112]CMGMediaEngine::ClenaCmd CCommandManager任务队列有2个任务
[2024-02-22 14:23:56:221] [this=0x1e987c8: Thread ID=32082112]CMGMediaEngine::ClenaCmd  事务ID为:12 的任务正在执行......
[2024-02-22 14:23:57:221] [this=0x1e987c8: Thread ID=32082112]CMGMediaEngine::ClenaCmd  事务ID为:12 的任务正在执行......
[2024-02-22 14:23:58:224] [this=0x1e987c8: Thread ID=32082112]CMGMediaEngine::ClenaCmd  事务ID为:12 的任务正在执行......
[2024-02-22 14:23:59:226] [this=0x1e987c8: Thread ID=32082112]CMGMediaEngine::ClenaCmd  事务ID为:12 的任务正在执行......
[2024-02-22 14:24:00:225] [this=0x1e987c8: Thread ID=32082112]CMGMediaEngine::ClenaCmd  事务ID为:12 的任务正在执行......
[2024-02-22 14:24:01:039] [this=0x1f5aa30: Thread ID=33344896: dataIndex=0]CMGPublisher::process 推流线程正在工作......
[2024-02-22 14:24:01:226] [this=0x1e987c8: Thread ID=32082112]CMGMediaEngine::ClenaCmd  事务ID为:12 的任务正在执行......
[2024-02-22 14:24:02:228] [this=0x1e987c8: Thread ID=32082112]CMGMediaEngine::ClenaCmd  事务ID为:12 的任务正在执行......
[2024-02-22 14:24:03:230] [this=0x1e987c8: Thread ID=32082112]CMGMediaEngine::ClenaCmd  事务ID为:12 的任务正在执行......
[2024-02-22 14:24:04:229] [this=0x1e987c8: Thread ID=32082112]CMGMediaEngine::ClenaCmd  事务ID为:12 的任务正在执行......
[2024-02-22 14:24:05:236] [this=0x1e987c8: Thread ID=32082112]CMGMediaEngine::ClenaCmd  事务ID为:12 的任务正在执行......
[2024-02-22 14:24:06:040] [this=0x1e9a4a8: Thread ID=32129568: dataIndex=0]CManipulator::process 任务数量:1
[2024-02-22 14:24:06:238] [this=0x1e987c8: Thread ID=32082112]CMGMediaEngine::ClenaCmd  事务ID为:12 的任务正在执行......
[2024-02-22 14:24:07:242] [this=0x1e987c8: Thread ID=32082112]CMGMediaEngine::ClenaCmd  事务ID为:12 的任务正在执行......
[2024-02-22 14:24:08:246] [this=0x1e987c8: Thread ID=32082112]CMGMediaEngine::ClenaCmd  事务ID为:12 的任务正在执行......
[2024-02-22 14:24:09:246] [this=0x1e987c8: Thread ID=32082112]CMGMediaEngine::ClenaCmd  事务ID为:12 的任务正在执行......
[2024-02-22 14:24:10:248] [this=0x1e987c8: Thread ID=32082112]CMGMediaEngine::ClenaCmd  事务ID为:12 的任务正在执行......
[2024-02-22 14:24:11:040] [this=0x1e987c8: Thread ID=32082112]CMGMediaEngine::ClenaCmd CCommandManager任务队列有2个任务
[2024-02-22 14:24:11:252] [this=0x1e987c8: Thread ID=32082112]CMGMediaEngine::ClenaCmd  事务ID为:12 的任务正在执行......
[2024-02-22 14:24:12:256] [this=0x1e987c8: Thread ID=32082112]CMGMediaEngine::ClenaCmd  事务ID为:12 的任务正在执行......
[2024-02-22 14:24:13:260] [this=0x1e987c8: Thread ID=32082112]CMGMediaEngine::ClenaCmd  事务ID为:12 的任务正在执行......
[2024-02-22 14:24:14:262] [this=0x1e987c8: Thread ID=32082112]CMGMediaEngine::ClenaCmd  事务ID为:12 的任务正在执行......
[2024-02-22 14:24:15:265] [this=0x1e987c8: Thread ID=32082112]CMGMediaEngine::ClenaCmd  事务ID为:12 的任务正在执行......
[2024-02-22 14:24:16:042] [this=0x1fc91b8: Thread ID=33062904: dataIndex=1]CMGPublisher::process 推流线程正在工作......
[2024-02-22 14:24:16:266] [this=0x1e987c8: Thread ID=32082112]CMGMediaEngine::ClenaCmd  事务ID为:12 的任务正在执行......
[2024-02-22 14:24:17:269] [this=0x1e987c8: Thread ID=32082112]CMGMediaEngine::ClenaCmd  事务ID为:12 的任务正在执行......
[2024-02-22 14:24:18:270] [this=0x1e987c8: Thread ID=32082112]CMGMediaEngine::ClenaCmd  事务ID为:12 的任务正在执行......
[2024-02-22 14:24:19:272] [this=0x1e987c8: Thread ID=32082112]CMGMediaEngine::ClenaCmd  事务ID为:12 的任务正在执行......
[2024-02-22 14:24:20:273] [this=0x1e987c8: Thread ID=32082112]CMGMediaEngine::ClenaCmd  事务ID为:12 的任务正在执行......
[2024-02-22 14:24:21:045] [this=0x1e987c8: Thread ID=32082112]CMGMediaEngine::ClenaCmd CCommandManager任务队列有2个任务
[2024-02-22 14:24:21:045] [this=0x1e9a4a8: Thread ID=32129568: dataIndex=0]CManipulator::process 任务数量:1
[2024-02-22 14:24:21:278] [this=0x1e987c8: Thread ID=32082112]CMGMediaEngine::ClenaCmd  事务ID为:12 的任务正在执行......
[2024-02-22 14:24:22:281] [this=0x1e987c8: Thread ID=32082112]CMGMediaEngine::ClenaCmd  事务ID为:12 的任务正在执行......
[2024-02-22 14:24:23:284] [this=0x1e987c8: Thread ID=32082112]CMGMediaEngine::ClenaCmd  事务ID为:12 的任务正在执行......
[2024-02-22 14:24:24:286] [this=0x1e987c8: Thread ID=32082112]CMGMediaEngine::ClenaCmd  事务ID为:12 的任务正在执行......
[2024-02-22 14:24:25:289] [this=0x1e987c8: Thread ID=32082112]CMGMediaEngine::ClenaCmd  事务ID为:12 的任务正在执行......
[2024-02-22 14:24:26:045] [this=0x1ea46f8: Thread ID=32171568: dataIndex=1]CManipulator::process 任务数量:1
[2024-02-22 14:24:26:046] [this=0x1e9a4a8: Thread ID=32129568: dataIndex=0]CManipulator::process 任务数量:1
[2024-02-22 14:24:26:293] [this=0x1e987c8: Thread ID=32082112]CMGMediaEngine::ClenaCmd  事务ID为:12 的任务正在执行......
[2024-02-22 14:24:27:295] [this=0x1e987c8: Thread ID=32082112]CMGMediaEngine::ClenaCmd  事务ID为:12 的任务正在执行......
[2024-02-22 14:24:28:295] [this=0x1e987c8: Thread ID=32082112]CMGMediaEngine::ClenaCmd  事务ID为:12 的任务正在执行......
[2024-02-22 14:24:29:299] [this=0x1e987c8: Thread ID=32082112]CMGMediaEngine::ClenaCmd  事务ID为:12 的任务正在执行......
[2024-02-22 14:24:30:300] [this=0x1e987c8: Thread ID=32082112]CMGMediaEngine::ClenaCmd  事务ID为:12 的任务正在执行......
[2024-02-22 14:24:31:046] [this=0x1f5aa30: Thread ID=33344896: dataIndex=0]CMGPublisher::process 推流线程正在工作......
[2024-02-22 14:24:31:046] [this=0x1e987c8: Thread ID=32082112]CMGMediaEngine::ClenaCmd CCommandManager任务队列有2个任务
[2024-02-22 14:24:31:300] [this=0x1e987c8: Thread ID=32082112]CMGMediaEngine::ClenaCmd  事务ID为:12 的任务正在执行......
[2024-02-22 14:24:32:303] [this=0x1e987c8: Thread ID=32082112]CMGMediaEngine::ClenaCmd  事务ID为:12 的任务正在执行......
[2024-02-22 14:24:33:307] [this=0x1e987c8: Thread ID=32082112]CMGMediaEngine::ClenaCmd  事务ID为:12 的任务正在执行......
[2024-02-22 14:24:34:310] [this=0x1e987c8: Thread ID=32082112]CMGMediaEngine::ClenaCmd  事务ID为:12 的任务正在执行......
[2024-02-22 14:24:35:311] [this=0x1e987c8: Thread ID=32082112]CMGMediaEngine::ClenaCmd  事务ID为:12 的任务正在执行......
[2024-02-22 14:24:36:047] [this=0x1e9a4a8: Thread ID=32129568: dataIndex=0]CManipulator::process 任务数量:1
[2024-02-22 14:24:36:315] [this=0x1e987c8: Thread ID=32082112]CMGMediaEngine::ClenaCmd  事务ID为:12 的任务正在执行......
[2024-02-22 14:24:37:315] [this=0x1e987c8: Thread ID=32082112]CMGMediaEngine::ClenaCmd  事务ID为:12 的任务正在执行......
[2024-02-22 14:24:38:316] [this=0x1e987c8: Thread ID=32082112]CMGMediaEngine::ClenaCmd  事务ID为:12 的任务正在执行......
[2024-02-22 14:24:39:316] [this=0x1e987c8: Thread ID=32082112]CMGMediaEngine::ClenaCmd  事务ID为:12 的任务正在执行......
[2024-02-22 14:24:40:318] [this=0x1e987c8: Thread ID=32082112]CMGMediaEngine::ClenaCmd  事务ID为:12 的任务正在执行......
[2024-02-22 14:24:41:047] [this=0x1ea46f8: Thread ID=32171568: dataIndex=1]CManipulator::process 任务数量:1
[2024-02-22 14:24:41:322] [this=0x1e987c8: Thread ID=32082112]CMGMediaEngine::ClenaCmd  事务ID为:12 的任务正在执行......
[2024-02-22 14:24:42:324] [this=0x1e987c8: Thread ID=32082112]CMGMediaEngine::ClenaCmd  事务ID为:12 的任务正在执行......
[2024-02-22 14:24:43:324] [this=0x1e987c8: Thread ID=32082112]CMGMediaEngine::ClenaCmd  事务ID为:12 的任务正在执行......
[2024-02-22 14:24:44:325] [this=0x1e987c8: Thread ID=32082112]CMGMediaEngine::ClenaCmd  事务ID为:12 的任务正在执行......
[2024-02-22 14:24:45:329] [this=0x1e987c8: Thread ID=32082112]CMGMediaEngine::ClenaCmd  事务ID为:12 的任务正在执行......
[2024-02-22 14:24:46:048] [this=0x1ea46f8: Thread ID=32171568: dataIndex=1]CManipulator::process 任务数量:1
[2024-02-22 14:24:46:048] [this=0x1e987c8: Thread ID=32082112]CMGMediaEngine::ClenaCmd CCommandManager任务队列有2个任务
[2024-02-22 14:24:46:332] [this=0x1e987c8: Thread ID=32082112]CMGMediaEngine::ClenaCmd  事务ID为:12 的任务正在执行......
[2024-02-22 14:24:47:336] [this=0x1e987c8: Thread ID=32082112]CMGMediaEngine::ClenaCmd  事务ID为:12 的任务正在执行......
[2024-02-22 14:24:48:341] [this=0x1e987c8: Thread ID=32082112]CMGMediaEngine::ClenaCmd  事务ID为:12 的任务正在执行......
[2024-02-22 14:24:49:344] [this=0x1e987c8: Thread ID=32082112]CMGMediaEngine::ClenaCmd  事务ID为:12 的任务正在执行......
[2024-02-22 14:24:50:344] [this=0x1e987c8: Thread ID=32082112]CMGMediaEngine::ClenaCmd  事务ID为:12 的任务正在执行......
[2024-02-22 14:24:51:048] [this=0x1ea46f8: Thread ID=32171568: dataIndex=1]CManipulator::process 任务数量:1
[2024-02-22 14:24:51:345] [this=0x1e987c8: Thread ID=32082112]CMGMediaEngine::ClenaCmd  事务ID为:12 的任务正在执行......
[2024-02-22 14:24:52:347] [this=0x1e987c8: Thread ID=32082112]CMGMediaEngine::ClenaCmd  事务ID为:12 的任务正在执行......
[2024-02-22 14:24:53:351] [this=0x1e987c8: Thread ID=32082112]CMGMediaEngine::ClenaCmd  事务ID为:12 的任务正在执行......
[2024-02-22 14:24:54:356] [this=0x1e987c8: Thread ID=32082112]CMGMediaEngine::ClenaCmd  事务ID为:12 的任务正在执行......
[2024-02-22 14:24:55:360] [this=0x1e987c8: Thread ID=32082112]CMGMediaEngine::ClenaCmd  事务ID为:12 的任务正在执行......
[2024-02-22 14:24:56:048] [this=0x1fc91b8: Thread ID=33062904: dataIndex=1]CMGPublisher::process 推流线程正在工作......
[2024-02-22 14:24:56:364] [this=0x1e987c8: Thread ID=32082112]CMGMediaEngine::ClenaCmd  事务ID为:12 的任务正在执行......
[2024-02-22 14:24:57:364] [this=0x1e987c8: Thread ID=32082112]CMGMediaEngine::ClenaCmd  事务ID为:12 的任务正在执行......
[2024-02-22 14:24:58:367] [this=0x1e987c8: Thread ID=32082112]CMGMediaEngine::ClenaCmd  事务ID为:12 的任务正在执行......
[2024-02-22 14:24:59:370] [this=0x1e987c8: Thread ID=32082112]CMGMediaEngine::ClenaCmd  事务ID为:12 的任务正在执行......
[2024-02-22 14:25:00:370] [this=0x1e987c8: Thread ID=32082112]CMGMediaEngine::ClenaCmd  事务ID为:12 的任务正在执行......
[2024-02-22 14:25:01:050] [this=0x1e987c8: Thread ID=32082112]CMGMediaEngine::ClenaCmd CCommandManager任务队列有2个任务
[2024-02-22 14:25:01:370] [this=0x1e987c8: Thread ID=32082112]CMGMediaEngine::ClenaCmd  事务ID为:12 的任务正在执行......
[2024-02-22 14:25:02:373] [this=0x1e987c8: Thread ID=32082112]CMGMediaEngine::ClenaCmd  事务ID为:12 的任务正在执行......
[2024-02-22 14:25:03:377] [this=0x1e987c8: Thread ID=32082112]CMGMediaEngine::ClenaCmd  事务ID为:12 的任务正在执行......
[2024-02-22 14:25:04:381] [this=0x1e987c8: Thread ID=32082112]CMGMediaEngine::ClenaCmd  事务ID为:12 的任务正在执行......
[2024-02-22 14:25:05:382] [this=0x1e987c8: Thread ID=32082112]CMGMediaEngine::ClenaCmd  事务ID为:12 的任务正在执行......
[2024-02-22 14:25:06:051] [this=0x1e987c8: Thread ID=32082112]CMGMediaEngine::ClenaCmd CCommandManager任务队列有2个任务
[2024-02-22 14:25:06:385] [this=0x1e987c8: Thread ID=32082112]CMGMediaEngine::ClenaCmd  事务ID为:12 的任务正在执行......
[2024-02-22 14:25:07:391] [this=0x1e987c8: Thread ID=32082112]CMGMediaEngine::ClenaCmd  事务ID为:12 的任务正在执行......
[2024-02-22 14:25:08:395] [this=0x1e987c8: Thread ID=32082112]CMGMediaEngine::ClenaCmd  事务ID为:12 的任务正在执行......
[2024-02-22 14:25:09:398] [this=0x1e987c8: Thread ID=32082112]CMGMediaEngine::ClenaCmd  事务ID为:12 的任务正在执行......
[2024-02-22 14:25:10:402] [this=0x1e987c8: Thread ID=32082112]CMGMediaEngine::ClenaCmd  事务ID为:12 的任务正在执行......
[2024-02-22 14:25:11:054] [this=0x1fc91b8: Thread ID=33062904: dataIndex=1]CMGPublisher::process 推流线程正在工作......
[2024-02-22 14:25:11:405] [this=0x1e987c8: Thread ID=32082112]CMGMediaEngine::ClenaCmd  事务ID为:12 的任务正在执行......
[2024-02-22 14:25:12:407] [this=0x1e987c8: Thread ID=32082112]CMGMediaEngine::ClenaCmd  事务ID为:12 的任务正在执行......
[2024-02-22 14:25:13:409] [this=0x1e987c8: Thread ID=32082112]CMGMediaEngine::ClenaCmd  事务ID为:12 的任务正在执行......
[2024-02-22 14:25:14:413] [this=0x1e987c8: Thread ID=32082112]CMGMediaEngine::ClenaCmd  事务ID为:12 的任务正在执行......
[2024-02-22 14:25:15:414] [this=0x1e987c8: Thread ID=32082112]CMGMediaEngine::ClenaCmd  事务ID为:12 的任务正在执行......
[2024-02-22 14:25:16:055] [this=0x1e987c8: Thread ID=32082112]CMGMediaEngine::ClenaCmd CCommandManager任务队列有2个任务
[2024-02-22 14:25:16:419] [this=0x1e987c8: Thread ID=32082112]CMGMediaEngine::ClenaCmd  事务ID为:12 的任务正在执行......
[2024-02-22 14:25:17:422] [this=0x1e987c8: Thread ID=32082112]CMGMediaEngine::ClenaCmd  事务ID为:12 的任务正在执行......
[2024-02-22 14:25:18:425] [this=0x1e987c8: Thread ID=32082112]CMGMediaEngine::ClenaCmd  事务ID为:12 的任务正在执行......
[2024-02-22 14:25:19:429] [this=0x1e987c8: Thread ID=32082112]CMGMediaEngine::ClenaCmd  事务ID为:12 的任务正在执行......
[2024-02-22 14:25:20:433] [this=0x1e987c8: Thread ID=32082112]CMGMediaEngine::ClenaCmd  事务ID为:12 的任务正在执行......
[2024-02-22 14:25:21:055] [this=0x1fc91b8: Thread ID=33062904: dataIndex=1]CMGPublisher::process 推流线程正在工作......
[2024-02-22 14:25:21:436] [this=0x1e987c8: Thread ID=32082112]CMGMediaEngine::ClenaCmd  事务ID为:12 的任务正在执行......
[2024-02-22 14:25:22:436] [this=0x1e987c8: Thread ID=32082112]CMGMediaEngine::ClenaCmd  事务ID为:12 的任务正在执行......
[2024-02-22 14:25:23:439] [this=0x1e987c8: Thread ID=32082112]CMGMediaEngine::ClenaCmd  事务ID为:12 的任务正在执行......
[2024-02-22 14:25:24:439] [this=0x1e987c8: Thread ID=32082112]CMGMediaEngine::ClenaCmd  事务ID为:12 的任务正在执行......
[2024-02-22 14:25:25:443] [this=0x1e987c8: Thread ID=32082112]CMGMediaEngine::ClenaCmd  事务ID为:12 的任务正在执行......
[2024-02-22 14:25:26:058] [this=0x1e987c8: Thread ID=32082112]CMGMediaEngine::ClenaCmd CCommandManager任务队列有2个任务
[2024-02-22 14:25:26:444] [this=0x1e987c8: Thread ID=32082112]CMGMediaEngine::ClenaCmd  事务ID为:12 的任务正在执行......
[2024-02-22 14:25:27:447] [this=0x1e987c8: Thread ID=32082112]CMGMediaEngine::ClenaCmd  事务ID为:12 的任务正在执行......
[2024-02-22 14:25:28:448] [this=0x1e987c8: Thread ID=32082112]CMGMediaEngine::ClenaCmd  事务ID为:12 的任务正在执行......
[2024-02-22 14:25:29:450] [this=0x1e987c8: Thread ID=32082112]CMGMediaEngine::ClenaCmd  事务ID为:12 的任务正在执行......
[2024-02-22 14:25:30:454] [this=0x1e987c8: Thread ID=32082112]CMGMediaEngine::ClenaCmd  事务ID为:12 的任务正在执行......
[2024-02-22 14:25:31:058] [this=0x1e987c8: Thread ID=32082112]CMGMediaEngine::ClenaCmd CCommandManager任务队列有2个任务
[2024-02-22 14:25:31:457] [this=0x1e987c8: Thread ID=32082112]CMGMediaEngine::ClenaCmd  事务ID为:12 的任务正在执行......
[2024-02-22 14:25:32:457] [this=0x1e987c8: Thread ID=32082112]CMGMediaEngine::ClenaCmd  事务ID为:12 的任务正在执行......
[2024-02-22 14:25:33:459] [this=0x1e987c8: Thread ID=32082112]CMGMediaEngine::ClenaCmd  事务ID为:12 的任务正在执行......
[2024-02-22 14:25:34:462] [this=0x1e987c8: Thread ID=32082112]CMGMediaEngine::ClenaCmd  事务ID为:12 的任务正在执行......
[2024-02-22 14:25:35:463] [this=0x1e987c8: Thread ID=32082112]CMGMediaEngine::ClenaCmd  事务ID为:12 的任务正在执行......
[2024-02-22 14:25:36:060] [this=0x1fc91b8: Thread ID=33062904: dataIndex=1]CMGPublisher::process 推流线程正在工作......
[2024-02-22 14:25:36:061] [this=0x1ea46f8: Thread ID=32171568: dataIndex=1]CManipulator::process 任务数量:1
[2024-02-22 14:25:36:466] [this=0x1e987c8: Thread ID=32082112]CMGMediaEngine::ClenaCmd  事务ID为:12 的任务正在执行......
[2024-02-22 14:25:37:472] [this=0x1e987c8: Thread ID=32082112]CMGMediaEngine::ClenaCmd  事务ID为:12 的任务正在执行......
[2024-02-22 14:25:38:476] [this=0x1e987c8: Thread ID=32082112]CMGMediaEngine::ClenaCmd  事务ID为:12 的任务正在执行......
[2024-02-22 14:25:39:478] [this=0x1e987c8: Thread ID=32082112]CMGMediaEngine::ClenaCmd  事务ID为:12 的任务正在执行......
[2024-02-22 14:25:40:483] [this=0x1e987c8: Thread ID=32082112]CMGMediaEngine::ClenaCmd  事务ID为:12 的任务正在执行......
[2024-02-22 14:25:41:062] [this=0x1fc91b8: Thread ID=33062904: dataIndex=1]CMGPublisher::process 推流线程正在工作......
[2024-02-22 14:25:41:483] [this=0x1e987c8: Thread ID=32082112]CMGMediaEngine::ClenaCmd  事务ID为:12 的任务正在执行......
[2024-02-22 14:25:42:487] [this=0x1e987c8: Thread ID=32082112]CMGMediaEngine::ClenaCmd  事务ID为:12 的任务正在执行......
[2024-02-22 14:25:43:489] [this=0x1e987c8: Thread ID=32082112]CMGMediaEngine::ClenaCmd  事务ID为:12 的任务正在执行......
[2024-02-22 14:25:44:488] [this=0x1e987c8: Thread ID=32082112]CMGMediaEngine::ClenaCmd  事务ID为:12 的任务正在执行......
[2024-02-22 14:25:45:491] [this=0x1e987c8: Thread ID=32082112]CMGMediaEngine::ClenaCmd  事务ID为:12 的任务正在执行......
[2024-02-22 14:25:46:063] [this=0x1f5aa30: Thread ID=33344896: dataIndex=0]CMGPublisher::process 推流线程正在工作......
[2024-02-22 14:25:46:493] [this=0x1e987c8: Thread ID=32082112]CMGMediaEngine::ClenaCmd  事务ID为:12 的任务正在执行......
[2024-02-22 14:25:47:496] [this=0x1e987c8: Thread ID=32082112]CMGMediaEngine::ClenaCmd  事务ID为:12 的任务正在执行......
[2024-02-22 14:25:48:496] [this=0x1e987c8: Thread ID=32082112]CMGMediaEngine::ClenaCmd  事务ID为:12 的任务正在执行......
[2024-02-22 14:25:49:499] [this=0x1e987c8: Thread ID=32082112]CMGMediaEngine::ClenaCmd  事务ID为:12 的任务正在执行......
[2024-02-22 14:25:50:501] [this=0x1e987c8: Thread ID=32082112]CMGMediaEngine::ClenaCmd  事务ID为:12 的任务正在执行......
[2024-02-22 14:25:51:064] [this=0x1e987c8: Thread ID=32082112]CMGMediaEngine::ClenaCmd CCommandManager任务队列有2个任务
[2024-02-22 14:25:51:064] [this=0x1e9a4a8: Thread ID=32129568: dataIndex=0]CManipulator::process 任务数量:1
[2024-02-22 14:25:51:501] [this=0x1e987c8: Thread ID=32082112]CMGMediaEngine::ClenaCmd  事务ID为:12 的任务正在执行......
[2024-02-22 14:25:52:503] [this=0x1e987c8: Thread ID=32082112]CMGMediaEngine::ClenaCmd  事务ID为:12 的任务正在执行......
[2024-02-22 14:25:53:504] [this=0x1e987c8: Thread ID=32082112]CMGMediaEngine::ClenaCmd  事务ID为:12 的任务正在执行......
[2024-02-22 14:25:54:509] [this=0x1e987c8: Thread ID=32082112]CMGMediaEngine::ClenaCmd  事务ID为:12 的任务正在执行......
[2024-02-22 14:25:55:512] [this=0x1e987c8: Thread ID=32082112]CMGMediaEngine::ClenaCmd  事务ID为:12 的任务正在执行......
[2024-02-22 14:25:56:064] [this=0x1e987c8: Thread ID=32082112]CMGMediaEngine::ClenaCmd CCommandManager任务队列有2个任务
[2024-02-22 14:25:56:511] [this=0x1e987c8: Thread ID=32082112]CMGMediaEngine::ClenaCmd  事务ID为:12 的任务正在执行......
[2024-02-22 14:25:57:512] [this=0x1e987c8: Thread ID=32082112]CMGMediaEngine::ClenaCmd  事务ID为:12 的任务正在执行......
[2024-02-22 14:25:58:512] [this=0x1e987c8: Thread ID=32082112]CMGMediaEngine::ClenaCmd  事务ID为:12 的任务正在执行......
[2024-02-22 14:25:59:512] [this=0x1e987c8: Thread ID=32082112]CMGMediaEngine::ClenaCmd  事务ID为:12 的任务正在执行......
[2024-02-22 14:26:00:512] [this=0x1e987c8: Thread ID=32082112]CMGMediaEngine::ClenaCmd  事务ID为:12 的任务正在执行......
[2024-02-22 14:26:01:067] [this=0x1ea46f8: Thread ID=32171568: dataIndex=1]CManipulator::process 任务数量:1
[2024-02-22 14:26:01:513] [this=0x1e987c8: Thread ID=32082112]CMGMediaEngine::ClenaCmd  事务ID为:12 的任务正在执行......
[2024-02-22 14:26:02:516] [this=0x1e987c8: Thread ID=32082112]CMGMediaEngine::ClenaCmd  事务ID为:12 的任务正在执行......
[2024-02-22 14:26:03:517] [this=0x1e987c8: Thread ID=32082112]CMGMediaEngine::ClenaCmd  事务ID为:12 的任务正在执行......
[2024-02-22 14:26:04:521] [this=0x1e987c8: Thread ID=32082112]CMGMediaEngine::ClenaCmd  事务ID为:12 的任务正在执行......
[2024-02-22 14:26:05:525] [this=0x1e987c8: Thread ID=32082112]CMGMediaEngine::ClenaCmd  事务ID为:12 的任务正在执行......
[2024-02-22 14:26:06:068] [this=0x1e987c8: Thread ID=32082112]CMGMediaEngine::ClenaCmd CCommandManager任务队列有2个任务
[2024-02-22 14:26:06:526] [this=0x1e987c8: Thread ID=32082112]CMGMediaEngine::ClenaCmd  事务ID为:12 的任务正在执行......
[2024-02-22 14:26:07:529] [this=0x1e987c8: Thread ID=32082112]CMGMediaEngine::ClenaCmd  事务ID为:12 的任务正在执行......
[2024-02-22 14:26:08:532] [this=0x1e987c8: Thread ID=32082112]CMGMediaEngine::ClenaCmd  事务ID为:12 的任务正在执行......
[2024-02-22 14:26:09:534] [this=0x1e987c8: Thread ID=32082112]CMGMediaEngine::ClenaCmd  事务ID为:12 的任务正在执行......
[2024-02-22 14:26:10:536] [this=0x1e987c8: Thread ID=32082112]CMGMediaEngine::ClenaCmd  事务ID为:12 的任务正在执行......
[2024-02-22 14:26:11:068] [this=0x1e987c8: Thread ID=32082112]CMGMediaEngine::ClenaCmd CCommandManager任务队列有2个任务
[2024-02-22 14:26:11:536] [this=0x1e987c8: Thread ID=32082112]CMGMediaEngine::ClenaCmd  事务ID为:12 的任务正在执行......
[2024-02-22 14:26:12:540] [this=0x1e987c8: Thread ID=32082112]CMGMediaEngine::ClenaCmd  事务ID为:12 的任务正在执行......
[2024-02-22 14:26:13:545] [this=0x1e987c8: Thread ID=32082112]CMGMediaEngine::ClenaCmd  事务ID为:12 的任务正在执行......
[2024-02-22 14:26:14:547] [this=0x1e987c8: Thread ID=32082112]CMGMediaEngine::ClenaCmd  事务ID为:12 的任务正在执行......
[2024-02-22 14:26:15:548] [this=0x1e987c8: Thread ID=32082112]CMGMediaEngine::ClenaCmd  事务ID为:12 的任务正在执行......
[2024-02-22 14:26:16:069] [this=0x1f5aa30: Thread ID=33344896: dataIndex=0]CMGPublisher::process 推流线程正在工作......
[2024-02-22 14:26:16:549] [this=0x1e987c8: Thread ID=32082112]CMGMediaEngine::ClenaCmd  事务ID为:12 的任务正在执行......
[2024-02-22 14:26:17:554] [this=0x1e987c8: Thread ID=32082112]CMGMediaEngine::ClenaCmd  事务ID为:12 的任务正在执行......
[2024-02-22 14:26:18:554] [this=0x1e987c8: Thread ID=32082112]CMGMediaEngine::ClenaCmd  事务ID为:12 的任务正在执行......
[2024-02-22 14:26:19:554] [this=0x1e987c8: Thread ID=32082112]CMGMediaEngine::ClenaCmd  事务ID为:12 的任务正在执行......
[2024-02-22 14:26:20:557] [this=0x1e987c8: Thread ID=32082112]CMGMediaEngine::ClenaCmd  事务ID为:12 的任务正在执行......
[2024-02-22 14:26:21:072] [this=0x1e987c8: Thread ID=32082112]CMGMediaEngine::ClenaCmd CCommandManager任务队列有2个任务
[2024-02-22 14:26:21:072] [this=0x1e9a4a8: Thread ID=32129568: dataIndex=0]CManipulator::process 任务数量:1
[2024-02-22 14:26:21:072] [this=0x1ea46f8: Thread ID=32171568: dataIndex=1]CManipulator::process 任务数量:1
[2024-02-22 14:26:21:558] [this=0x1e987c8: Thread ID=32082112]CMGMediaEngine::ClenaCmd  事务ID为:12 的任务正在执行......
[2024-02-22 14:26:22:558] [this=0x1e987c8: Thread ID=32082112]CMGMediaEngine::ClenaCmd  事务ID为:12 的任务正在执行......
[2024-02-22 14:26:23:563] [this=0x1e987c8: Thread ID=32082112]CMGMediaEngine::ClenaCmd  事务ID为:12 的任务正在执行......
[2024-02-22 14:26:24:565] [this=0x1e987c8: Thread ID=32082112]CMGMediaEngine::ClenaCmd  事务ID为:12 的任务正在执行......
[2024-02-22 14:26:25:568] [this=0x1e987c8: Thread ID=32082112]CMGMediaEngine::ClenaCmd  事务ID为:12 的任务正在执行......
[2024-02-22 14:26:26:073] [this=0x1f5aa30: Thread ID=33344896: dataIndex=0]CMGPublisher::process 推流线程正在工作......
[2024-02-22 14:26:26:073] [this=0x1fc91b8: Thread ID=33062904: dataIndex=1]CMGPublisher::process 推流线程正在工作......
[2024-02-22 14:26:26:570] [this=0x1e987c8: Thread ID=32082112]CMGMediaEngine::ClenaCmd  事务ID为:12 的任务正在执行......
[2024-02-22 14:26:27:574] [this=0x1e987c8: Thread ID=32082112]CMGMediaEngine::ClenaCmd  事务ID为:12 的任务正在执行......
[2024-02-22 14:26:28:577] [this=0x1e987c8: Thread ID=32082112]CMGMediaEngine::ClenaCmd  事务ID为:12 的任务正在执行......
[2024-02-22 14:26:29:581] [this=0x1e987c8: Thread ID=32082112]CMGMediaEngine::ClenaCmd  事务ID为:12 的任务正在执行......
[2024-02-22 14:26:30:585] [this=0x1e987c8: Thread ID=32082112]CMGMediaEngine::ClenaCmd  事务ID为:12 的任务正在执行......
[2024-02-22 14:26:31:073] [this=0x1fc91b8: Thread ID=33062904: dataIndex=1]CMGPublisher::process 推流线程正在工作......
[2024-02-22 14:26:31:589] [this=0x1e987c8: Thread ID=32082112]CMGMediaEngine::ClenaCmd  事务ID为:12 的任务正在执行......
[2024-02-22 14:26:32:591] [this=0x1e987c8: Thread ID=32082112]CMGMediaEngine::ClenaCmd  事务ID为:12 的任务正在执行......
[2024-02-22 14:26:33:592] [this=0x1e987c8: Thread ID=32082112]CMGMediaEngine::ClenaCmd  事务ID为:12 的任务正在执行......
[2024-02-22 14:26:34:593] [this=0x1e987c8: Thread ID=32082112]CMGMediaEngine::ClenaCmd  事务ID为:12 的任务正在执行......
[2024-02-22 14:26:35:594] [this=0x1e987c8: Thread ID=32082112]CMGMediaEngine::ClenaCmd  事务ID为:12 的任务正在执行......
[2024-02-22 14:26:36:074] [this=0x1e987c8: Thread ID=32082112]CMGMediaEngine::ClenaCmd CCommandManager任务队列有2个任务
[2024-02-22 14:26:36:596] [this=0x1e987c8: Thread ID=32082112]CMGMediaEngine::ClenaCmd  事务ID为:12 的任务正在执行......
[2024-02-22 14:26:37:596] [this=0x1e987c8: Thread ID=32082112]CMGMediaEngine::ClenaCmd  事务ID为:12 的任务正在执行......
[2024-02-22 14:26:38:598] [this=0x1e987c8: Thread ID=32082112]CMGMediaEngine::ClenaCmd  事务ID为:12 的任务正在执行......
[2024-02-22 14:26:39:601] [this=0x1e987c8: Thread ID=32082112]CMGMediaEngine::ClenaCmd  事务ID为:12 的任务正在执行......
[2024-02-22 14:26:40:604] [this=0x1e987c8: Thread ID=32082112]CMGMediaEngine::ClenaCmd  事务ID为:12 的任务正在执行......
[2024-02-22 14:26:41:076] [this=0x1fc91b8: Thread ID=33062904: dataIndex=1]CMGPublisher::process 推流线程正在工作......
[2024-02-22 14:26:41:076] [this=0x1f5aa30: Thread ID=33344896: dataIndex=0]CMGPublisher::process 推流线程正在工作......
[2024-02-22 14:26:41:604] [this=0x1e987c8: Thread ID=32082112]CMGMediaEngine::ClenaCmd  事务ID为:12 的任务正在执行......
[2024-02-22 14:26:42:604] [this=0x1e987c8: Thread ID=32082112]CMGMediaEngine::ClenaCmd  事务ID为:12 的任务正在执行......
[2024-02-22 14:26:43:604] [this=0x1e987c8: Thread ID=32082112]CMGMediaEngine::ClenaCmd  事务ID为:12 的任务正在执行......
[2024-02-22 14:26:44:605] [this=0x1e987c8: Thread ID=32082112]CMGMediaEngine::ClenaCmd  事务ID为:12 的任务正在执行......
[2024-02-22 14:26:45:606] [this=0x1e987c8: Thread ID=32082112]CMGMediaEngine::ClenaCmd  事务ID为:12 的任务正在执行......
[2024-02-22 14:26:46:077] [this=0x1fc91b8: Thread ID=33062904: dataIndex=1]CMGPublisher::process 推流线程正在工作......
[2024-02-22 14:26:46:607] [this=0x1e987c8: Thread ID=32082112]CMGMediaEngine::ClenaCmd  事务ID为:12 的任务正在执行......
[2024-02-22 14:26:47:607] [this=0x1e987c8: Thread ID=32082112]CMGMediaEngine::ClenaCmd  事务ID为:12 的任务正在执行......
[2024-02-22 14:26:48:611] [this=0x1e987c8: Thread ID=32082112]CMGMediaEngine::ClenaCmd  事务ID为:12 的任务正在执行......
[2024-02-22 14:26:49:616] [this=0x1e987c8: Thread ID=32082112]CMGMediaEngine::ClenaCmd  事务ID为:12 的任务正在执行......
[2024-02-22 14:26:50:619] [this=0x1e987c8: Thread ID=32082112]CMGMediaEngine::ClenaCmd  事务ID为:12 的任务正在执行......
[2024-02-22 14:26:51:078] [this=0x1ea46f8: Thread ID=32171568: dataIndex=1]CManipulator::process 任务数量:1
[2024-02-22 14:26:51:079] [this=0x1e9a4a8: Thread ID=32129568: dataIndex=0]CManipulator::process 任务数量:1
[2024-02-22 14:26:51:622] [this=0x1e987c8: Thread ID=32082112]CMGMediaEngine::ClenaCmd  事务ID为:12 的任务正在执行......
[2024-02-22 14:26:52:626] [this=0x1e987c8: Thread ID=32082112]CMGMediaEngine::ClenaCmd  事务ID为:12 的任务正在执行......
[2024-02-22 14:26:53:629] [this=0x1e987c8: Thread ID=32082112]CMGMediaEngine::ClenaCmd  事务ID为:12 的任务正在执行......
[2024-02-22 14:26:54:631] [this=0x1e987c8: Thread ID=32082112]CMGMediaEngine::ClenaCmd  事务ID为:12 的任务正在执行......
[2024-02-22 14:26:55:633] [this=0x1e987c8: Thread ID=32082112]CMGMediaEngine::ClenaCmd  事务ID为:12 的任务正在执行......
[2024-02-22 14:26:56:083] [this=0x1fc91b8: Thread ID=33062904: dataIndex=1]CMGPublisher::process 推流线程正在工作......
[2024-02-22 14:26:56:633] [this=0x1e987c8: Thread ID=32082112]CMGMediaEngine::ClenaCmd  事务ID为:12 的任务正在执行......
[2024-02-22 14:26:57:636] [this=0x1e987c8: Thread ID=32082112]CMGMediaEngine::ClenaCmd  事务ID为:12 的任务正在执行......
[2024-02-22 14:26:58:639] [this=0x1e987c8: Thread ID=32082112]CMGMediaEngine::ClenaCmd  事务ID为:12 的任务正在执行......
[2024-02-22 14:26:59:639] [this=0x1e987c8: Thread ID=32082112]CMGMediaEngine::ClenaCmd  事务ID为:12 的任务正在执行......
[2024-02-22 14:27:00:640] [this=0x1e987c8: Thread ID=32082112]CMGMediaEngine::ClenaCmd  事务ID为:12 的任务正在执行......
[2024-02-22 14:27:01:083] [this=0x1e987c8: Thread ID=32082112]CMGMediaEngine::ClenaCmd CCommandManager任务队列有2个任务
[2024-02-22 14:27:01:642] [this=0x1e987c8: Thread ID=32082112]CMGMediaEngine::ClenaCmd  事务ID为:12 的任务正在执行......
[2024-02-22 14:27:02:642] [this=0x1e987c8: Thread ID=32082112]CMGMediaEngine::ClenaCmd  事务ID为:12 的任务正在执行......
[2024-02-22 14:27:03:643] [this=0x1e987c8: Thread ID=32082112]CMGMediaEngine::ClenaCmd  事务ID为:12 的任务正在执行......
[2024-02-22 14:27:04:646] [this=0x1e987c8: Thread ID=32082112]CMGMediaEngine::ClenaCmd  事务ID为:12 的任务正在执行......
[2024-02-22 14:27:05:650] [this=0x1e987c8: Thread ID=32082112]CMGMediaEngine::ClenaCmd  事务ID为:12 的任务正在执行......
[2024-02-22 14:27:06:083] [this=0x1ea46f8: Thread ID=32171568: dataIndex=1]CManipulator::process 任务数量:1
[2024-02-22 14:27:06:083] [this=0x1e9a4a8: Thread ID=32129568: dataIndex=0]CManipulator::process 任务数量:1
[2024-02-22 14:27:06:654] [this=0x1e987c8: Thread ID=32082112]CMGMediaEngine::ClenaCmd  事务ID为:12 的任务正在执行......
[2024-02-22 14:27:07:658] [this=0x1e987c8: Thread ID=32082112]CMGMediaEngine::ClenaCmd  事务ID为:12 的任务正在执行......
[2024-02-22 14:27:08:661] [this=0x1e987c8: Thread ID=32082112]CMGMediaEngine::ClenaCmd  事务ID为:12 的任务正在执行......
[2024-02-22 14:27:09:663] [this=0x1e987c8: Thread ID=32082112]CMGMediaEngine::ClenaCmd  事务ID为:12 的任务正在执行......
[2024-02-22 14:27:10:667] [this=0x1e987c8: Thread ID=32082112]CMGMediaEngine::ClenaCmd  事务ID为:12 的任务正在执行......
[2024-02-22 14:27:11:086] [this=0x1e987c8: Thread ID=32082112]CMGMediaEngine::ClenaCmd CCommandManager任务队列有2个任务
[2024-02-22 14:27:11:086] [this=0x1ea46f8: Thread ID=32171568: dataIndex=1]CManipulator::process 任务数量:1
[2024-02-22 14:27:11:086] [this=0x1e9a4a8: Thread ID=32129568: dataIndex=0]CManipulator::process 任务数量:1
[2024-02-22 14:27:11:667] [this=0x1e987c8: Thread ID=32082112]CMGMediaEngine::ClenaCmd  事务ID为:12 的任务正在执行......
[2024-02-22 14:27:12:669] [this=0x1e987c8: Thread ID=32082112]CMGMediaEngine::ClenaCmd  事务ID为:12 的任务正在执行......
[2024-02-22 14:27:13:673] [this=0x1e987c8: Thread ID=32082112]CMGMediaEngine::ClenaCmd  事务ID为:12 的任务正在执行......
[2024-02-22 14:27:14:676] [this=0x1e987c8: Thread ID=32082112]CMGMediaEngine::ClenaCmd  事务ID为:12 的任务正在执行......
[2024-02-22 14:27:15:680] [this=0x1e987c8: Thread ID=32082112]CMGMediaEngine::ClenaCmd  事务ID为:12 的任务正在执行......
[2024-02-22 14:27:16:088] [this=0x1f5aa30: Thread ID=33344896: dataIndex=0]CMGPublisher::process 推流线程正在工作......
[2024-02-22 14:27:16:683] [this=0x1e987c8: Thread ID=32082112]CMGMediaEngine::ClenaCmd  事务ID为:12 的任务正在执行......
[2024-02-22 14:27:17:683] [this=0x1e987c8: Thread ID=32082112]CMGMediaEngine::ClenaCmd  事务ID为:12 的任务正在执行......
[2024-02-22 14:27:18:683] [this=0x1e987c8: Thread ID=32082112]CMGMediaEngine::ClenaCmd  事务ID为:12 的任务正在执行......
[2024-02-22 14:27:19:683] [this=0x1e987c8: Thread ID=32082112]CMGMediaEngine::ClenaCmd  事务ID为:13 的任务正在执行......
[2024-02-22 14:27:20:687] [this=0x1e987c8: Thread ID=32082112]CMGMediaEngine::ClenaCmd  事务ID为:12 的任务正在执行......
[2024-02-22 14:27:21:088] [this=0x1fc91b8: Thread ID=33062904: dataIndex=1]CMGPublisher::process 推流线程正在工作......
[2024-02-22 14:27:21:689] [this=0x1e987c8: Thread ID=32082112]CMGMediaEngine::ClenaCmd  事务ID为:12 的任务正在执行......
[2024-02-22 14:27:22:693] [this=0x1e987c8: Thread ID=32082112]CMGMediaEngine::ClenaCmd  事务ID为:12 的任务正在执行......
[2024-02-22 14:27:23:697] [this=0x1e987c8: Thread ID=32082112]CMGMediaEngine::ClenaCmd  事务ID为:12 的任务正在执行......
[2024-02-22 14:27:24:701] [this=0x1e987c8: Thread ID=32082112]CMGMediaEngine::ClenaCmd  事务ID为:12 的任务正在执行......
[2024-02-22 14:27:25:704] [this=0x1e987c8: Thread ID=32082112]CMGMediaEngine::ClenaCmd  事务ID为:12 的任务正在执行......
[2024-02-22 14:27:26:089] [this=0x1e987c8: Thread ID=32082112]CMGMediaEngine::ClenaCmd CCommandManager任务队列有2个任务
[2024-02-22 14:27:26:705] [this=0x1e987c8: Thread ID=32082112]CMGMediaEngine::ClenaCmd  事务ID为:12 的任务正在执行......
[2024-02-22 14:27:27:707] [this=0x1e987c8: Thread ID=32082112]CMGMediaEngine::ClenaCmd  事务ID为:12 的任务正在执行......
[2024-02-22 14:27:28:712] [this=0x1e987c8: Thread ID=32082112]CMGMediaEngine::ClenaCmd  事务ID为:12 的任务正在执行......
[2024-02-22 14:27:29:713] [this=0x1e987c8: Thread ID=32082112]CMGMediaEngine::ClenaCmd  事务ID为:12 的任务正在执行......
[2024-02-22 14:27:30:716] [this=0x1e987c8: Thread ID=32082112]CMGMediaEngine::ClenaCmd  事务ID为:12 的任务正在执行......
[2024-02-22 14:27:31:089] [this=0x1fc91b8: Thread ID=33062904: dataIndex=1]CMGPublisher::process 推流线程正在工作......
[2024-02-22 14:27:31:717] [this=0x1e987c8: Thread ID=32082112]CMGMediaEngine::ClenaCmd  事务ID为:12 的任务正在执行......
[2024-02-22 14:27:32:718] [this=0x1e987c8: Thread ID=32082112]CMGMediaEngine::ClenaCmd  事务ID为:12 的任务正在执行......
[2024-02-22 14:27:33:719] [this=0x1e987c8: Thread ID=32082112]CMGMediaEngine::ClenaCmd  事务ID为:12 的任务正在执行......
[2024-02-22 14:27:34:720] [this=0x1e987c8: Thread ID=32082112]CMGMediaEngine::ClenaCmd  事务ID为:12 的任务正在执行......
[2024-02-22 14:27:35:721] [this=0x1e987c8: Thread ID=32082112]CMGMediaEngine::ClenaCmd  事务ID为:12 的任务正在执行......
[2024-02-22 14:27:36:089] [this=0x1e987c8: Thread ID=32082112]CMGMediaEngine::ClenaCmd CCommandManager任务队列有2个任务
[2024-02-22 14:27:36:721] [this=0x1e987c8: Thread ID=32082112]CMGMediaEngine::ClenaCmd  事务ID为:12 的任务正在执行......
[2024-02-22 14:27:37:722] [this=0x1e987c8: Thread ID=32082112]CMGMediaEngine::ClenaCmd  事务ID为:12 的任务正在执行......
[2024-02-22 14:27:38:722] [this=0x1e987c8: Thread ID=32082112]CMGMediaEngine::ClenaCmd  事务ID为:12 的任务正在执行......
[2024-02-22 14:27:38:995] [this=none: Thread ID=32531712: dataIndex=1]外部调用DoStopLive
[2024-02-22 14:27:38:996] DoStopLive end dataIndex = 1
[2024-02-22 14:27:38:999] [this=0x1fc91b8: Thread ID=33062904: dataIndex=1]CMGPublisher::process 停止直播
[2024-02-22 14:27:39:014] [this=0x1ea46f8: Thread ID=32171568: dataIndex=1]CManipulator::TaskStatusHandle 检测到任务完成
[2024-02-22 14:27:39:016] [this=0x1e987c8: Thread ID=32082112]CMGMediaEngine::ClenaCmd CCommandManager任务队列有2个任务
[2024-02-22 14:27:39:016] [this=0x1e987c8: Thread ID=32082112]CMGMediaEngine::ClenaCmd  事务ID为:13 的任务执行完成! 文件路径:
[2024-02-22 14:27:39:032] CAACDataBuffer::FeedAACData AAC采样率 :16000 AudioSize=265
[2024-02-22 14:27:39:033] CAACDataBuffer::FeedAACData AAC通道 : 2
[2024-02-22 14:27:39:051] CAACDataBuffer::FeedAACData AAC采样率 :16000 AudioSize=329
[2024-02-22 14:27:39:051] CAACDataBuffer::FeedAACData AAC通道 : 2
[2024-02-22 14:27:39:093] CAACDataBuffer::FeedAACData AAC采样率 :16000 AudioSize=246
[2024-02-22 14:27:39:093] CAACDataBuffer::FeedAACData AAC通道 : 2
[2024-02-22 14:27:39:162] CAACDataBuffer::FeedAACData AAC采样率 :16000 AudioSize=254
[2024-02-22 14:27:39:162] CAACDataBuffer::FeedAACData AAC通道 : 2
[2024-02-22 14:27:39:224] CAACDataBuffer::FeedAACData AAC采样率 :16000 AudioSize=267
[2024-02-22 14:27:39:224] CAACDataBuffer::FeedAACData AAC通道 : 2
[2024-02-22 14:27:39:298] CAACDataBuffer::FeedAACData AAC采样率 :16000 AudioSize=254
[2024-02-22 14:27:39:298] CAACDataBuffer::FeedAACData AAC通道 : 2
[2024-02-22 14:27:39:349] CAACDataBuffer::FeedAACData AAC采样率 :16000 AudioSize=265
[2024-02-22 14:27:39:349] CAACDataBuffer::FeedAACData AAC通道 : 2
[2024-02-22 14:27:39:418] CAACDataBuffer::FeedAACData AAC采样率 :16000 AudioSize=244
[2024-02-22 14:27:39:418] CAACDataBuffer::FeedAACData AAC通道 : 2
[2024-02-22 14:27:39:481] CAACDataBuffer::FeedAACData AAC采样率 :16000 AudioSize=248
[2024-02-22 14:27:39:481] CAACDataBuffer::FeedAACData AAC通道 : 2
[2024-02-22 14:27:39:545] CAACDataBuffer::FeedAACData AAC采样率 :16000 AudioSize=241
[2024-02-22 14:27:39:545] CAACDataBuffer::FeedAACData AAC通道 : 2
[2024-02-22 14:27:39:608] CAACDataBuffer::FeedAACData AAC采样率 :16000 AudioSize=252
[2024-02-22 14:27:39:609] CAACDataBuffer::FeedAACData AAC通道 : 2
[2024-02-22 14:27:39:670] CAACDataBuffer::FeedAACData AAC采样率 :16000 AudioSize=252
[2024-02-22 14:27:39:670] CAACDataBuffer::FeedAACData AAC通道 : 2
[2024-02-22 14:27:39:726] [this=0x1e987c8: Thread ID=32082112]CMGMediaEngine::ClenaCmd  事务ID为:12 的任务正在执行......
[2024-02-22 14:27:39:743] CAACDataBuffer::FeedAACData AAC采样率 :16000 AudioSize=266
[2024-02-22 14:27:39:743] CAACDataBuffer::FeedAACData AAC通道 : 2
[2024-02-22 14:27:39:811] CAACDataBuffer::FeedAACData AAC采样率 :16000 AudioSize=252
[2024-02-22 14:27:39:811] CAACDataBuffer::FeedAACData AAC通道 : 2
[2024-02-22 14:27:39:867] CAACDataBuffer::FeedAACData AAC采样率 :16000 AudioSize=245
[2024-02-22 14:27:39:867] CAACDataBuffer::FeedAACData AAC通道 : 2
[2024-02-22 14:27:39:935] CAACDataBuffer::FeedAACData AAC采样率 :16000 AudioSize=252
[2024-02-22 14:27:39:936] CAACDataBuffer::FeedAACData AAC通道 : 2
[2024-02-22 14:27:39:976] [this=none: Thread ID=32531712: dataIndex=0]外部调用DoStopLive
[2024-02-22 14:27:39:976] DoStopLive end dataIndex = 0
[2024-02-22 14:27:39:978] [this=0x1f5aa30: Thread ID=33344896: dataIndex=0]CMGPublisher::process 停止直播
[2024-02-22 14:27:39:993] [this=0x1e9a4a8: Thread ID=32129568: dataIndex=0]CManipulator::TaskStatusHandle 检测到任务完成
[2024-02-22 14:27:39:993] [this=0x1e987c8: Thread ID=32082112]CMGMediaEngine::ClenaCmd CCommandManager任务队列有1个任务
[2024-02-22 14:27:39:993] [this=0x1e987c8: Thread ID=32082112]CMGMediaEngine::ClenaCmd  事务ID为:12 的任务执行完成! 文件路径:
[2024-02-22 14:27:40:003] CAACDataBuffer::FeedAACData AAC采样率 :16000 AudioSize=256
[2024-02-22 14:27:40:003] CAACDataBuffer::FeedAACData AAC通道 : 2
[2024-02-22 14:27:40:057] CAACDataBuffer::FeedAACData AAC采样率 :16000 AudioSize=244
[2024-02-22 14:27:40:057] CAACDataBuffer::FeedAACData AAC通道 : 2
[2024-02-22 14:27:40:135] CAACDataBuffer::FeedAACData AAC采样率 :16000 AudioSize=258
[2024-02-22 14:27:40:135] CAACDataBuffer::FeedAACData AAC通道 : 2
[2024-02-22 14:27:40:196] CAACDataBuffer::FeedAACData AAC采样率 :16000 AudioSize=281
[2024-02-22 14:27:40:197] CAACDataBuffer::FeedAACData AAC通道 : 2
[2024-02-22 14:27:40:264] CAACDataBuffer::FeedAACData AAC采样率 :16000 AudioSize=253
[2024-02-22 14:27:40:264] CAACDataBuffer::FeedAACData AAC通道 : 2
[2024-02-22 14:38:42:948] [this=none: Thread ID=32524248: dataIndex=0]外部调用DoStartLive
[2024-02-22 14:38:42:949] CMGMediaEngine::DoStartLive dataIndex:0 url:jt1078://live-k8s.4s12580.com:11288/078221316079-1 Time:-813060860
[2024-02-22 14:38:42:949] [this=0x1e987c8: Thread ID=32524248: dataIndex=0]CMGMediaEngine::DoStartLive 增加一条直播开始命令,事务ID:14
[2024-02-22 14:38:42:949] [this=0x1e987c8: Thread ID=32082112]CMGMediaEngine::ProcessCmd 有一个要处理命令 type = 18
[2024-02-22 14:38:42:950] [this=0x1e987c8: Thread ID=32082112]CMGMediaEngine::ProcessCmd 发送消息到MessageQueue队列,事物ID:14 消息类型:18
[2024-02-22 14:38:42:951] [this=0x1e9a4a8: Thread ID=32082768: dataIndex=0]CManipulator::HandleCmd 创建部标推流器线程->CPushJT1078::process()
[2024-02-22 14:38:42:952] [this=0x1f5f270: Thread ID=32082768: dataIndex=0]CPushJT1078::Start 开启部标媒体封装线程->CJT1078Live::process()
[2024-02-22 14:38:42:955] [this=0x1e9a4a8: Thread ID=32129568: dataIndex=0]CManipulator::process 任务数量:1
[2024-02-22 14:38:42:955] [this=0x1e987c8: Thread ID=32082112]CMGMediaEngine::ClenaCmd  事务ID为:14 的任务正在执行......
[2024-02-22 14:38:42:956] [this=0x1fb7d28: Thread ID=33336816: dataIndex=0]CJT1078Live::正在连接媒体服务器
[2024-02-22 14:38:42:959] [this=none: Thread ID=32524248: dataIndex=1]外部调用DoStartLive
[2024-02-22 14:38:42:959] CMGMediaEngine::DoStartLive dataIndex:1 url:jt1078://live-k8s.4s12580.com:11388/078221316079-2 Time:-813060849
[2024-02-22 14:38:42:959] [this=0x1e987c8: Thread ID=32524248: dataIndex=1]CMGMediaEngine::DoStartLive 增加一条直播开始命令,事务ID:15
[2024-02-22 14:38:42:961] [this=0x1e987c8: Thread ID=32082112]CMGMediaEngine::ProcessCmd 有一个要处理命令 type = 18
[2024-02-22 14:38:42:961] [this=0x1e987c8: Thread ID=32082112]CMGMediaEngine::ProcessCmd 发送消息到MessageQueue队列,事物ID:15 消息类型:18
[2024-02-22 14:38:42:961] [this=0x1ea46f8: Thread ID=32130224: dataIndex=1]CManipulator::HandleCmd 创建部标推流器线程->CPushJT1078::process()
[2024-02-22 14:38:42:962] [this=0x1f5aa30: Thread ID=32130224: dataIndex=1]CPushJT1078::Start 开启部标媒体封装线程->CJT1078Live::process()
[2024-02-22 14:38:42:963] [this=0x1fb7d28: Thread ID=33336816: dataIndex=0]CJT1078Live::解析域名成功
[2024-02-22 14:38:42:963] Ip.c_str() = live-k8s.4s12580.com Port = 11288 Mei.c_str() = 078221316079 Channel = 1
[2024-02-22 14:38:42:966] [this=0x1f800b8: Thread ID=33329592: dataIndex=1]CJT1078Live::正在连接媒体服务器
[2024-02-22 14:38:42:967] [this=0x1f800b8: Thread ID=33329592: dataIndex=1]CJT1078Live::解析域名成功
[2024-02-22 14:38:42:967] Ip.c_str() = live-k8s.4s12580.com Port = 11388 Mei.c_str() = 078221316079 Channel = 2
[2024-02-22 14:38:43:028] [this=0x1fb7d28: Thread ID=33336816: dataIndex=0]CJT1078Live::部标服务器连接成功
[2024-02-22 14:38:43:050] [this=0x1f800b8: Thread ID=33329592: dataIndex=1]CJT1078Live::部标服务器连接成功
[2024-02-22 14:38:43:959] [this=0x1e987c8: Thread ID=32082112]CMGMediaEngine::ClenaCmd  事务ID为:14 的任务正在执行......
[2024-02-22 14:38:44:962] [this=0x1e987c8: Thread ID=32082112]CMGMediaEngine::ClenaCmd  事务ID为:14 的任务正在执行......
[2024-02-22 14:38:45:628] CAACDataBuffer::FeedAACData AAC采样率 :16000 AudioSize=256
[2024-02-22 14:38:45:628] CAACDataBuffer::FeedAACData AAC通道 : 2
[2024-02-22 14:38:45:628] CAACDataBuffer::FeedAACData AAC采样率 :16000 AudioSize=256
[2024-02-22 14:38:45:629] CAACDataBuffer::FeedAACData AAC通道 : 2
[2024-02-22 14:38:45:787] [this=0x1ea5598: Thread ID=32807368]CH264LoopBuffer::FeedH264Data 获取到有效的sps pps
[2024-02-22 14:38:45:825] [this=0x1f800b8: Thread ID=33329592: dataIndex=1] CJT1078Live::第一帧视频发送完成
[2024-02-22 14:38:45:888] [this=0x1f800b8: Thread ID=33329592: dataIndex=1] CJT1078Live::第一帧音频发送完成
[2024-02-22 14:38:45:966] [this=0x1e987c8: Thread ID=32082112]CMGMediaEngine::ClenaCmd  事务ID为:14 的任务正在执行......
[2024-02-22 14:38:46:750] [this=0x1e9b2e8: Thread ID=33034848]CH264LoopBuffer::FeedH264Data 获取到有效的sps pps
[2024-02-22 14:38:46:834] [this=0x1fb7d28: Thread ID=33336816: dataIndex=0] CJT1078Live::第一帧视频发送完成
[2024-02-22 14:38:46:968] [this=0x1e987c8: Thread ID=32082112]CMGMediaEngine::ClenaCmd  事务ID为:14 的任务正在执行......
[2024-02-22 14:38:46:978] [this=0x1fb7d28: Thread ID=33336816: dataIndex=0] CJT1078Live::第一帧音频发送完成
[2024-02-22 14:38:47:958] [this=0x1e987c8: Thread ID=32082112]CMGMediaEngine::ClenaCmd CCommandManager任务队列有2个任务
[2024-02-22 14:38:47:969] [this=0x1e987c8: Thread ID=32082112]CMGMediaEngine::ClenaCmd  事务ID为:14 的任务正在执行......
[2024-02-22 14:38:48:973] [this=0x1e987c8: Thread ID=32082112]CMGMediaEngine::ClenaCmd  事务ID为:14 的任务正在执行......
[2024-02-22 14:38:49:973] [this=0x1e987c8: Thread ID=32082112]CMGMediaEngine::ClenaCmd  事务ID为:14 的任务正在执行......
[2024-02-22 14:38:50:979] [this=0x1e987c8: Thread ID=32082112]CMGMediaEngine::ClenaCmd  事务ID为:14 的任务正在执行......
[2024-02-22 14:38:51:982] [this=0x1e987c8: Thread ID=32082112]CMGMediaEngine::ClenaCmd  事务ID为:14 的任务正在执行......
[2024-02-22 14:38:52:958] [this=0x1f5f270: Thread ID=33344896: dataIndex=0]CPushJT1078::process 推流线程正在工作......
[2024-02-22 14:38:52:986] [this=0x1e987c8: Thread ID=32082112]CMGMediaEngine::ClenaCmd  事务ID为:14 的任务正在执行......
[2024-02-22 14:38:53:989] [this=0x1e987c8: Thread ID=32082112]CMGMediaEngine::ClenaCmd  事务ID为:14 的任务正在执行......
[2024-02-22 14:38:54:991] [this=0x1e987c8: Thread ID=32082112]CMGMediaEngine::ClenaCmd  事务ID为:14 的任务正在执行......
[2024-02-22 14:38:55:991] [this=0x1e987c8: Thread ID=32082112]CMGMediaEngine::ClenaCmd  事务ID为:14 的任务正在执行......
[2024-02-22 14:38:56:993] [this=0x1e987c8: Thread ID=32082112]CMGMediaEngine::ClenaCmd  事务ID为:14 的任务正在执行......
[2024-02-22 14:38:57:958] [this=0x1e9a4a8: Thread ID=32129568: dataIndex=0]CManipulator::process 任务数量:1
[2024-02-22 14:38:57:958] [this=0x1ea46f8: Thread ID=32171568: dataIndex=1]CManipulator::process 任务数量:1
[2024-02-22 14:38:57:996] [this=0x1e987c8: Thread ID=32082112]CMGMediaEngine::ClenaCmd  事务ID为:14 的任务正在执行......
[2024-02-22 14:38:58:997] [this=0x1e987c8: Thread ID=32082112]CMGMediaEngine::ClenaCmd  事务ID为:14 的任务正在执行......
[2024-02-22 14:38:59:997] [this=0x1e987c8: Thread ID=32082112]CMGMediaEngine::ClenaCmd  事务ID为:14 的任务正在执行......
[2024-02-22 14:39:00:998] [this=0x1e987c8: Thread ID=32082112]CMGMediaEngine::ClenaCmd  事务ID为:14 的任务正在执行......
[2024-02-22 14:39:01:998] [this=0x1e987c8: Thread ID=32082112]CMGMediaEngine::ClenaCmd  事务ID为:14 的任务正在执行......
[2024-02-22 14:39:02:959] [this=0x1ea46f8: Thread ID=32171568: dataIndex=1]CManipulator::process 任务数量:1
[2024-02-22 14:39:02:959] [this=0x1e987c8: Thread ID=32082112]CMGMediaEngine::ClenaCmd CCommandManager任务队列有2个任务
[2024-02-22 14:39:02:998] [this=0x1e987c8: Thread ID=32082112]CMGMediaEngine::ClenaCmd  事务ID为:14 的任务正在执行......
[2024-02-22 14:39:04:002] [this=0x1e987c8: Thread ID=32082112]CMGMediaEngine::ClenaCmd  事务ID为:14 的任务正在执行......
[2024-02-22 14:39:05:002] [this=0x1e987c8: Thread ID=32082112]CMGMediaEngine::ClenaCmd  事务ID为:14 的任务正在执行......
[2024-02-22 14:39:06:003] [this=0x1e987c8: Thread ID=32082112]CMGMediaEngine::ClenaCmd  事务ID为:14 的任务正在执行......
[2024-02-22 14:39:07:003] [this=0x1e987c8: Thread ID=32082112]CMGMediaEngine::ClenaCmd  事务ID为:14 的任务正在执行......
[2024-02-22 14:39:07:959] [this=0x1e987c8: Thread ID=32082112]CMGMediaEngine::ClenaCmd CCommandManager任务队列有2个任务
[2024-02-22 14:39:08:008] [this=0x1e987c8: Thread ID=32082112]CMGMediaEngine::ClenaCmd  事务ID为:14 的任务正在执行......
[2024-02-22 14:39:09:011] [this=0x1e987c8: Thread ID=32082112]CMGMediaEngine::ClenaCmd  事务ID为:14 的任务正在执行......
[2024-02-22 14:39:10:014] [this=0x1e987c8: Thread ID=32082112]CMGMediaEngine::ClenaCmd  事务ID为:14 的任务正在执行......
[2024-02-22 14:39:11:017] [this=0x1e987c8: Thread ID=32082112]CMGMediaEngine::ClenaCmd  事务ID为:14 的任务正在执行......
[2024-02-22 14:39:12:018] [this=0x1e987c8: Thread ID=32082112]CMGMediaEngine::ClenaCmd  事务ID为:14 的任务正在执行......
[2024-02-22 14:39:12:961] [this=0x1f5f270: Thread ID=33344896: dataIndex=0]CPushJT1078::process 推流线程正在工作......
[2024-02-22 14:39:13:018] [this=0x1e987c8: Thread ID=32082112]CMGMediaEngine::ClenaCmd  事务ID为:14 的任务正在执行......
[2024-02-22 14:39:14:018] [this=0x1e987c8: Thread ID=32082112]CMGMediaEngine::ClenaCmd  事务ID为:14 的任务正在执行......
[2024-02-22 14:39:15:020] [this=0x1e987c8: Thread ID=32082112]CMGMediaEngine::ClenaCmd  事务ID为:14 的任务正在执行......
[2024-02-22 14:39:16:025] [this=0x1e987c8: Thread ID=32082112]CMGMediaEngine::ClenaCmd  事务ID为:14 的任务正在执行......
[2024-02-22 14:39:17:028] [this=0x1e987c8: Thread ID=32082112]CMGMediaEngine::ClenaCmd  事务ID为:14 的任务正在执行......
[2024-02-22 14:39:17:962] [this=0x1e987c8: Thread ID=32082112]CMGMediaEngine::ClenaCmd CCommandManager任务队列有2个任务
[2024-02-22 14:39:18:030] [this=0x1e987c8: Thread ID=32082112]CMGMediaEngine::ClenaCmd  事务ID为:14 的任务正在执行......
[2024-02-22 14:39:19:031] [this=0x1e987c8: Thread ID=32082112]CMGMediaEngine::ClenaCmd  事务ID为:14 的任务正在执行......
[2024-02-22 14:39:20:032] [this=0x1e987c8: Thread ID=32082112]CMGMediaEngine::ClenaCmd  事务ID为:14 的任务正在执行......
[2024-02-22 14:39:21:036] [this=0x1e987c8: Thread ID=32082112]CMGMediaEngine::ClenaCmd  事务ID为:14 的任务正在执行......
[2024-02-22 14:39:22:040] [this=0x1e987c8: Thread ID=32082112]CMGMediaEngine::ClenaCmd  事务ID为:14 的任务正在执行......
[2024-02-22 14:39:22:963] [this=0x1e9a4a8: Thread ID=32129568: dataIndex=0]CManipulator::process 任务数量:1
[2024-02-22 14:39:23:043] [this=0x1e987c8: Thread ID=32082112]CMGMediaEngine::ClenaCmd  事务ID为:14 的任务正在执行......
[2024-02-22 14:39:24:044] [this=0x1e987c8: Thread ID=32082112]CMGMediaEngine::ClenaCmd  事务ID为:14 的任务正在执行......
[2024-02-22 14:39:25:044] [this=0x1e987c8: Thread ID=32082112]CMGMediaEngine::ClenaCmd  事务ID为:14 的任务正在执行......
[2024-02-22 14:39:26:046] [this=0x1e987c8: Thread ID=32082112]CMGMediaEngine::ClenaCmd  事务ID为:14 的任务正在执行......
[2024-02-22 14:39:27:050] [this=0x1e987c8: Thread ID=32082112]CMGMediaEngine::ClenaCmd  事务ID为:14 的任务正在执行......
[2024-02-22 14:39:27:966] [this=0x1ea46f8: Thread ID=32171568: dataIndex=1]CManipulator::process 任务数量:1
[2024-02-22 14:39:28:052] [this=0x1e987c8: Thread ID=32082112]CMGMediaEngine::ClenaCmd  事务ID为:14 的任务正在执行......
[2024-02-22 14:39:29:052] [this=0x1e987c8: Thread ID=32082112]CMGMediaEngine::ClenaCmd  事务ID为:14 的任务正在执行......
[2024-02-22 14:39:30:056] [this=0x1e987c8: Thread ID=32082112]CMGMediaEngine::ClenaCmd  事务ID为:14 的任务正在执行......
[2024-02-22 14:39:31:057] [this=0x1e987c8: Thread ID=32082112]CMGMediaEngine::ClenaCmd  事务ID为:14 的任务正在执行......
[2024-02-22 14:39:32:060] [this=0x1e987c8: Thread ID=32082112]CMGMediaEngine::ClenaCmd  事务ID为:14 的任务正在执行......
[2024-02-22 14:39:32:966] [this=0x1ea46f8: Thread ID=32171568: dataIndex=1]CManipulator::process 任务数量:1
[2024-02-22 14:39:33:064] [this=0x1e987c8: Thread ID=32082112]CMGMediaEngine::ClenaCmd  事务ID为:14 的任务正在执行......
[2024-02-22 14:39:34:068] [this=0x1e987c8: Thread ID=32082112]CMGMediaEngine::ClenaCmd  事务ID为:14 的任务正在执行......
[2024-02-22 14:39:35:069] [this=0x1e987c8: Thread ID=32082112]CMGMediaEngine::ClenaCmd  事务ID为:14 的任务正在执行......
[2024-02-22 14:39:36:072] [this=0x1e987c8: Thread ID=32082112]CMGMediaEngine::ClenaCmd  事务ID为:14 的任务正在执行......
[2024-02-22 14:39:37:076] [this=0x1e987c8: Thread ID=32082112]CMGMediaEngine::ClenaCmd  事务ID为:14 的任务正在执行......
[2024-02-22 14:39:37:966] [this=0x1e9a4a8: Thread ID=32129568: dataIndex=0]CManipulator::process 任务数量:1
[2024-02-22 14:39:38:079] [this=0x1e987c8: Thread ID=32082112]CMGMediaEngine::ClenaCmd  事务ID为:14 的任务正在执行......
[2024-02-22 14:39:39:084] [this=0x1e987c8: Thread ID=32082112]CMGMediaEngine::ClenaCmd  事务ID为:14 的任务正在执行......
[2024-02-22 14:39:40:085] [this=0x1e987c8: Thread ID=32082112]CMGMediaEngine::ClenaCmd  事务ID为:14 的任务正在执行......
[2024-02-22 14:39:41:086] [this=0x1e987c8: Thread ID=32082112]CMGMediaEngine::ClenaCmd  事务ID为:14 的任务正在执行......
[2024-02-22 14:39:42:089] [this=0x1e987c8: Thread ID=32082112]CMGMediaEngine::ClenaCmd  事务ID为:14 的任务正在执行......
[2024-02-22 14:39:42:967] [this=0x1e9a4a8: Thread ID=32129568: dataIndex=0]CManipulator::process 任务数量:1
[2024-02-22 14:39:42:970] [this=0x1e987c8: Thread ID=32082112]CMGMediaEngine::ClenaCmd CCommandManager任务队列有2个任务
[2024-02-22 14:39:42:970] [this=0x1ea46f8: Thread ID=32171568: dataIndex=1]CManipulator::process 任务数量:1
[2024-02-22 14:39:43:091] [this=0x1e987c8: Thread ID=32082112]CMGMediaEngine::ClenaCmd  事务ID为:14 的任务正在执行......
[2024-02-22 14:39:44:092] [this=0x1e987c8: Thread ID=32082112]CMGMediaEngine::ClenaCmd  事务ID为:14 的任务正在执行......
[2024-02-22 14:39:45:095] [this=0x1e987c8: Thread ID=32082112]CMGMediaEngine::ClenaCmd  事务ID为:14 的任务正在执行......
[2024-02-22 14:39:46:097] [this=0x1e987c8: Thread ID=32082112]CMGMediaEngine::ClenaCmd  事务ID为:14 的任务正在执行......
[2024-02-22 14:39:47:099] [this=0x1e987c8: Thread ID=32082112]CMGMediaEngine::ClenaCmd  事务ID为:14 的任务正在执行......
[2024-02-22 14:39:47:974] [this=0x1ea46f8: Thread ID=32171568: dataIndex=1]CManipulator::process 任务数量:1
[2024-02-22 14:39:48:099] [this=0x1e987c8: Thread ID=32082112]CMGMediaEngine::ClenaCmd  事务ID为:14 的任务正在执行......
[2024-02-22 14:39:49:099] [this=0x1e987c8: Thread ID=32082112]CMGMediaEngine::ClenaCmd  事务ID为:14 的任务正在执行......
[2024-02-22 14:39:50:103] [this=0x1e987c8: Thread ID=32082112]CMGMediaEngine::ClenaCmd  事务ID为:14 的任务正在执行......
[2024-02-22 14:39:51:104] [this=0x1e987c8: Thread ID=32082112]CMGMediaEngine::ClenaCmd  事务ID为:14 的任务正在执行......
[2024-02-22 14:39:52:106] [this=0x1e987c8: Thread ID=32082112]CMGMediaEngine::ClenaCmd  事务ID为:14 的任务正在执行......
[2024-02-22 14:39:52:976] [this=0x1f5f270: Thread ID=33344896: dataIndex=0]CPushJT1078::process 推流线程正在工作......
[2024-02-22 14:39:53:108] [this=0x1e987c8: Thread ID=32082112]CMGMediaEngine::ClenaCmd  事务ID为:14 的任务正在执行......
[2024-02-22 14:39:54:108] [this=0x1e987c8: Thread ID=32082112]CMGMediaEngine::ClenaCmd  事务ID为:14 的任务正在执行......
[2024-02-22 14:39:55:111] [this=0x1e987c8: Thread ID=32082112]CMGMediaEngine::ClenaCmd  事务ID为:14 的任务正在执行......
[2024-02-22 14:39:56:113] [this=0x1e987c8: Thread ID=32082112]CMGMediaEngine::ClenaCmd  事务ID为:14 的任务正在执行......
[2024-02-22 14:39:57:115] [this=0x1e987c8: Thread ID=32082112]CMGMediaEngine::ClenaCmd  事务ID为:14 的任务正在执行......
[2024-02-22 14:39:57:978] [this=0x1f5f270: Thread ID=33344896: dataIndex=0]CPushJT1078::process 推流线程正在工作......
[2024-02-22 14:39:57:978] [this=0x1e987c8: Thread ID=32082112]CMGMediaEngine::ClenaCmd CCommandManager任务队列有2个任务
[2024-02-22 14:39:57:978] [this=0x1e9a4a8: Thread ID=32129568: dataIndex=0]CManipulator::process 任务数量:1
[2024-02-22 14:39:58:117] [this=0x1e987c8: Thread ID=32082112]CMGMediaEngine::ClenaCmd  事务ID为:14 的任务正在执行......
[2024-02-22 14:39:59:120] [this=0x1e987c8: Thread ID=32082112]CMGMediaEngine::ClenaCmd  事务ID为:14 的任务正在执行......
[2024-02-22 14:40:00:124] [this=0x1e987c8: Thread ID=32082112]CMGMediaEngine::ClenaCmd  事务ID为:14 的任务正在执行......
[2024-02-22 14:40:01:128] [this=0x1e987c8: Thread ID=32082112]CMGMediaEngine::ClenaCmd  事务ID为:14 的任务正在执行......
[2024-02-22 14:40:02:131] [this=0x1e987c8: Thread ID=32082112]CMGMediaEngine::ClenaCmd  事务ID为:14 的任务正在执行......
[2024-02-22 14:40:02:978] [this=0x1e987c8: Thread ID=32082112]CMGMediaEngine::ClenaCmd CCommandManager任务队列有2个任务
[2024-02-22 14:40:03:134] [this=0x1e987c8: Thread ID=32082112]CMGMediaEngine::ClenaCmd  事务ID为:14 的任务正在执行......
[2024-02-22 14:40:04:135] [this=0x1e987c8: Thread ID=32082112]CMGMediaEngine::ClenaCmd  事务ID为:14 的任务正在执行......
[2024-02-22 14:40:05:136] [this=0x1e987c8: Thread ID=32082112]CMGMediaEngine::ClenaCmd  事务ID为:14 的任务正在执行......
[2024-02-22 14:40:06:136] [this=0x1e987c8: Thread ID=32082112]CMGMediaEngine::ClenaCmd  事务ID为:14 的任务正在执行......
[2024-02-22 14:40:07:139] [this=0x1e987c8: Thread ID=32082112]CMGMediaEngine::ClenaCmd  事务ID为:14 的任务正在执行......
[2024-02-22 14:40:07:978] [this=0x1f5f270: Thread ID=33344896: dataIndex=0]CPushJT1078::process 推流线程正在工作......
[2024-02-22 14:40:08:142] [this=0x1e987c8: Thread ID=32082112]CMGMediaEngine::ClenaCmd  事务ID为:14 的任务正在执行......
[2024-02-22 14:40:09:144] [this=0x1e987c8: Thread ID=32082112]CMGMediaEngine::ClenaCmd  事务ID为:14 的任务正在执行......
[2024-02-22 14:40:10:146] [this=0x1e987c8: Thread ID=32082112]CMGMediaEngine::ClenaCmd  事务ID为:14 的任务正在执行......
[2024-02-22 14:40:11:147] [this=0x1e987c8: Thread ID=32082112]CMGMediaEngine::ClenaCmd  事务ID为:14 的任务正在执行......
[2024-02-22 14:40:12:151] [this=0x1e987c8: Thread ID=32082112]CMGMediaEngine::ClenaCmd  事务ID为:14 的任务正在执行......
[2024-02-22 14:40:12:978] [this=0x1ea46f8: Thread ID=32171568: dataIndex=1]CManipulator::process 任务数量:1
[2024-02-22 14:40:13:151] [this=0x1e987c8: Thread ID=32082112]CMGMediaEngine::ClenaCmd  事务ID为:14 的任务正在执行......
[2024-02-22 14:40:14:152] [this=0x1e987c8: Thread ID=32082112]CMGMediaEngine::ClenaCmd  事务ID为:14 的任务正在执行......
[2024-02-22 14:40:15:155] [this=0x1e987c8: Thread ID=32082112]CMGMediaEngine::ClenaCmd  事务ID为:14 的任务正在执行......
[2024-02-22 14:40:16:156] [this=0x1e987c8: Thread ID=32082112]CMGMediaEngine::ClenaCmd  事务ID为:14 的任务正在执行......
[2024-02-22 14:40:17:158] [this=0x1e987c8: Thread ID=32082112]CMGMediaEngine::ClenaCmd  事务ID为:14 的任务正在执行......
[2024-02-22 14:40:17:979] [this=0x1f5aa30: Thread ID=33018016: dataIndex=1]CPushJT1078::process 推流线程正在工作......
[2024-02-22 14:40:18:163] [this=0x1e987c8: Thread ID=32082112]CMGMediaEngine::ClenaCmd  事务ID为:14 的任务正在执行......
[2024-02-22 14:40:19:163] [this=0x1e987c8: Thread ID=32082112]CMGMediaEngine::ClenaCmd  事务ID为:14 的任务正在执行......
[2024-02-22 14:40:20:163] [this=0x1e987c8: Thread ID=32082112]CMGMediaEngine::ClenaCmd  事务ID为:14 的任务正在执行......
[2024-02-22 14:40:21:167] [this=0x1e987c8: Thread ID=32082112]CMGMediaEngine::ClenaCmd  事务ID为:14 的任务正在执行......
[2024-02-22 14:40:22:168] [this=0x1e987c8: Thread ID=32082112]CMGMediaEngine::ClenaCmd  事务ID为:14 的任务正在执行......
[2024-02-22 14:40:22:979] [this=0x1e987c8: Thread ID=32082112]CMGMediaEngine::ClenaCmd CCommandManager任务队列有2个任务
[2024-02-22 14:40:23:169] [this=0x1e987c8: Thread ID=32082112]CMGMediaEngine::ClenaCmd  事务ID为:14 的任务正在执行......
[2024-02-22 14:40:24:173] [this=0x1e987c8: Thread ID=32082112]CMGMediaEngine::ClenaCmd  事务ID为:14 的任务正在执行......
[2024-02-22 14:40:25:173] [this=0x1e987c8: Thread ID=32082112]CMGMediaEngine::ClenaCmd  事务ID为:14 的任务正在执行......
[2024-02-22 14:40:26:176] [this=0x1e987c8: Thread ID=32082112]CMGMediaEngine::ClenaCmd  事务ID为:14 的任务正在执行......
[2024-02-22 14:40:27:178] [this=0x1e987c8: Thread ID=32082112]CMGMediaEngine::ClenaCmd  事务ID为:14 的任务正在执行......
[2024-02-22 14:40:27:979] [this=0x1e9a4a8: Thread ID=32129568: dataIndex=0]CManipulator::process 任务数量:1
[2024-02-22 14:40:27:979] [this=0x1e987c8: Thread ID=32082112]CMGMediaEngine::ClenaCmd CCommandManager任务队列有2个任务
[2024-02-22 14:40:27:979] [this=0x1ea46f8: Thread ID=32171568: dataIndex=1]CManipulator::process 任务数量:1
[2024-02-22 14:40:28:182] [this=0x1e987c8: Thread ID=32082112]CMGMediaEngine::ClenaCmd  事务ID为:14 的任务正在执行......
[2024-02-22 14:40:29:183] [this=0x1e987c8: Thread ID=32082112]CMGMediaEngine::ClenaCmd  事务ID为:14 的任务正在执行......
[2024-02-22 14:40:30:184] [this=0x1e987c8: Thread ID=32082112]CMGMediaEngine::ClenaCmd  事务ID为:14 的任务正在执行......
[2024-02-22 14:40:31:186] [this=0x1e987c8: Thread ID=32082112]CMGMediaEngine::ClenaCmd  事务ID为:14 的任务正在执行......
[2024-02-22 14:40:32:188] [this=0x1e987c8: Thread ID=32082112]CMGMediaEngine::ClenaCmd  事务ID为:14 的任务正在执行......
[2024-02-22 14:40:32:979] [this=0x1e9a4a8: Thread ID=32129568: dataIndex=0]CManipulator::process 任务数量:1
[2024-02-22 14:40:33:188] [this=0x1e987c8: Thread ID=32082112]CMGMediaEngine::ClenaCmd  事务ID为:14 的任务正在执行......
[2024-02-22 14:40:34:189] [this=0x1e987c8: Thread ID=32082112]CMGMediaEngine::ClenaCmd  事务ID为:14 的任务正在执行......
[2024-02-22 14:40:35:193] [this=0x1e987c8: Thread ID=32082112]CMGMediaEngine::ClenaCmd  事务ID为:14 的任务正在执行......
[2024-02-22 14:40:36:196] [this=0x1e987c8: Thread ID=32082112]CMGMediaEngine::ClenaCmd  事务ID为:14 的任务正在执行......
[2024-02-22 14:40:37:199] [this=0x1e987c8: Thread ID=32082112]CMGMediaEngine::ClenaCmd  事务ID为:14 的任务正在执行......
[2024-02-22 14:40:37:979] [this=0x1f5aa30: Thread ID=33018016: dataIndex=1]CPushJT1078::process 推流线程正在工作......
[2024-02-22 14:40:37:979] [this=0x1f5f270: Thread ID=33344896: dataIndex=0]CPushJT1078::process 推流线程正在工作......
[2024-02-22 14:40:38:200] [this=0x1e987c8: Thread ID=32082112]CMGMediaEngine::ClenaCmd  事务ID为:14 的任务正在执行......
[2024-02-22 14:40:39:204] [this=0x1e987c8: Thread ID=32082112]CMGMediaEngine::ClenaCmd  事务ID为:14 的任务正在执行......
[2024-02-22 14:40:40:206] [this=0x1e987c8: Thread ID=32082112]CMGMediaEngine::ClenaCmd  事务ID为:14 的任务正在执行......
[2024-02-22 14:40:41:210] [this=0x1e987c8: Thread ID=32082112]CMGMediaEngine::ClenaCmd  事务ID为:14 的任务正在执行......
[2024-02-22 14:40:42:214] [this=0x1e987c8: Thread ID=32082112]CMGMediaEngine::ClenaCmd  事务ID为:14 的任务正在执行......
[2024-02-22 14:40:42:980] [this=0x1f5f270: Thread ID=33344896: dataIndex=0]CPushJT1078::process 推流线程正在工作......
[2024-02-22 14:40:43:214] [this=0x1e987c8: Thread ID=32082112]CMGMediaEngine::ClenaCmd  事务ID为:14 的任务正在执行......
[2024-02-22 14:40:44:217] [this=0x1e987c8: Thread ID=32082112]CMGMediaEngine::ClenaCmd  事务ID为:14 的任务正在执行......
[2024-02-22 14:40:45:220] [this=0x1e987c8: Thread ID=32082112]CMGMediaEngine::ClenaCmd  事务ID为:14 的任务正在执行......
[2024-02-22 14:40:46:221] [this=0x1e987c8: Thread ID=32082112]CMGMediaEngine::ClenaCmd  事务ID为:14 的任务正在执行......
[2024-02-22 14:40:47:223] [this=0x1e987c8: Thread ID=32082112]CMGMediaEngine::ClenaCmd  事务ID为:14 的任务正在执行......
[2024-02-22 14:40:47:982] [this=0x1ea46f8: Thread ID=32171568: dataIndex=1]CManipulator::process 任务数量:1
[2024-02-22 14:40:48:225] [this=0x1e987c8: Thread ID=32082112]CMGMediaEngine::ClenaCmd  事务ID为:14 的任务正在执行......
[2024-02-22 14:40:49:225] [this=0x1e987c8: Thread ID=32082112]CMGMediaEngine::ClenaCmd  事务ID为:14 的任务正在执行......
[2024-02-22 14:40:50:229] [this=0x1e987c8: Thread ID=32082112]CMGMediaEngine::ClenaCmd  事务ID为:14 的任务正在执行......
[2024-02-22 14:40:51:231] [this=0x1e987c8: Thread ID=32082112]CMGMediaEngine::ClenaCmd  事务ID为:14 的任务正在执行......
[2024-02-22 14:40:52:232] [this=0x1e987c8: Thread ID=32082112]CMGMediaEngine::ClenaCmd  事务ID为:14 的任务正在执行......
[2024-02-22 14:40:52:982] [this=0x1ea46f8: Thread ID=32171568: dataIndex=1]CManipulator::process 任务数量:1
[2024-02-22 14:40:53:235] [this=0x1e987c8: Thread ID=32082112]CMGMediaEngine::ClenaCmd  事务ID为:14 的任务正在执行......
[2024-02-22 14:40:54:236] [this=0x1e987c8: Thread ID=32082112]CMGMediaEngine::ClenaCmd  事务ID为:14 的任务正在执行......
[2024-02-22 14:40:55:240] [this=0x1e987c8: Thread ID=32082112]CMGMediaEngine::ClenaCmd  事务ID为:14 的任务正在执行......
[2024-02-22 14:40:56:241] [this=0x1e987c8: Thread ID=32082112]CMGMediaEngine::ClenaCmd  事务ID为:14 的任务正在执行......
[2024-02-22 14:40:57:246] [this=0x1e987c8: Thread ID=32082112]CMGMediaEngine::ClenaCmd  事务ID为:14 的任务正在执行......
[2024-02-22 14:40:57:982] [this=0x1ea46f8: Thread ID=32171568: dataIndex=1]CManipulator::process 任务数量:1
[2024-02-22 14:40:58:250] [this=0x1e987c8: Thread ID=32082112]CMGMediaEngine::ClenaCmd  事务ID为:14 的任务正在执行......
[2024-02-22 14:40:59:251] [this=0x1e987c8: Thread ID=32082112]CMGMediaEngine::ClenaCmd  事务ID为:14 的任务正在执行......
[2024-02-22 14:41:00:252] [this=0x1e987c8: Thread ID=32082112]CMGMediaEngine::ClenaCmd  事务ID为:14 的任务正在执行......
[2024-02-22 14:41:01:254] [this=0x1e987c8: Thread ID=32082112]CMGMediaEngine::ClenaCmd  事务ID为:14 的任务正在执行......
[2024-02-22 14:41:02:257] [this=0x1e987c8: Thread ID=32082112]CMGMediaEngine::ClenaCmd  事务ID为:14 的任务正在执行......
[2024-02-22 14:41:02:984] [this=0x1f5f270: Thread ID=33344896: dataIndex=0]CPushJT1078::process 推流线程正在工作......
[2024-02-22 14:41:03:260] [this=0x1e987c8: Thread ID=32082112]CMGMediaEngine::ClenaCmd  事务ID为:14 的任务正在执行......
[2024-02-22 14:41:04:260] [this=0x1e987c8: Thread ID=32082112]CMGMediaEngine::ClenaCmd  事务ID为:14 的任务正在执行......
[2024-02-22 14:41:05:260] [this=0x1e987c8: Thread ID=32082112]CMGMediaEngine::ClenaCmd  事务ID为:14 的任务正在执行......
[2024-02-22 14:41:06:262] [this=0x1e987c8: Thread ID=32082112]CMGMediaEngine::ClenaCmd  事务ID为:14 的任务正在执行......
[2024-02-22 14:41:07:263] [this=0x1e987c8: Thread ID=32082112]CMGMediaEngine::ClenaCmd  事务ID为:14 的任务正在执行......
[2024-02-22 14:41:07:985] [this=0x1ea46f8: Thread ID=32171568: dataIndex=1]CManipulator::process 任务数量:1
[2024-02-22 14:41:08:265] [this=0x1e987c8: Thread ID=32082112]CMGMediaEngine::ClenaCmd  事务ID为:14 的任务正在执行......
[2024-02-22 14:41:09:266] [this=0x1e987c8: Thread ID=32082112]CMGMediaEngine::ClenaCmd  事务ID为:14 的任务正在执行......
[2024-02-22 14:41:10:268] [this=0x1e987c8: Thread ID=32082112]CMGMediaEngine::ClenaCmd  事务ID为:14 的任务正在执行......
[2024-02-22 14:41:11:269] [this=0x1e987c8: Thread ID=32082112]CMGMediaEngine::ClenaCmd  事务ID为:14 的任务正在执行......
[2024-02-22 14:41:12:269] [this=0x1e987c8: Thread ID=32082112]CMGMediaEngine::ClenaCmd  事务ID为:14 的任务正在执行......
[2024-02-22 14:41:12:985] [this=0x1e987c8: Thread ID=32082112]CMGMediaEngine::ClenaCmd CCommandManager任务队列有2个任务
[2024-02-22 14:41:13:272] [this=0x1e987c8: Thread ID=32082112]CMGMediaEngine::ClenaCmd  事务ID为:14 的任务正在执行......
[2024-02-22 14:41:14:272] [this=0x1e987c8: Thread ID=32082112]CMGMediaEngine::ClenaCmd  事务ID为:14 的任务正在执行......
[2024-02-22 14:41:15:272] [this=0x1e987c8: Thread ID=32082112]CMGMediaEngine::ClenaCmd  事务ID为:14 的任务正在执行......
[2024-02-22 14:41:16:272] [this=0x1e987c8: Thread ID=32082112]CMGMediaEngine::ClenaCmd  事务ID为:14 的任务正在执行......
[2024-02-22 14:41:17:274] [this=0x1e987c8: Thread ID=32082112]CMGMediaEngine::ClenaCmd  事务ID为:14 的任务正在执行......
[2024-02-22 14:41:17:988] [this=0x1f5aa30: Thread ID=33018016: dataIndex=1]CPushJT1078::process 推流线程正在工作......
[2024-02-22 14:41:18:276] [this=0x1e987c8: Thread ID=32082112]CMGMediaEngine::ClenaCmd  事务ID为:14 的任务正在执行......
[2024-02-22 14:41:19:277] [this=0x1e987c8: Thread ID=32082112]CMGMediaEngine::ClenaCmd  事务ID为:14 的任务正在执行......
[2024-02-22 14:41:20:279] [this=0x1e987c8: Thread ID=32082112]CMGMediaEngine::ClenaCmd  事务ID为:14 的任务正在执行......
[2024-02-22 14:41:21:283] [this=0x1e987c8: Thread ID=32082112]CMGMediaEngine::ClenaCmd  事务ID为:14 的任务正在执行......
[2024-02-22 14:41:22:287] [this=0x1e987c8: Thread ID=32082112]CMGMediaEngine::ClenaCmd  事务ID为:14 的任务正在执行......
[2024-02-22 14:41:22:989] [this=0x1f5aa30: Thread ID=33018016: dataIndex=1]CPushJT1078::process 推流线程正在工作......
[2024-02-22 14:41:23:288] [this=0x1e987c8: Thread ID=32082112]CMGMediaEngine::ClenaCmd  事务ID为:14 的任务正在执行......
[2024-02-22 14:41:24:290] [this=0x1e987c8: Thread ID=32082112]CMGMediaEngine::ClenaCmd  事务ID为:14 的任务正在执行......
[2024-02-22 14:41:25:292] [this=0x1e987c8: Thread ID=32082112]CMGMediaEngine::ClenaCmd  事务ID为:14 的任务正在执行......
[2024-02-22 14:41:26:293] [this=0x1e987c8: Thread ID=32082112]CMGMediaEngine::ClenaCmd  事务ID为:14 的任务正在执行......
[2024-02-22 14:41:27:295] [this=0x1e987c8: Thread ID=32082112]CMGMediaEngine::ClenaCmd  事务ID为:14 的任务正在执行......
[2024-02-22 14:41:27:989] [this=0x1ea46f8: Thread ID=32171568: dataIndex=1]CManipulator::process 任务数量:1
[2024-02-22 14:41:28:295] [this=0x1e987c8: Thread ID=32082112]CMGMediaEngine::ClenaCmd  事务ID为:14 的任务正在执行......
[2024-02-22 14:41:29:298] [this=0x1e987c8: Thread ID=32082112]CMGMediaEngine::ClenaCmd  事务ID为:14 的任务正在执行......
[2024-02-22 14:41:30:301] [this=0x1e987c8: Thread ID=32082112]CMGMediaEngine::ClenaCmd  事务ID为:14 的任务正在执行......
[2024-02-22 14:41:31:303] [this=0x1e987c8: Thread ID=32082112]CMGMediaEngine::ClenaCmd  事务ID为:14 的任务正在执行......
[2024-02-22 14:41:32:304] [this=0x1e987c8: Thread ID=32082112]CMGMediaEngine::ClenaCmd  事务ID为:14 的任务正在执行......
[2024-02-22 14:41:32:989] [this=0x1f5aa30: Thread ID=33018016: dataIndex=1]CPushJT1078::process 推流线程正在工作......
[2024-02-22 14:41:33:306] [this=0x1e987c8: Thread ID=32082112]CMGMediaEngine::ClenaCmd  事务ID为:14 的任务正在执行......
[2024-02-22 14:41:34:308] [this=0x1e987c8: Thread ID=32082112]CMGMediaEngine::ClenaCmd  事务ID为:14 的任务正在执行......
[2024-02-22 14:41:35:308] [this=0x1e987c8: Thread ID=32082112]CMGMediaEngine::ClenaCmd  事务ID为:14 的任务正在执行......
[2024-02-22 14:41:36:310] [this=0x1e987c8: Thread ID=32082112]CMGMediaEngine::ClenaCmd  事务ID为:14 的任务正在执行......
[2024-02-22 14:41:37:311] [this=0x1e987c8: Thread ID=32082112]CMGMediaEngine::ClenaCmd  事务ID为:14 的任务正在执行......
[2024-02-22 14:41:37:989] [this=0x1ea46f8: Thread ID=32171568: dataIndex=1]CManipulator::process 任务数量:1
[2024-02-22 14:41:37:989] [this=0x1e987c8: Thread ID=32082112]CMGMediaEngine::ClenaCmd CCommandManager任务队列有2个任务
[2024-02-22 14:41:38:311] [this=0x1e987c8: Thread ID=32082112]CMGMediaEngine::ClenaCmd  事务ID为:14 的任务正在执行......
[2024-02-22 14:41:39:312] [this=0x1e987c8: Thread ID=32082112]CMGMediaEngine::ClenaCmd  事务ID为:14 的任务正在执行......
[2024-02-22 14:41:40:315] [this=0x1e987c8: Thread ID=32082112]CMGMediaEngine::ClenaCmd  事务ID为:14 的任务正在执行......
[2024-02-22 14:41:41:320] [this=0x1e987c8: Thread ID=32082112]CMGMediaEngine::ClenaCmd  事务ID为:14 的任务正在执行......
[2024-02-22 14:41:42:322] [this=0x1e987c8: Thread ID=32082112]CMGMediaEngine::ClenaCmd  事务ID为:14 的任务正在执行......
[2024-02-22 14:41:42:989] [this=0x1e9a4a8: Thread ID=32129568: dataIndex=0]CManipulator::process 任务数量:1
[2024-02-22 14:41:43:322] [this=0x1e987c8: Thread ID=32082112]CMGMediaEngine::ClenaCmd  事务ID为:14 的任务正在执行......
[2024-02-22 14:41:44:324] [this=0x1e987c8: Thread ID=32082112]CMGMediaEngine::ClenaCmd  事务ID为:14 的任务正在执行......
[2024-02-22 14:41:45:324] [this=0x1e987c8: Thread ID=32082112]CMGMediaEngine::ClenaCmd  事务ID为:14 的任务正在执行......
[2024-02-22 14:41:46:324] [this=0x1e987c8: Thread ID=32082112]CMGMediaEngine::ClenaCmd  事务ID为:14 的任务正在执行......
[2024-02-22 14:41:47:327] [this=0x1e987c8: Thread ID=32082112]CMGMediaEngine::ClenaCmd  事务ID为:14 的任务正在执行......
[2024-02-22 14:41:47:989] [this=0x1e987c8: Thread ID=32082112]CMGMediaEngine::ClenaCmd CCommandManager任务队列有2个任务
[2024-02-22 14:41:48:328] [this=0x1e987c8: Thread ID=32082112]CMGMediaEngine::ClenaCmd  事务ID为:14 的任务正在执行......
[2024-02-22 14:41:49:330] [this=0x1e987c8: Thread ID=32082112]CMGMediaEngine::ClenaCmd  事务ID为:14 的任务正在执行......
[2024-02-22 14:41:50:334] [this=0x1e987c8: Thread ID=32082112]CMGMediaEngine::ClenaCmd  事务ID为:14 的任务正在执行......
[2024-02-22 14:41:51:338] [this=0x1e987c8: Thread ID=32082112]CMGMediaEngine::ClenaCmd  事务ID为:14 的任务正在执行......
[2024-02-22 14:41:52:342] [this=0x1e987c8: Thread ID=32082112]CMGMediaEngine::ClenaCmd  事务ID为:14 的任务正在执行......
[2024-02-22 14:41:52:989] [this=0x1e987c8: Thread ID=32082112]CMGMediaEngine::ClenaCmd CCommandManager任务队列有2个任务
[2024-02-22 14:41:53:342] [this=0x1e987c8: Thread ID=32082112]CMGMediaEngine::ClenaCmd  事务ID为:14 的任务正在执行......
[2024-02-22 14:41:54:343] [this=0x1e987c8: Thread ID=32082112]CMGMediaEngine::ClenaCmd  事务ID为:14 的任务正在执行......
[2024-02-22 14:41:55:347] [this=0x1e987c8: Thread ID=32082112]CMGMediaEngine::ClenaCmd  事务ID为:14 的任务正在执行......
[2024-02-22 14:41:56:351] [this=0x1e987c8: Thread ID=32082112]CMGMediaEngine::ClenaCmd  事务ID为:14 的任务正在执行......
[2024-02-22 14:41:57:355] [this=0x1e987c8: Thread ID=32082112]CMGMediaEngine::ClenaCmd  事务ID为:14 的任务正在执行......
[2024-02-22 14:41:57:989] [this=0x1f5f270: Thread ID=33344896: dataIndex=0]CPushJT1078::process 推流线程正在工作......
[2024-02-22 14:41:58:358] [this=0x1e987c8: Thread ID=32082112]CMGMediaEngine::ClenaCmd  事务ID为:14 的任务正在执行......
[2024-02-22 14:41:59:359] [this=0x1e987c8: Thread ID=32082112]CMGMediaEngine::ClenaCmd  事务ID为:14 的任务正在执行......
[2024-02-22 14:42:00:364] [this=0x1e987c8: Thread ID=32082112]CMGMediaEngine::ClenaCmd  事务ID为:14 的任务正在执行......
[2024-02-22 14:42:01:367] [this=0x1e987c8: Thread ID=32082112]CMGMediaEngine::ClenaCmd  事务ID为:14 的任务正在执行......
[2024-02-22 14:42:02:367] [this=0x1e987c8: Thread ID=32082112]CMGMediaEngine::ClenaCmd  事务ID为:14 的任务正在执行......
[2024-02-22 14:42:02:990] [this=0x1f5aa30: Thread ID=33018016: dataIndex=1]CPushJT1078::process 推流线程正在工作......
[2024-02-22 14:42:03:368] [this=0x1e987c8: Thread ID=32082112]CMGMediaEngine::ClenaCmd  事务ID为:14 的任务正在执行......
[2024-02-22 14:42:04:372] [this=0x1e987c8: Thread ID=32082112]CMGMediaEngine::ClenaCmd  事务ID为:14 的任务正在执行......
[2024-02-22 14:42:05:375] [this=0x1e987c8: Thread ID=32082112]CMGMediaEngine::ClenaCmd  事务ID为:14 的任务正在执行......
[2024-02-22 14:42:06:379] [this=0x1e987c8: Thread ID=32082112]CMGMediaEngine::ClenaCmd  事务ID为:14 的任务正在执行......
[2024-02-22 14:42:07:383] [this=0x1e987c8: Thread ID=32082112]CMGMediaEngine::ClenaCmd  事务ID为:14 的任务正在执行......
[2024-02-22 14:42:07:991] [this=0x1ea46f8: Thread ID=32171568: dataIndex=1]CManipulator::process 任务数量:1
[2024-02-22 14:42:07:991] [this=0x1e987c8: Thread ID=32082112]CMGMediaEngine::ClenaCmd CCommandManager任务队列有2个任务
[2024-02-22 14:42:08:383] [this=0x1e987c8: Thread ID=32082112]CMGMediaEngine::ClenaCmd  事务ID为:14 的任务正在执行......
[2024-02-22 14:42:09:387] [this=0x1e987c8: Thread ID=32082112]CMGMediaEngine::ClenaCmd  事务ID为:14 的任务正在执行......
[2024-02-22 14:42:10:387] [this=0x1e987c8: Thread ID=32082112]CMGMediaEngine::ClenaCmd  事务ID为:14 的任务正在执行......
[2024-02-22 14:42:11:389] [this=0x1e987c8: Thread ID=32082112]CMGMediaEngine::ClenaCmd  事务ID为:14 的任务正在执行......
[2024-02-22 14:42:12:389] [this=0x1e987c8: Thread ID=32082112]CMGMediaEngine::ClenaCmd  事务ID为:14 的任务正在执行......
[2024-02-22 14:42:12:992] [this=0x1f5f270: Thread ID=33344896: dataIndex=0]CPushJT1078::process 推流线程正在工作......
[2024-02-22 14:42:13:390] [this=0x1e987c8: Thread ID=32082112]CMGMediaEngine::ClenaCmd  事务ID为:14 的任务正在执行......
[2024-02-22 14:42:14:392] [this=0x1e987c8: Thread ID=32082112]CMGMediaEngine::ClenaCmd  事务ID为:14 的任务正在执行......
[2024-02-22 14:42:15:392] [this=0x1e987c8: Thread ID=32082112]CMGMediaEngine::ClenaCmd  事务ID为:14 的任务正在执行......
[2024-02-22 14:42:16:393] [this=0x1e987c8: Thread ID=32082112]CMGMediaEngine::ClenaCmd  事务ID为:14 的任务正在执行......
[2024-02-22 14:42:17:396] [this=0x1e987c8: Thread ID=32082112]CMGMediaEngine::ClenaCmd  事务ID为:14 的任务正在执行......
[2024-02-22 14:42:17:993] [this=0x1f5f270: Thread ID=33344896: dataIndex=0]CPushJT1078::process 推流线程正在工作......
[2024-02-22 14:42:18:400] [this=0x1e987c8: Thread ID=32082112]CMGMediaEngine::ClenaCmd  事务ID为:14 的任务正在执行......
[2024-02-22 14:42:19:403] [this=0x1e987c8: Thread ID=32082112]CMGMediaEngine::ClenaCmd  事务ID为:14 的任务正在执行......
[2024-02-22 14:42:20:407] [this=0x1e987c8: Thread ID=32082112]CMGMediaEngine::ClenaCmd  事务ID为:14 的任务正在执行......
[2024-02-22 14:42:21:410] [this=0x1e987c8: Thread ID=32082112]CMGMediaEngine::ClenaCmd  事务ID为:14 的任务正在执行......
[2024-02-22 14:42:22:410] [this=0x1e987c8: Thread ID=32082112]CMGMediaEngine::ClenaCmd  事务ID为:14 的任务正在执行......
[2024-02-22 14:42:22:993] [this=0x1e987c8: Thread ID=32082112]CMGMediaEngine::ClenaCmd CCommandManager任务队列有2个任务
[2024-02-22 14:42:23:410] [this=0x1e987c8: Thread ID=32082112]CMGMediaEngine::ClenaCmd  事务ID为:14 的任务正在执行......
[2024-02-22 14:42:24:411] [this=0x1e987c8: Thread ID=32082112]CMGMediaEngine::ClenaCmd  事务ID为:14 的任务正在执行......
[2024-02-22 14:42:25:413] [this=0x1e987c8: Thread ID=32082112]CMGMediaEngine::ClenaCmd  事务ID为:14 的任务正在执行......
[2024-02-22 14:42:26:414] [this=0x1e987c8: Thread ID=32082112]CMGMediaEngine::ClenaCmd  事务ID为:14 的任务正在执行......
[2024-02-22 14:42:27:419] [this=0x1e987c8: Thread ID=32082112]CMGMediaEngine::ClenaCmd  事务ID为:14 的任务正在执行......
[2024-02-22 14:42:27:994] [this=0x1e987c8: Thread ID=32082112]CMGMediaEngine::ClenaCmd CCommandManager任务队列有2个任务
[2024-02-22 14:42:28:420] [this=0x1e987c8: Thread ID=32082112]CMGMediaEngine::ClenaCmd  事务ID为:14 的任务正在执行......
[2024-02-22 14:42:29:422] [this=0x1e987c8: Thread ID=32082112]CMGMediaEngine::ClenaCmd  事务ID为:14 的任务正在执行......
[2024-02-22 14:42:30:426] [this=0x1e987c8: Thread ID=32082112]CMGMediaEngine::ClenaCmd  事务ID为:14 的任务正在执行......
[2024-02-22 14:42:31:426] [this=0x1e987c8: Thread ID=32082112]CMGMediaEngine::ClenaCmd  事务ID为:14 的任务正在执行......
[2024-02-22 14:42:32:426] [this=0x1e987c8: Thread ID=32082112]CMGMediaEngine::ClenaCmd  事务ID为:14 的任务正在执行......
[2024-02-22 14:42:32:997] [this=0x1f5aa30: Thread ID=33018016: dataIndex=1]CPushJT1078::process 推流线程正在工作......
[2024-02-22 14:42:32:997] [this=0x1f5f270: Thread ID=33344896: dataIndex=0]CPushJT1078::process 推流线程正在工作......
[2024-02-22 14:42:33:429] [this=0x1e987c8: Thread ID=32082112]CMGMediaEngine::ClenaCmd  事务ID为:14 的任务正在执行......
[2024-02-22 14:42:34:432] [this=0x1e987c8: Thread ID=32082112]CMGMediaEngine::ClenaCmd  事务ID为:14 的任务正在执行......
[2024-02-22 14:42:35:432] [this=0x1e987c8: Thread ID=32082112]CMGMediaEngine::ClenaCmd  事务ID为:14 的任务正在执行......
[2024-02-22 14:42:36:433] [this=0x1e987c8: Thread ID=32082112]CMGMediaEngine::ClenaCmd  事务ID为:14 的任务正在执行......
[2024-02-22 14:42:37:433] [this=0x1e987c8: Thread ID=32082112]CMGMediaEngine::ClenaCmd  事务ID为:14 的任务正在执行......
[2024-02-22 14:42:37:999] [this=0x1e987c8: Thread ID=32082112]CMGMediaEngine::ClenaCmd CCommandManager任务队列有2个任务
[2024-02-22 14:42:37:999] [this=0x1ea46f8: Thread ID=32171568: dataIndex=1]CManipulator::process 任务数量:1
[2024-02-22 14:42:38:433] [this=0x1e987c8: Thread ID=32082112]CMGMediaEngine::ClenaCmd  事务ID为:14 的任务正在执行......
[2024-02-22 14:42:39:436] [this=0x1e987c8: Thread ID=32082112]CMGMediaEngine::ClenaCmd  事务ID为:14 的任务正在执行......
[2024-02-22 14:42:40:438] [this=0x1e987c8: Thread ID=32082112]CMGMediaEngine::ClenaCmd  事务ID为:14 的任务正在执行......
[2024-02-22 14:42:41:442] [this=0x1e987c8: Thread ID=32082112]CMGMediaEngine::ClenaCmd  事务ID为:14 的任务正在执行......
[2024-02-22 14:42:42:444] [this=0x1e987c8: Thread ID=32082112]CMGMediaEngine::ClenaCmd  事务ID为:14 的任务正在执行......
[2024-02-22 14:42:43:002] [this=0x1e9a4a8: Thread ID=32129568: dataIndex=0]CManipulator::process 任务数量:1
[2024-02-22 14:42:43:002] [this=0x1ea46f8: Thread ID=32171568: dataIndex=1]CManipulator::process 任务数量:1
[2024-02-22 14:42:43:002] [this=0x1e987c8: Thread ID=32082112]CMGMediaEngine::ClenaCmd CCommandManager任务队列有2个任务
[2024-02-22 14:42:43:447] [this=0x1e987c8: Thread ID=32082112]CMGMediaEngine::ClenaCmd  事务ID为:14 的任务正在执行......
[2024-02-22 14:42:44:448] [this=0x1e987c8: Thread ID=32082112]CMGMediaEngine::ClenaCmd  事务ID为:14 的任务正在执行......
[2024-02-22 14:42:45:449] [this=0x1e987c8: Thread ID=32082112]CMGMediaEngine::ClenaCmd  事务ID为:14 的任务正在执行......
[2024-02-22 14:42:46:451] [this=0x1e987c8: Thread ID=32082112]CMGMediaEngine::ClenaCmd  事务ID为:14 的任务正在执行......
[2024-02-22 14:42:47:454] [this=0x1e987c8: Thread ID=32082112]CMGMediaEngine::ClenaCmd  事务ID为:14 的任务正在执行......
[2024-02-22 14:42:48:002] [this=0x1f5aa30: Thread ID=33018016: dataIndex=1]CPushJT1078::process 推流线程正在工作......
[2024-02-22 14:42:48:456] [this=0x1e987c8: Thread ID=32082112]CMGMediaEngine::ClenaCmd  事务ID为:14 的任务正在执行......
[2024-02-22 14:42:49:460] [this=0x1e987c8: Thread ID=32082112]CMGMediaEngine::ClenaCmd  事务ID为:14 的任务正在执行......
[2024-02-22 14:42:50:460] [this=0x1e987c8: Thread ID=32082112]CMGMediaEngine::ClenaCmd  事务ID为:14 的任务正在执行......
[2024-02-22 14:42:51:464] [this=0x1e987c8: Thread ID=32082112]CMGMediaEngine::ClenaCmd  事务ID为:14 的任务正在执行......
[2024-02-22 14:42:52:465] [this=0x1e987c8: Thread ID=32082112]CMGMediaEngine::ClenaCmd  事务ID为:14 的任务正在执行......
[2024-02-22 14:42:53:005] [this=0x1e987c8: Thread ID=32082112]CMGMediaEngine::ClenaCmd CCommandManager任务队列有2个任务
[2024-02-22 14:42:53:465] [this=0x1e987c8: Thread ID=32082112]CMGMediaEngine::ClenaCmd  事务ID为:14 的任务正在执行......
[2024-02-22 14:42:54:465] [this=0x1e987c8: Thread ID=32082112]CMGMediaEngine::ClenaCmd  事务ID为:14 的任务正在执行......
[2024-02-22 14:42:55:470] [this=0x1e987c8: Thread ID=32082112]CMGMediaEngine::ClenaCmd  事务ID为:14 的任务正在执行......
[2024-02-22 14:42:56:474] [this=0x1e987c8: Thread ID=32082112]CMGMediaEngine::ClenaCmd  事务ID为:14 的任务正在执行......
[2024-02-22 14:42:57:478] [this=0x1e987c8: Thread ID=32082112]CMGMediaEngine::ClenaCmd  事务ID为:14 的任务正在执行......
[2024-02-22 14:42:58:007] [this=0x1e987c8: Thread ID=32082112]CMGMediaEngine::ClenaCmd CCommandManager任务队列有2个任务
[2024-02-22 14:42:58:480] [this=0x1e987c8: Thread ID=32082112]CMGMediaEngine::ClenaCmd  事务ID为:14 的任务正在执行......
[2024-02-22 14:42:59:480] [this=0x1e987c8: Thread ID=32082112]CMGMediaEngine::ClenaCmd  事务ID为:14 的任务正在执行......
[2024-02-22 14:43:00:484] [this=0x1e987c8: Thread ID=32082112]CMGMediaEngine::ClenaCmd  事务ID为:14 的任务正在执行......
[2024-02-22 14:43:01:486] [this=0x1e987c8: Thread ID=32082112]CMGMediaEngine::ClenaCmd  事务ID为:14 的任务正在执行......
[2024-02-22 14:43:02:488] [this=0x1e987c8: Thread ID=32082112]CMGMediaEngine::ClenaCmd  事务ID为:14 的任务正在执行......
[2024-02-22 14:43:03:008] [this=0x1ea46f8: Thread ID=32171568: dataIndex=1]CManipulator::process 任务数量:1
[2024-02-22 14:43:03:492] [this=0x1e987c8: Thread ID=32082112]CMGMediaEngine::ClenaCmd  事务ID为:14 的任务正在执行......
[2024-02-22 14:43:04:493] [this=0x1e987c8: Thread ID=32082112]CMGMediaEngine::ClenaCmd  事务ID为:14 的任务正在执行......
[2024-02-22 14:43:05:493] [this=0x1e987c8: Thread ID=32082112]CMGMediaEngine::ClenaCmd  事务ID为:14 的任务正在执行......
[2024-02-22 14:43:06:494] [this=0x1e987c8: Thread ID=32082112]CMGMediaEngine::ClenaCmd  事务ID为:14 的任务正在执行......
[2024-02-22 14:43:07:498] [this=0x1e987c8: Thread ID=32082112]CMGMediaEngine::ClenaCmd  事务ID为:14 的任务正在执行......
[2024-02-22 14:43:08:008] [this=0x1e987c8: Thread ID=32082112]CMGMediaEngine::ClenaCmd CCommandManager任务队列有2个任务
[2024-02-22 14:43:08:503] [this=0x1e987c8: Thread ID=32082112]CMGMediaEngine::ClenaCmd  事务ID为:14 的任务正在执行......
[2024-02-22 14:43:09:503] [this=0x1e987c8: Thread ID=32082112]CMGMediaEngine::ClenaCmd  事务ID为:14 的任务正在执行......
[2024-02-22 14:43:10:506] [this=0x1e987c8: Thread ID=32082112]CMGMediaEngine::ClenaCmd  事务ID为:14 的任务正在执行......
[2024-02-22 14:43:11:507] [this=0x1e987c8: Thread ID=32082112]CMGMediaEngine::ClenaCmd  事务ID为:14 的任务正在执行......
[2024-02-22 14:43:12:507] [this=0x1e987c8: Thread ID=32082112]CMGMediaEngine::ClenaCmd  事务ID为:14 的任务正在执行......
[2024-02-22 14:43:13:011] [this=0x1e9a4a8: Thread ID=32129568: dataIndex=0]CManipulator::process 任务数量:1
[2024-02-22 14:43:13:507] [this=0x1e987c8: Thread ID=32082112]CMGMediaEngine::ClenaCmd  事务ID为:14 的任务正在执行......
[2024-02-22 14:43:14:508] [this=0x1e987c8: Thread ID=32082112]CMGMediaEngine::ClenaCmd  事务ID为:14 的任务正在执行......
[2024-02-22 14:43:15:511] [this=0x1e987c8: Thread ID=32082112]CMGMediaEngine::ClenaCmd  事务ID为:14 的任务正在执行......
[2024-02-22 14:43:16:511] [this=0x1e987c8: Thread ID=32082112]CMGMediaEngine::ClenaCmd  事务ID为:14 的任务正在执行......
[2024-02-22 14:43:17:512] [this=0x1e987c8: Thread ID=32082112]CMGMediaEngine::ClenaCmd  事务ID为:14 的任务正在执行......
[2024-02-22 14:43:18:011] [this=0x1f5aa30: Thread ID=33018016: dataIndex=1]CPushJT1078::process 推流线程正在工作......
[2024-02-22 14:43:18:514] [this=0x1e987c8: Thread ID=32082112]CMGMediaEngine::ClenaCmd  事务ID为:14 的任务正在执行......
[2024-02-22 14:43:19:514] [this=0x1e987c8: Thread ID=32082112]CMGMediaEngine::ClenaCmd  事务ID为:14 的任务正在执行......
[2024-02-22 14:43:20:516] [this=0x1e987c8: Thread ID=32082112]CMGMediaEngine::ClenaCmd  事务ID为:14 的任务正在执行......
[2024-02-22 14:43:21:519] [this=0x1e987c8: Thread ID=32082112]CMGMediaEngine::ClenaCmd  事务ID为:14 的任务正在执行......
[2024-02-22 14:43:22:523] [this=0x1e987c8: Thread ID=32082112]CMGMediaEngine::ClenaCmd  事务ID为:14 的任务正在执行......
[2024-02-22 14:43:23:012] [this=0x1ea46f8: Thread ID=32171568: dataIndex=1]CManipulator::process 任务数量:1
[2024-02-22 14:43:23:523] [this=0x1e987c8: Thread ID=32082112]CMGMediaEngine::ClenaCmd  事务ID为:14 的任务正在执行......
[2024-02-22 14:43:24:525] [this=0x1e987c8: Thread ID=32082112]CMGMediaEngine::ClenaCmd  事务ID为:14 的任务正在执行......
[2024-02-22 14:43:25:526] [this=0x1e987c8: Thread ID=32082112]CMGMediaEngine::ClenaCmd  事务ID为:14 的任务正在执行......
[2024-02-22 14:43:26:528] [this=0x1e987c8: Thread ID=32082112]CMGMediaEngine::ClenaCmd  事务ID为:14 的任务正在执行......
[2024-02-22 14:43:27:531] [this=0x1e987c8: Thread ID=32082112]CMGMediaEngine::ClenaCmd  事务ID为:14 的任务正在执行......
[2024-02-22 14:43:28:012] [this=0x1f5f270: Thread ID=33344896: dataIndex=0]CPushJT1078::process 推流线程正在工作......
[2024-02-22 14:43:28:532] [this=0x1e987c8: Thread ID=32082112]CMGMediaEngine::ClenaCmd  事务ID为:14 的任务正在执行......
[2024-02-22 14:43:29:533] [this=0x1e987c8: Thread ID=32082112]CMGMediaEngine::ClenaCmd  事务ID为:14 的任务正在执行......
[2024-02-22 14:43:30:536] [this=0x1e987c8: Thread ID=32082112]CMGMediaEngine::ClenaCmd  事务ID为:14 的任务正在执行......
[2024-02-22 14:43:31:535] [this=0x1e987c8: Thread ID=32082112]CMGMediaEngine::ClenaCmd  事务ID为:14 的任务正在执行......
[2024-02-22 14:43:32:541] [this=0x1e987c8: Thread ID=32082112]CMGMediaEngine::ClenaCmd  事务ID为:14 的任务正在执行......
[2024-02-22 14:43:33:016] [this=0x1e987c8: Thread ID=32082112]CMGMediaEngine::ClenaCmd CCommandManager任务队列有2个任务
[2024-02-22 14:43:33:541] [this=0x1e987c8: Thread ID=32082112]CMGMediaEngine::ClenaCmd  事务ID为:14 的任务正在执行......
[2024-02-22 14:43:34:541] [this=0x1e987c8: Thread ID=32082112]CMGMediaEngine::ClenaCmd  事务ID为:14 的任务正在执行......
[2024-02-22 14:43:35:543] [this=0x1e987c8: Thread ID=32082112]CMGMediaEngine::ClenaCmd  事务ID为:14 的任务正在执行......
[2024-02-22 14:43:36:544] [this=0x1e987c8: Thread ID=32082112]CMGMediaEngine::ClenaCmd  事务ID为:14 的任务正在执行......
[2024-02-22 14:43:37:547] [this=0x1e987c8: Thread ID=32082112]CMGMediaEngine::ClenaCmd  事务ID为:14 的任务正在执行......
[2024-02-22 14:43:38:017] [this=0x1ea46f8: Thread ID=32171568: dataIndex=1]CManipulator::process 任务数量:1
[2024-02-22 14:43:38:549] [this=0x1e987c8: Thread ID=32082112]CMGMediaEngine::ClenaCmd  事务ID为:14 的任务正在执行......
[2024-02-22 14:43:39:551] [this=0x1e987c8: Thread ID=32082112]CMGMediaEngine::ClenaCmd  事务ID为:14 的任务正在执行......
[2024-02-22 14:43:40:555] [this=0x1e987c8: Thread ID=32082112]CMGMediaEngine::ClenaCmd  事务ID为:14 的任务正在执行......
[2024-02-22 14:43:41:556] [this=0x1e987c8: Thread ID=32082112]CMGMediaEngine::ClenaCmd  事务ID为:14 的任务正在执行......
[2024-02-22 14:43:42:558] [this=0x1e987c8: Thread ID=32082112]CMGMediaEngine::ClenaCmd  事务ID为:14 的任务正在执行......
[2024-02-22 14:43:43:020] [this=0x1ea46f8: Thread ID=32171568: dataIndex=1]CManipulator::process 任务数量:1
[2024-02-22 14:43:43:021] [this=0x1e987c8: Thread ID=32082112]CMGMediaEngine::ClenaCmd CCommandManager任务队列有2个任务
[2024-02-22 14:43:43:021] [this=0x1e9a4a8: Thread ID=32129568: dataIndex=0]CManipulator::process 任务数量:1
[2024-02-22 14:43:43:021] [this=0x1f5f270: Thread ID=33344896: dataIndex=0]CPushJT1078::process 推流线程正在工作......
[2024-02-22 14:43:43:024] [this=0x1f5aa30: Thread ID=33018016: dataIndex=1]CPushJT1078::process 推流线程正在工作......
[2024-02-22 14:43:43:562] [this=0x1e987c8: Thread ID=32082112]CMGMediaEngine::ClenaCmd  事务ID为:14 的任务正在执行......
[2024-02-22 14:43:44:565] [this=0x1e987c8: Thread ID=32082112]CMGMediaEngine::ClenaCmd  事务ID为:14 的任务正在执行......
[2024-02-22 14:43:45:568] [this=0x1e987c8: Thread ID=32082112]CMGMediaEngine::ClenaCmd  事务ID为:14 的任务正在执行......
[2024-02-22 14:43:46:570] [this=0x1e987c8: Thread ID=32082112]CMGMediaEngine::ClenaCmd  事务ID为:14 的任务正在执行......
[2024-02-22 14:43:47:574] [this=0x1e987c8: Thread ID=32082112]CMGMediaEngine::ClenaCmd  事务ID为:14 的任务正在执行......
[2024-02-22 14:43:48:020] [this=0x1f5aa30: Thread ID=33018016: dataIndex=1]CPushJT1078::process 推流线程正在工作......
[2024-02-22 14:43:48:576] [this=0x1e987c8: Thread ID=32082112]CMGMediaEngine::ClenaCmd  事务ID为:14 的任务正在执行......
[2024-02-22 14:43:49:577] [this=0x1e987c8: Thread ID=32082112]CMGMediaEngine::ClenaCmd  事务ID为:14 的任务正在执行......
[2024-02-22 14:43:50:579] [this=0x1e987c8: Thread ID=32082112]CMGMediaEngine::ClenaCmd  事务ID为:14 的任务正在执行......
[2024-02-22 14:43:51:579] [this=0x1e987c8: Thread ID=32082112]CMGMediaEngine::ClenaCmd  事务ID为:14 的任务正在执行......
[2024-02-22 14:43:52:042] [this=none: Thread ID=32524248: dataIndex=1]外部调用DoStopLive
[2024-02-22 14:43:52:043] DoStopLive end dataIndex = 1
[2024-02-22 14:43:52:046] [this=0x1f5aa30: Thread ID=33018016: dataIndex=1]CPushJT1078::process 停止直播
[2024-02-22 14:43:52:050] [this=0x1f5aa30: Thread ID=32171568: dataIndex=1]CPushJT1078::Stop 停止部标推流线程->CPushJT1078::process()
[2024-02-22 14:43:52:050] [this=0x1f5aa30: Thread ID=32171568: dataIndex=1]CPushJT1078::StopStream 停止部标媒体封装线程->CJT1078Live::process()
[2024-02-22 14:43:52:051] [this=0x1f800b8: Thread ID=33329592: dataIndex=1]CJT1078Live::flv封装推流线程关闭
[2024-02-22 14:43:52:052] [this=0x1ea46f8: Thread ID=32171568: dataIndex=1]CManipulator::TaskStatusHandle 检测到任务完成
[2024-02-22 14:43:52:055] [this=0x1e987c8: Thread ID=32082112]CMGMediaEngine::ClenaCmd CCommandManager任务队列有2个任务
[2024-02-22 14:43:52:055] [this=0x1e987c8: Thread ID=32082112]CMGMediaEngine::ClenaCmd  事务ID为:15 的任务执行完成! 文件路径:
[2024-02-22 14:43:52:583] [this=0x1e987c8: Thread ID=32082112]CMGMediaEngine::ClenaCmd  事务ID为:14 的任务正在执行......
[2024-02-22 14:43:53:021] [this=0x1f5f270: Thread ID=33344896: dataIndex=0]CPushJT1078::process 推流线程正在工作......
[2024-02-22 14:43:53:086] [this=none: Thread ID=32524248: dataIndex=0]外部调用DoStopLive
[2024-02-22 14:43:53:086] DoStopLive end dataIndex = 0
[2024-02-22 14:43:53:090] [this=0x1f5f270: Thread ID=33344896: dataIndex=0]CPushJT1078::process 停止直播
[2024-02-22 14:43:53:092] [this=0x1f5f270: Thread ID=32129568: dataIndex=0]CPushJT1078::Stop 停止部标推流线程->CPushJT1078::process()
[2024-02-22 14:43:53:092] [this=0x1f5f270: Thread ID=32129568: dataIndex=0]CPushJT1078::StopStream 停止部标媒体封装线程->CJT1078Live::process()
[2024-02-22 14:43:53:092] [this=0x1fb7d28: Thread ID=33336816: dataIndex=0]CJT1078Live::flv封装推流线程关闭
[2024-02-22 14:43:53:093] [this=0x1e9a4a8: Thread ID=32129568: dataIndex=0]CManipulator::TaskStatusHandle 检测到任务完成
[2024-02-22 14:43:53:097] [this=0x1e987c8: Thread ID=32082112]CMGMediaEngine::ClenaCmd CCommandManager任务队列有1个任务
[2024-02-22 14:43:53:097] [this=0x1e987c8: Thread ID=32082112]CMGMediaEngine::ClenaCmd  事务ID为:14 的任务执行完成! 文件路径:
