[2024-02-23 09:02:40:009] [this=none: Thread ID=34938136: dataIndex=0]外部调用DoStartLive
[2024-02-23 09:02:40:049] CMGMediaEngine::DoStartLive dataIndex:0 url:rtmp://live-k8s.4s12580.com:1946/live/803278221316079-0?streamId=835440596792389632 Time:-746823799
[2024-02-23 09:02:40:049] [this=0x20e97c8: Thread ID=34938136: dataIndex=0]CMGMediaEngine::DoStartLive 增加一条直播开始命令,事务ID:0
[2024-02-23 09:02:40:050] [this=0x20e97c8: Thread ID=34511040]CMGMediaEngine::ProcessCmd 有一个要处理命令 type = 3
[2024-02-23 09:02:40:050] [this=0x20e97c8: Thread ID=34511040]CMGMediaEngine::ProcessCmd 发送消息到MessageQueue队列,事物ID:0 消息类型:3
[2024-02-23 09:02:40:052] [this=0x20eb4a8: Thread ID=34511696: dataIndex=0]CManipulator::HandleCmd 创建RTMP推流器线程->CMGPublisher::process()
[2024-02-23 09:02:40:052] CMGPublisher::Start begin
[2024-02-23 09:02:40:055] [this=0x216d138: Thread ID=35048744: dataIndex=0]CRtmpLive::正在连接媒体服务器
[2024-02-23 09:02:40:066] [this=none: Thread ID=34938136: dataIndex=1]外部调用DoStartLive
[2024-02-23 09:02:40:067] CMGMediaEngine::DoStartLive dataIndex:1 url:rtmp://live-k8s.4s12580.com:1936/live/803278221316079-1?streamId=835440596800778240 Time:-746823742
[2024-02-23 09:02:40:067] [this=0x20e97c8: Thread ID=34938136: dataIndex=1]CMGMediaEngine::DoStartLive 增加一条直播开始命令,事务ID:1
[2024-02-23 09:02:40:071] [this=0x20e97c8: Thread ID=34511040]CMGMediaEngine::ProcessCmd 有一个要处理命令 type = 3
[2024-02-23 09:02:40:071] [this=0x20e97c8: Thread ID=34511040]CMGMediaEngine::ProcessCmd 发送消息到MessageQueue队列,事物ID:1 消息类型:3
[2024-02-23 09:02:40:072] [this=0x20f56f8: Thread ID=34559152: dataIndex=1]CManipulator::HandleCmd 创建RTMP推流器线程->CMGPublisher::process()
[2024-02-23 09:02:40:072] CMGPublisher::Start begin
[2024-02-23 09:02:40:072] [this=0x21a93f8: Thread ID=35208544: dataIndex=1]CRtmpLive::正在连接媒体服务器
[2024-02-23 09:02:40:094] RTMP_Connect0 connect start 
[2024-02-23 09:02:40:095] RTMP_Connect0 connect start 
[2024-02-23 09:02:40:148] RTMP_Connect0 connect end 
[2024-02-23 09:02:40:277] RTMP_Connect0 connect end 
[2024-02-23 09:02:41:063] [this=0x20e97c8: Thread ID=34511040]CMGMediaEngine::ClenaCmd  事务ID为:0 的任务正在执行......
[2024-02-23 09:02:42:064] [this=0x20e97c8: Thread ID=34511040]CMGMediaEngine::ClenaCmd  事务ID为:0 的任务正在执行......
[2024-02-23 09:02:42:900] CAACDataBuffer::FeedAACData AAC采样率 :16000 AudioSize=256
[2024-02-23 09:02:42:900] CAACDataBuffer::FeedAACData AAC通道 : 2
[2024-02-23 09:02:42:900] CAACDataBuffer::FeedAACData AAC采样率 :16000 AudioSize=256
[2024-02-23 09:02:42:901] CAACDataBuffer::FeedAACData AAC通道 : 2
[2024-02-23 09:02:43:064] [this=0x20e97c8: Thread ID=34511040]CMGMediaEngine::ClenaCmd  事务ID为:0 的任务正在执行......
[2024-02-23 09:02:44:030] [this=0x20ec2e8: Thread ID=35072248]CH264LoopBuffer::FeedH264Data 获取到有效的sps pps
[2024-02-23 09:02:44:067] [this=0x20e97c8: Thread ID=34511040]CMGMediaEngine::ClenaCmd  事务ID为:0 的任务正在执行......
[2024-02-23 09:02:44:166] [this=0x216d138: Thread ID=35048744: dataIndex=0] CRtmpLive::第一帧视频发送完成
[2024-02-23 09:02:44:376] [this=0x20f6598: Thread ID=35067600]CH264LoopBuffer::FeedH264Data 获取到有效的sps pps
[2024-02-23 09:02:44:457] [this=0x21a93f8: Thread ID=35208544: dataIndex=1] CRtmpLive::第一帧视频发送完成
[2024-02-23 09:02:45:057] [this=0x20f56f8: Thread ID=34600496: dataIndex=1]CManipulator::process 任务数量:1
[2024-02-23 09:02:45:068] [this=0x20e97c8: Thread ID=34511040]CMGMediaEngine::ClenaCmd  事务ID为:0 的任务正在执行......
[2024-02-23 09:02:45:122] [this=0x216d138: Thread ID=35048744: dataIndex=0] CRtmpLive::第一帧音频发送完成 
[2024-02-23 09:02:45:424] [this=0x21a93f8: Thread ID=35208544: dataIndex=1] CRtmpLive::第一帧音频发送完成 
[2024-02-23 09:02:46:072] [this=0x20e97c8: Thread ID=34511040]CMGMediaEngine::ClenaCmd  事务ID为:0 的任务正在执行......
[2024-02-23 09:02:47:072] [this=0x20e97c8: Thread ID=34511040]CMGMediaEngine::ClenaCmd  事务ID为:0 的任务正在执行......
[2024-02-23 09:02:48:073] [this=0x20e97c8: Thread ID=34511040]CMGMediaEngine::ClenaCmd  事务ID为:0 的任务正在执行......
[2024-02-23 09:02:49:080] [this=0x20e97c8: Thread ID=34511040]CMGMediaEngine::ClenaCmd  事务ID为:0 的任务正在执行......
[2024-02-23 09:02:50:060] [this=0x218dc10: Thread ID=35209128: dataIndex=1]CMGPublisher::process 推流线程正在工作......
[2024-02-23 09:02:50:080] [this=0x20e97c8: Thread ID=34511040]CMGMediaEngine::ClenaCmd  事务ID为:0 的任务正在执行......
[2024-02-23 09:02:51:083] [this=0x20e97c8: Thread ID=34511040]CMGMediaEngine::ClenaCmd  事务ID为:0 的任务正在执行......
[2024-02-23 09:02:52:087] [this=0x20e97c8: Thread ID=34511040]CMGMediaEngine::ClenaCmd  事务ID为:0 的任务正在执行......
[2024-02-23 09:02:53:090] [this=0x20e97c8: Thread ID=34511040]CMGMediaEngine::ClenaCmd  事务ID为:0 的任务正在执行......
[2024-02-23 09:02:54:093] [this=0x20e97c8: Thread ID=34511040]CMGMediaEngine::ClenaCmd  事务ID为:0 的任务正在执行......
[2024-02-23 09:02:55:061] [this=0x20f56f8: Thread ID=34600496: dataIndex=1]CManipulator::process 任务数量:1
[2024-02-23 09:02:55:094] [this=0x20e97c8: Thread ID=34511040]CMGMediaEngine::ClenaCmd  事务ID为:0 的任务正在执行......
[2024-02-23 09:02:56:096] [this=0x20e97c8: Thread ID=34511040]CMGMediaEngine::ClenaCmd  事务ID为:0 的任务正在执行......
[2024-02-23 09:02:57:097] [this=0x20e97c8: Thread ID=34511040]CMGMediaEngine::ClenaCmd  事务ID为:0 的任务正在执行......
[2024-02-23 09:02:58:102] [this=0x20e97c8: Thread ID=34511040]CMGMediaEngine::ClenaCmd  事务ID为:0 的任务正在执行......
[2024-02-23 09:02:59:107] [this=0x20e97c8: Thread ID=34511040]CMGMediaEngine::ClenaCmd  事务ID为:0 的任务正在执行......
[2024-02-23 09:03:00:062] [this=0x21a6c78: Thread ID=35232600: dataIndex=0]CMGPublisher::process 推流线程正在工作......
[2024-02-23 09:03:00:107] [this=0x20e97c8: Thread ID=34511040]CMGMediaEngine::ClenaCmd  事务ID为:0 的任务正在执行......
[2024-02-23 09:03:01:108] [this=0x20e97c8: Thread ID=34511040]CMGMediaEngine::ClenaCmd  事务ID为:0 的任务正在执行......
[2024-02-23 09:03:02:112] [this=0x20e97c8: Thread ID=34511040]CMGMediaEngine::ClenaCmd  事务ID为:0 的任务正在执行......
[2024-02-23 09:03:03:115] [this=0x20e97c8: Thread ID=34511040]CMGMediaEngine::ClenaCmd  事务ID为:0 的任务正在执行......
[2024-02-23 09:03:04:116] [this=0x20e97c8: Thread ID=34511040]CMGMediaEngine::ClenaCmd  事务ID为:0 的任务正在执行......
[2024-02-23 09:03:05:064] [this=0x20f56f8: Thread ID=34600496: dataIndex=1]CManipulator::process 任务数量:1
[2024-02-23 09:03:05:116] [this=0x20e97c8: Thread ID=34511040]CMGMediaEngine::ClenaCmd  事务ID为:0 的任务正在执行......
[2024-02-23 09:03:06:118] [this=0x20e97c8: Thread ID=34511040]CMGMediaEngine::ClenaCmd  事务ID为:0 的任务正在执行......
[2024-02-23 09:03:07:122] [this=0x20e97c8: Thread ID=34511040]CMGMediaEngine::ClenaCmd  事务ID为:0 的任务正在执行......
[2024-02-23 09:03:08:124] [this=0x20e97c8: Thread ID=34511040]CMGMediaEngine::ClenaCmd  事务ID为:0 的任务正在执行......
[2024-02-23 09:03:09:126] [this=0x20e97c8: Thread ID=34511040]CMGMediaEngine::ClenaCmd  事务ID为:0 的任务正在执行......
[2024-02-23 09:03:10:067] [this=0x218dc10: Thread ID=35209128: dataIndex=1]CMGPublisher::process 推流线程正在工作......
[2024-02-23 09:03:10:126] [this=0x20e97c8: Thread ID=34511040]CMGMediaEngine::ClenaCmd  事务ID为:0 的任务正在执行......
[2024-02-23 09:03:11:127] [this=0x20e97c8: Thread ID=34511040]CMGMediaEngine::ClenaCmd  事务ID为:0 的任务正在执行......
[2024-02-23 09:03:12:131] [this=0x20e97c8: Thread ID=34511040]CMGMediaEngine::ClenaCmd  事务ID为:0 的任务正在执行......
[2024-02-23 09:03:13:136] [this=0x20e97c8: Thread ID=34511040]CMGMediaEngine::ClenaCmd  事务ID为:0 的任务正在执行......
[2024-02-23 09:03:14:139] [this=0x20e97c8: Thread ID=34511040]CMGMediaEngine::ClenaCmd  事务ID为:0 的任务正在执行......
[2024-02-23 09:03:15:068] [this=0x20eb4a8: Thread ID=34558496: dataIndex=0]CManipulator::process 任务数量:1
[2024-02-23 09:03:15:139] [this=0x20e97c8: Thread ID=34511040]CMGMediaEngine::ClenaCmd  事务ID为:0 的任务正在执行......
[2024-02-23 09:03:16:141] [this=0x20e97c8: Thread ID=34511040]CMGMediaEngine::ClenaCmd  事务ID为:0 的任务正在执行......
[2024-02-23 09:03:17:142] [this=0x20e97c8: Thread ID=34511040]CMGMediaEngine::ClenaCmd  事务ID为:0 的任务正在执行......
[2024-02-23 09:03:18:143] [this=0x20e97c8: Thread ID=34511040]CMGMediaEngine::ClenaCmd  事务ID为:0 的任务正在执行......
[2024-02-23 09:03:19:144] [this=0x20e97c8: Thread ID=34511040]CMGMediaEngine::ClenaCmd  事务ID为:0 的任务正在执行......
[2024-02-23 09:03:20:068] [this=0x20e97c8: Thread ID=34511040]CMGMediaEngine::ClenaCmd CCommandManager任务队列有2个任务
[2024-02-23 09:03:20:146] [this=0x20e97c8: Thread ID=34511040]CMGMediaEngine::ClenaCmd  事务ID为:0 的任务正在执行......
[2024-02-23 09:03:21:151] [this=0x20e97c8: Thread ID=34511040]CMGMediaEngine::ClenaCmd  事务ID为:0 的任务正在执行......
[2024-02-23 09:03:22:154] [this=0x20e97c8: Thread ID=34511040]CMGMediaEngine::ClenaCmd  事务ID为:0 的任务正在执行......
[2024-02-23 09:03:23:154] [this=0x20e97c8: Thread ID=34511040]CMGMediaEngine::ClenaCmd  事务ID为:0 的任务正在执行......
[2024-02-23 09:03:24:156] [this=0x20e97c8: Thread ID=34511040]CMGMediaEngine::ClenaCmd  事务ID为:0 的任务正在执行......
[2024-02-23 09:03:25:068] [this=0x21a6c78: Thread ID=35232600: dataIndex=0]CMGPublisher::process 推流线程正在工作......
[2024-02-23 09:03:25:157] [this=0x20e97c8: Thread ID=34511040]CMGMediaEngine::ClenaCmd  事务ID为:0 的任务正在执行......
[2024-02-23 09:03:26:161] [this=0x20e97c8: Thread ID=34511040]CMGMediaEngine::ClenaCmd  事务ID为:0 的任务正在执行......
[2024-02-23 09:03:27:161] [this=0x20e97c8: Thread ID=34511040]CMGMediaEngine::ClenaCmd  事务ID为:0 的任务正在执行......
[2024-02-23 09:03:28:165] [this=0x20e97c8: Thread ID=34511040]CMGMediaEngine::ClenaCmd  事务ID为:0 的任务正在执行......
[2024-02-23 09:03:29:167] [this=0x20e97c8: Thread ID=34511040]CMGMediaEngine::ClenaCmd  事务ID为:0 的任务正在执行......
[2024-02-23 09:03:30:068] [this=0x20f56f8: Thread ID=34600496: dataIndex=1]CManipulator::process 任务数量:1
[2024-02-23 09:03:30:168] [this=0x20e97c8: Thread ID=34511040]CMGMediaEngine::ClenaCmd  事务ID为:0 的任务正在执行......
[2024-02-23 09:03:31:169] [this=0x20e97c8: Thread ID=34511040]CMGMediaEngine::ClenaCmd  事务ID为:0 的任务正在执行......
[2024-02-23 09:03:32:170] [this=0x20e97c8: Thread ID=34511040]CMGMediaEngine::ClenaCmd  事务ID为:0 的任务正在执行......
[2024-02-23 09:03:33:173] [this=0x20e97c8: Thread ID=34511040]CMGMediaEngine::ClenaCmd  事务ID为:0 的任务正在执行......
[2024-02-23 09:03:34:175] [this=0x20e97c8: Thread ID=34511040]CMGMediaEngine::ClenaCmd  事务ID为:0 的任务正在执行......
[2024-02-23 09:03:35:068] [this=0x21a6c78: Thread ID=35232600: dataIndex=0]CMGPublisher::process 推流线程正在工作......
[2024-02-23 09:03:35:179] [this=0x20e97c8: Thread ID=34511040]CMGMediaEngine::ClenaCmd  事务ID为:0 的任务正在执行......
[2024-02-23 09:03:36:183] [this=0x20e97c8: Thread ID=34511040]CMGMediaEngine::ClenaCmd  事务ID为:0 的任务正在执行......
[2024-02-23 09:03:37:186] [this=0x20e97c8: Thread ID=34511040]CMGMediaEngine::ClenaCmd  事务ID为:0 的任务正在执行......
[2024-02-23 09:03:38:188] [this=0x20e97c8: Thread ID=34511040]CMGMediaEngine::ClenaCmd  事务ID为:0 的任务正在执行......
[2024-02-23 09:03:39:189] [this=0x20e97c8: Thread ID=34511040]CMGMediaEngine::ClenaCmd  事务ID为:0 的任务正在执行......
[2024-02-23 09:03:40:069] [this=0x20e97c8: Thread ID=34511040]CMGMediaEngine::ClenaCmd CCommandManager任务队列有2个任务
[2024-02-23 09:03:40:071] [this=0x20f56f8: Thread ID=34600496: dataIndex=1]CManipulator::process 任务数量:1
[2024-02-23 09:03:40:071] [this=0x20eb4a8: Thread ID=34558496: dataIndex=0]CManipulator::process 任务数量:1
[2024-02-23 09:03:40:071] [this=0x21a6c78: Thread ID=35232600: dataIndex=0]CMGPublisher::process 推流线程正在工作......
[2024-02-23 09:03:40:072] [this=0x218dc10: Thread ID=35209128: dataIndex=1]CMGPublisher::process 推流线程正在工作......
[2024-02-23 09:03:40:190] [this=0x20e97c8: Thread ID=34511040]CMGMediaEngine::ClenaCmd  事务ID为:0 的任务正在执行......
[2024-02-23 09:03:41:191] [this=0x20e97c8: Thread ID=34511040]CMGMediaEngine::ClenaCmd  事务ID为:0 的任务正在执行......
[2024-02-23 09:03:42:194] [this=0x20e97c8: Thread ID=34511040]CMGMediaEngine::ClenaCmd  事务ID为:0 的任务正在执行......
[2024-02-23 09:03:43:195] [this=0x20e97c8: Thread ID=34511040]CMGMediaEngine::ClenaCmd  事务ID为:0 的任务正在执行......
[2024-02-23 09:03:44:195] [this=0x20e97c8: Thread ID=34511040]CMGMediaEngine::ClenaCmd  事务ID为:0 的任务正在执行......
[2024-02-23 09:03:45:071] [this=0x21a6c78: Thread ID=35232600: dataIndex=0]CMGPublisher::process 推流线程正在工作......
[2024-02-23 09:03:45:198] [this=0x20e97c8: Thread ID=34511040]CMGMediaEngine::ClenaCmd  事务ID为:0 的任务正在执行......
[2024-02-23 09:03:46:198] [this=0x20e97c8: Thread ID=34511040]CMGMediaEngine::ClenaCmd  事务ID为:0 的任务正在执行......
[2024-02-23 09:03:47:199] [this=0x20e97c8: Thread ID=34511040]CMGMediaEngine::ClenaCmd  事务ID为:0 的任务正在执行......
[2024-02-23 09:03:48:200] [this=0x20e97c8: Thread ID=34511040]CMGMediaEngine::ClenaCmd  事务ID为:0 的任务正在执行......
[2024-02-23 09:03:49:204] [this=0x20e97c8: Thread ID=34511040]CMGMediaEngine::ClenaCmd  事务ID为:0 的任务正在执行......
[2024-02-23 09:03:50:071] [this=0x20e97c8: Thread ID=34511040]CMGMediaEngine::ClenaCmd CCommandManager任务队列有2个任务
[2024-02-23 09:03:50:206] [this=0x20e97c8: Thread ID=34511040]CMGMediaEngine::ClenaCmd  事务ID为:0 的任务正在执行......
[2024-02-23 09:03:51:210] [this=0x20e97c8: Thread ID=34511040]CMGMediaEngine::ClenaCmd  事务ID为:0 的任务正在执行......
[2024-02-23 09:03:52:210] [this=0x20e97c8: Thread ID=34511040]CMGMediaEngine::ClenaCmd  事务ID为:0 的任务正在执行......
[2024-02-23 09:03:53:213] [this=0x20e97c8: Thread ID=34511040]CMGMediaEngine::ClenaCmd  事务ID为:0 的任务正在执行......
[2024-02-23 09:03:54:215] [this=0x20e97c8: Thread ID=34511040]CMGMediaEngine::ClenaCmd  事务ID为:0 的任务正在执行......
[2024-02-23 09:03:55:071] [this=0x20eb4a8: Thread ID=34558496: dataIndex=0]CManipulator::process 任务数量:1
[2024-02-23 09:03:55:071] [this=0x218dc10: Thread ID=35209128: dataIndex=1]CMGPublisher::process 推流线程正在工作......
[2024-02-23 09:03:55:215] [this=0x20e97c8: Thread ID=34511040]CMGMediaEngine::ClenaCmd  事务ID为:0 的任务正在执行......
[2024-02-23 09:03:56:217] [this=0x20e97c8: Thread ID=34511040]CMGMediaEngine::ClenaCmd  事务ID为:0 的任务正在执行......
[2024-02-23 09:03:57:218] [this=0x20e97c8: Thread ID=34511040]CMGMediaEngine::ClenaCmd  事务ID为:0 的任务正在执行......
[2024-02-23 09:03:58:222] [this=0x20e97c8: Thread ID=34511040]CMGMediaEngine::ClenaCmd  事务ID为:0 的任务正在执行......
[2024-02-23 09:03:59:223] [this=0x20e97c8: Thread ID=34511040]CMGMediaEngine::ClenaCmd  事务ID为:0 的任务正在执行......
[2024-02-23 09:04:00:071] [this=0x20e97c8: Thread ID=34511040]CMGMediaEngine::ClenaCmd CCommandManager任务队列有2个任务
[2024-02-23 09:04:00:071] [this=0x20eb4a8: Thread ID=34558496: dataIndex=0]CManipulator::process 任务数量:1
[2024-02-23 09:04:00:072] [this=0x21a6c78: Thread ID=35232600: dataIndex=0]CMGPublisher::process 推流线程正在工作......
[2024-02-23 09:04:00:072] [this=0x218dc10: Thread ID=35209128: dataIndex=1]CMGPublisher::process 推流线程正在工作......
[2024-02-23 09:04:00:072] [this=0x20f56f8: Thread ID=34600496: dataIndex=1]CManipulator::process 任务数量:1
[2024-02-23 09:04:00:223] [this=0x20e97c8: Thread ID=34511040]CMGMediaEngine::ClenaCmd  事务ID为:0 的任务正在执行......
[2024-02-23 09:04:01:224] [this=0x20e97c8: Thread ID=34511040]CMGMediaEngine::ClenaCmd  事务ID为:0 的任务正在执行......
[2024-02-23 09:04:02:227] [this=0x20e97c8: Thread ID=34511040]CMGMediaEngine::ClenaCmd  事务ID为:0 的任务正在执行......
[2024-02-23 09:04:03:228] [this=0x20e97c8: Thread ID=34511040]CMGMediaEngine::ClenaCmd  事务ID为:0 的任务正在执行......
[2024-02-23 09:04:04:234] [this=0x20e97c8: Thread ID=34511040]CMGMediaEngine::ClenaCmd  事务ID为:0 的任务正在执行......
[2024-02-23 09:04:05:075] [this=0x20f56f8: Thread ID=34600496: dataIndex=1]CManipulator::process 任务数量:1
[2024-02-23 09:04:05:238] [this=0x20e97c8: Thread ID=34511040]CMGMediaEngine::ClenaCmd  事务ID为:0 的任务正在执行......
[2024-02-23 09:04:06:238] [this=0x20e97c8: Thread ID=34511040]CMGMediaEngine::ClenaCmd  事务ID为:0 的任务正在执行......
[2024-02-23 09:04:07:239] [this=0x20e97c8: Thread ID=34511040]CMGMediaEngine::ClenaCmd  事务ID为:0 的任务正在执行......
[2024-02-23 09:04:08:242] [this=0x20e97c8: Thread ID=34511040]CMGMediaEngine::ClenaCmd  事务ID为:0 的任务正在执行......
[2024-02-23 09:04:09:244] [this=0x20e97c8: Thread ID=34511040]CMGMediaEngine::ClenaCmd  事务ID为:0 的任务正在执行......
[2024-02-23 09:04:10:077] [this=0x20e97c8: Thread ID=34511040]CMGMediaEngine::ClenaCmd CCommandManager任务队列有2个任务
[2024-02-23 09:04:10:247] [this=0x20e97c8: Thread ID=34511040]CMGMediaEngine::ClenaCmd  事务ID为:0 的任务正在执行......
[2024-02-23 09:04:11:249] [this=0x20e97c8: Thread ID=34511040]CMGMediaEngine::ClenaCmd  事务ID为:0 的任务正在执行......
[2024-02-23 09:04:12:249] [this=0x20e97c8: Thread ID=34511040]CMGMediaEngine::ClenaCmd  事务ID为:0 的任务正在执行......
[2024-02-23 09:04:13:253] [this=0x20e97c8: Thread ID=34511040]CMGMediaEngine::ClenaCmd  事务ID为:0 的任务正在执行......
[2024-02-23 09:04:14:254] [this=0x20e97c8: Thread ID=34511040]CMGMediaEngine::ClenaCmd  事务ID为:0 的任务正在执行......
[2024-02-23 09:04:15:078] [this=0x21a6c78: Thread ID=35232600: dataIndex=0]CMGPublisher::process 推流线程正在工作......
[2024-02-23 09:04:15:257] [this=0x20e97c8: Thread ID=34511040]CMGMediaEngine::ClenaCmd  事务ID为:0 的任务正在执行......
[2024-02-23 09:04:16:258] [this=0x20e97c8: Thread ID=34511040]CMGMediaEngine::ClenaCmd  事务ID为:0 的任务正在执行......
[2024-02-23 09:04:17:259] [this=0x20e97c8: Thread ID=34511040]CMGMediaEngine::ClenaCmd  事务ID为:0 的任务正在执行......
[2024-02-23 09:04:18:262] [this=0x20e97c8: Thread ID=34511040]CMGMediaEngine::ClenaCmd  事务ID为:0 的任务正在执行......
[2024-02-23 09:04:19:262] [this=0x20e97c8: Thread ID=34511040]CMGMediaEngine::ClenaCmd  事务ID为:0 的任务正在执行......
[2024-02-23 09:04:20:079] [this=0x20eb4a8: Thread ID=34558496: dataIndex=0]CManipulator::process 任务数量:1
[2024-02-23 09:04:20:263] [this=0x20e97c8: Thread ID=34511040]CMGMediaEngine::ClenaCmd  事务ID为:0 的任务正在执行......
[2024-02-23 09:04:21:266] [this=0x20e97c8: Thread ID=34511040]CMGMediaEngine::ClenaCmd  事务ID为:0 的任务正在执行......
[2024-02-23 09:04:22:268] [this=0x20e97c8: Thread ID=34511040]CMGMediaEngine::ClenaCmd  事务ID为:0 的任务正在执行......
[2024-02-23 09:04:23:272] [this=0x20e97c8: Thread ID=34511040]CMGMediaEngine::ClenaCmd  事务ID为:0 的任务正在执行......
[2024-02-23 09:04:24:276] [this=0x20e97c8: Thread ID=34511040]CMGMediaEngine::ClenaCmd  事务ID为:0 的任务正在执行......
[2024-02-23 09:04:25:080] [this=0x20f56f8: Thread ID=34600496: dataIndex=1]CManipulator::process 任务数量:1
[2024-02-23 09:04:25:279] [this=0x20e97c8: Thread ID=34511040]CMGMediaEngine::ClenaCmd  事务ID为:0 的任务正在执行......
[2024-02-23 09:04:26:281] [this=0x20e97c8: Thread ID=34511040]CMGMediaEngine::ClenaCmd  事务ID为:0 的任务正在执行......
[2024-02-23 09:04:27:282] [this=0x20e97c8: Thread ID=34511040]CMGMediaEngine::ClenaCmd  事务ID为:0 的任务正在执行......
[2024-02-23 09:04:28:283] [this=0x20e97c8: Thread ID=34511040]CMGMediaEngine::ClenaCmd  事务ID为:0 的任务正在执行......
[2024-02-23 09:04:29:286] [this=0x20e97c8: Thread ID=34511040]CMGMediaEngine::ClenaCmd  事务ID为:0 的任务正在执行......
[2024-02-23 09:04:30:080] [this=0x20e97c8: Thread ID=34511040]CMGMediaEngine::ClenaCmd CCommandManager任务队列有2个任务
[2024-02-23 09:04:30:288] [this=0x20e97c8: Thread ID=34511040]CMGMediaEngine::ClenaCmd  事务ID为:0 的任务正在执行......
[2024-02-23 09:04:31:290] [this=0x20e97c8: Thread ID=34511040]CMGMediaEngine::ClenaCmd  事务ID为:0 的任务正在执行......
[2024-02-23 09:04:32:291] [this=0x20e97c8: Thread ID=34511040]CMGMediaEngine::ClenaCmd  事务ID为:0 的任务正在执行......
[2024-02-23 09:04:33:292] [this=0x20e97c8: Thread ID=34511040]CMGMediaEngine::ClenaCmd  事务ID为:0 的任务正在执行......
[2024-02-23 09:04:34:292] [this=0x20e97c8: Thread ID=34511040]CMGMediaEngine::ClenaCmd  事务ID为:0 的任务正在执行......
[2024-02-23 09:04:35:081] [this=0x218dc10: Thread ID=35209128: dataIndex=1]CMGPublisher::process 推流线程正在工作......
[2024-02-23 09:04:35:295] [this=0x20e97c8: Thread ID=34511040]CMGMediaEngine::ClenaCmd  事务ID为:0 的任务正在执行......
[2024-02-23 09:04:36:297] [this=0x20e97c8: Thread ID=34511040]CMGMediaEngine::ClenaCmd  事务ID为:0 的任务正在执行......
[2024-02-23 09:04:37:301] [this=0x20e97c8: Thread ID=34511040]CMGMediaEngine::ClenaCmd  事务ID为:0 的任务正在执行......
[2024-02-23 09:04:38:305] [this=0x20e97c8: Thread ID=34511040]CMGMediaEngine::ClenaCmd  事务ID为:0 的任务正在执行......
[2024-02-23 09:04:39:311] [this=0x20e97c8: Thread ID=34511040]CMGMediaEngine::ClenaCmd  事务ID为:0 的任务正在执行......
[2024-02-23 09:04:40:081] [this=0x20f56f8: Thread ID=34600496: dataIndex=1]CManipulator::process 任务数量:1
[2024-02-23 09:04:40:313] [this=0x20e97c8: Thread ID=34511040]CMGMediaEngine::ClenaCmd  事务ID为:0 的任务正在执行......
[2024-02-23 09:04:41:313] [this=0x20e97c8: Thread ID=34511040]CMGMediaEngine::ClenaCmd  事务ID为:0 的任务正在执行......
[2024-02-23 09:04:42:315] [this=0x20e97c8: Thread ID=34511040]CMGMediaEngine::ClenaCmd  事务ID为:0 的任务正在执行......
[2024-02-23 09:04:43:316] [this=0x20e97c8: Thread ID=34511040]CMGMediaEngine::ClenaCmd  事务ID为:0 的任务正在执行......
[2024-02-23 09:04:44:317] [this=0x20e97c8: Thread ID=34511040]CMGMediaEngine::ClenaCmd  事务ID为:0 的任务正在执行......
[2024-02-23 09:04:45:081] [this=0x20e97c8: Thread ID=34511040]CMGMediaEngine::ClenaCmd CCommandManager任务队列有2个任务
[2024-02-23 09:04:45:082] [this=0x21a6c78: Thread ID=35232600: dataIndex=0]CMGPublisher::process 推流线程正在工作......
[2024-02-23 09:04:45:319] [this=0x20e97c8: Thread ID=34511040]CMGMediaEngine::ClenaCmd  事务ID为:0 的任务正在执行......
[2024-02-23 09:04:46:321] [this=0x20e97c8: Thread ID=34511040]CMGMediaEngine::ClenaCmd  事务ID为:0 的任务正在执行......
[2024-02-23 09:04:47:324] [this=0x20e97c8: Thread ID=34511040]CMGMediaEngine::ClenaCmd  事务ID为:0 的任务正在执行......
[2024-02-23 09:04:48:328] [this=0x20e97c8: Thread ID=34511040]CMGMediaEngine::ClenaCmd  事务ID为:0 的任务正在执行......
[2024-02-23 09:04:49:333] [this=0x20e97c8: Thread ID=34511040]CMGMediaEngine::ClenaCmd  事务ID为:0 的任务正在执行......
[2024-02-23 09:04:50:082] [this=0x20eb4a8: Thread ID=34558496: dataIndex=0]CManipulator::process 任务数量:1
[2024-02-23 09:04:50:338] [this=0x20e97c8: Thread ID=34511040]CMGMediaEngine::ClenaCmd  事务ID为:0 的任务正在执行......
[2024-02-23 09:04:51:341] [this=0x20e97c8: Thread ID=34511040]CMGMediaEngine::ClenaCmd  事务ID为:0 的任务正在执行......
[2024-02-23 09:04:52:341] [this=0x20e97c8: Thread ID=34511040]CMGMediaEngine::ClenaCmd  事务ID为:0 的任务正在执行......
[2024-02-23 09:04:53:345] [this=0x20e97c8: Thread ID=34511040]CMGMediaEngine::ClenaCmd  事务ID为:0 的任务正在执行......
[2024-02-23 09:04:54:347] [this=0x20e97c8: Thread ID=34511040]CMGMediaEngine::ClenaCmd  事务ID为:0 的任务正在执行......
[2024-02-23 09:04:55:082] [this=0x20e97c8: Thread ID=34511040]CMGMediaEngine::ClenaCmd CCommandManager任务队列有2个任务
[2024-02-23 09:04:55:347] [this=0x20e97c8: Thread ID=34511040]CMGMediaEngine::ClenaCmd  事务ID为:0 的任务正在执行......
[2024-02-23 09:04:56:349] [this=0x20e97c8: Thread ID=34511040]CMGMediaEngine::ClenaCmd  事务ID为:0 的任务正在执行......
[2024-02-23 09:04:57:352] [this=0x20e97c8: Thread ID=34511040]CMGMediaEngine::ClenaCmd  事务ID为:0 的任务正在执行......
[2024-02-23 09:04:58:354] [this=0x20e97c8: Thread ID=34511040]CMGMediaEngine::ClenaCmd  事务ID为:0 的任务正在执行......
[2024-02-23 09:04:59:357] [this=0x20e97c8: Thread ID=34511040]CMGMediaEngine::ClenaCmd  事务ID为:0 的任务正在执行......
[2024-02-23 09:05:00:082] [this=0x20f56f8: Thread ID=34600496: dataIndex=1]CManipulator::process 任务数量:1
[2024-02-23 09:05:00:357] [this=0x20e97c8: Thread ID=34511040]CMGMediaEngine::ClenaCmd  事务ID为:0 的任务正在执行......
[2024-02-23 09:05:01:357] [this=0x20e97c8: Thread ID=34511040]CMGMediaEngine::ClenaCmd  事务ID为:0 的任务正在执行......
[2024-02-23 09:05:02:359] [this=0x20e97c8: Thread ID=34511040]CMGMediaEngine::ClenaCmd  事务ID为:0 的任务正在执行......
[2024-02-23 09:05:03:363] [this=0x20e97c8: Thread ID=34511040]CMGMediaEngine::ClenaCmd  事务ID为:0 的任务正在执行......
[2024-02-23 09:05:04:367] [this=0x20e97c8: Thread ID=34511040]CMGMediaEngine::ClenaCmd  事务ID为:0 的任务正在执行......
[2024-02-23 09:05:05:082] [this=0x218dc10: Thread ID=35209128: dataIndex=1]CMGPublisher::process 推流线程正在工作......
[2024-02-23 09:05:05:082] [this=0x20e97c8: Thread ID=34511040]CMGMediaEngine::ClenaCmd CCommandManager任务队列有2个任务
[2024-02-23 09:05:05:082] [this=0x20eb4a8: Thread ID=34558496: dataIndex=0]CManipulator::process 任务数量:1
[2024-02-23 09:05:05:370] [this=0x20e97c8: Thread ID=34511040]CMGMediaEngine::ClenaCmd  事务ID为:0 的任务正在执行......
[2024-02-23 09:05:06:371] [this=0x20e97c8: Thread ID=34511040]CMGMediaEngine::ClenaCmd  事务ID为:0 的任务正在执行......
[2024-02-23 09:05:07:375] [this=0x20e97c8: Thread ID=34511040]CMGMediaEngine::ClenaCmd  事务ID为:0 的任务正在执行......
[2024-02-23 09:05:08:375] [this=0x20e97c8: Thread ID=34511040]CMGMediaEngine::ClenaCmd  事务ID为:0 的任务正在执行......
[2024-02-23 09:05:09:377] [this=0x20e97c8: Thread ID=34511040]CMGMediaEngine::ClenaCmd  事务ID为:0 的任务正在执行......
[2024-02-23 09:05:10:082] [this=0x20eb4a8: Thread ID=34558496: dataIndex=0]CManipulator::process 任务数量:1
[2024-02-23 09:05:10:380] [this=0x20e97c8: Thread ID=34511040]CMGMediaEngine::ClenaCmd  事务ID为:0 的任务正在执行......
[2024-02-23 09:05:11:385] [this=0x20e97c8: Thread ID=34511040]CMGMediaEngine::ClenaCmd  事务ID为:0 的任务正在执行......
[2024-02-23 09:05:12:392] [this=0x20e97c8: Thread ID=34511040]CMGMediaEngine::ClenaCmd  事务ID为:0 的任务正在执行......
[2024-02-23 09:05:13:393] [this=0x20e97c8: Thread ID=34511040]CMGMediaEngine::ClenaCmd  事务ID为:0 的任务正在执行......
[2024-02-23 09:05:14:394] [this=0x20e97c8: Thread ID=34511040]CMGMediaEngine::ClenaCmd  事务ID为:0 的任务正在执行......
[2024-02-23 09:05:15:082] [this=0x20eb4a8: Thread ID=34558496: dataIndex=0]CManipulator::process 任务数量:1
[2024-02-23 09:05:15:395] [this=0x20e97c8: Thread ID=34511040]CMGMediaEngine::ClenaCmd  事务ID为:0 的任务正在执行......
[2024-02-23 09:05:16:397] [this=0x20e97c8: Thread ID=34511040]CMGMediaEngine::ClenaCmd  事务ID为:0 的任务正在执行......
[2024-02-23 09:05:17:398] [this=0x20e97c8: Thread ID=34511040]CMGMediaEngine::ClenaCmd  事务ID为:0 的任务正在执行......
[2024-02-23 09:05:18:399] [this=0x20e97c8: Thread ID=34511040]CMGMediaEngine::ClenaCmd  事务ID为:0 的任务正在执行......
[2024-02-23 09:05:19:403] [this=0x20e97c8: Thread ID=34511040]CMGMediaEngine::ClenaCmd  事务ID为:0 的任务正在执行......
[2024-02-23 09:05:20:082] [this=0x20eb4a8: Thread ID=34558496: dataIndex=0]CManipulator::process 任务数量:1
[2024-02-23 09:05:20:403] [this=0x20e97c8: Thread ID=34511040]CMGMediaEngine::ClenaCmd  事务ID为:0 的任务正在执行......
[2024-02-23 09:05:21:408] [this=0x20e97c8: Thread ID=34511040]CMGMediaEngine::ClenaCmd  事务ID为:0 的任务正在执行......
[2024-02-23 09:05:22:412] [this=0x20e97c8: Thread ID=34511040]CMGMediaEngine::ClenaCmd  事务ID为:0 的任务正在执行......
[2024-02-23 09:05:23:415] [this=0x20e97c8: Thread ID=34511040]CMGMediaEngine::ClenaCmd  事务ID为:0 的任务正在执行......
[2024-02-23 09:05:24:415] [this=0x20e97c8: Thread ID=34511040]CMGMediaEngine::ClenaCmd  事务ID为:0 的任务正在执行......
[2024-02-23 09:05:25:082] [this=0x218dc10: Thread ID=35209128: dataIndex=1]CMGPublisher::process 推流线程正在工作......
[2024-02-23 09:05:25:420] [this=0x20e97c8: Thread ID=34511040]CMGMediaEngine::ClenaCmd  事务ID为:0 的任务正在执行......
[2024-02-23 09:05:26:423] [this=0x20e97c8: Thread ID=34511040]CMGMediaEngine::ClenaCmd  事务ID为:0 的任务正在执行......
[2024-02-23 09:05:27:426] [this=0x20e97c8: Thread ID=34511040]CMGMediaEngine::ClenaCmd  事务ID为:0 的任务正在执行......
[2024-02-23 09:05:28:426] [this=0x20e97c8: Thread ID=34511040]CMGMediaEngine::ClenaCmd  事务ID为:0 的任务正在执行......
[2024-02-23 09:05:29:426] [this=0x20e97c8: Thread ID=34511040]CMGMediaEngine::ClenaCmd  事务ID为:0 的任务正在执行......
[2024-02-23 09:05:30:082] [this=0x20f56f8: Thread ID=34600496: dataIndex=1]CManipulator::process 任务数量:1
[2024-02-23 09:05:30:428] [this=0x20e97c8: Thread ID=34511040]CMGMediaEngine::ClenaCmd  事务ID为:0 的任务正在执行......
[2024-02-23 09:05:31:428] [this=0x20e97c8: Thread ID=34511040]CMGMediaEngine::ClenaCmd  事务ID为:0 的任务正在执行......
[2024-02-23 09:05:32:430] [this=0x20e97c8: Thread ID=34511040]CMGMediaEngine::ClenaCmd  事务ID为:0 的任务正在执行......
[2024-02-23 09:05:33:433] [this=0x20e97c8: Thread ID=34511040]CMGMediaEngine::ClenaCmd  事务ID为:0 的任务正在执行......
[2024-02-23 09:05:34:437] [this=0x20e97c8: Thread ID=34511040]CMGMediaEngine::ClenaCmd  事务ID为:0 的任务正在执行......
[2024-02-23 09:05:35:082] [this=0x20e97c8: Thread ID=34511040]CMGMediaEngine::ClenaCmd CCommandManager任务队列有2个任务
[2024-02-23 09:05:35:440] [this=0x20e97c8: Thread ID=34511040]CMGMediaEngine::ClenaCmd  事务ID为:0 的任务正在执行......
[2024-02-23 09:05:36:444] [this=0x20e97c8: Thread ID=34511040]CMGMediaEngine::ClenaCmd  事务ID为:0 的任务正在执行......
[2024-02-23 09:05:37:447] [this=0x20e97c8: Thread ID=34511040]CMGMediaEngine::ClenaCmd  事务ID为:0 的任务正在执行......
[2024-02-23 09:05:38:448] [this=0x20e97c8: Thread ID=34511040]CMGMediaEngine::ClenaCmd  事务ID为:0 的任务正在执行......
[2024-02-23 09:05:39:449] [this=0x20e97c8: Thread ID=34511040]CMGMediaEngine::ClenaCmd  事务ID为:0 的任务正在执行......
[2024-02-23 09:05:40:083] [this=0x20e97c8: Thread ID=34511040]CMGMediaEngine::ClenaCmd CCommandManager任务队列有2个任务
[2024-02-23 09:05:40:451] [this=0x20e97c8: Thread ID=34511040]CMGMediaEngine::ClenaCmd  事务ID为:0 的任务正在执行......
[2024-02-23 09:05:41:455] [this=0x20e97c8: Thread ID=34511040]CMGMediaEngine::ClenaCmd  事务ID为:0 的任务正在执行......
[2024-02-23 09:05:42:458] [this=0x20e97c8: Thread ID=34511040]CMGMediaEngine::ClenaCmd  事务ID为:0 的任务正在执行......
[2024-02-23 09:05:43:458] [this=0x20e97c8: Thread ID=34511040]CMGMediaEngine::ClenaCmd  事务ID为:0 的任务正在执行......
[2024-02-23 09:05:44:458] [this=0x20e97c8: Thread ID=34511040]CMGMediaEngine::ClenaCmd  事务ID为:0 的任务正在执行......
[2024-02-23 09:05:45:083] [this=0x218dc10: Thread ID=35209128: dataIndex=1]CMGPublisher::process 推流线程正在工作......
[2024-02-23 09:05:45:464] [this=0x20e97c8: Thread ID=34511040]CMGMediaEngine::ClenaCmd  事务ID为:0 的任务正在执行......
[2024-02-23 09:05:46:471] [this=0x20e97c8: Thread ID=34511040]CMGMediaEngine::ClenaCmd  事务ID为:0 的任务正在执行......
[2024-02-23 09:05:47:474] [this=0x20e97c8: Thread ID=34511040]CMGMediaEngine::ClenaCmd  事务ID为:0 的任务正在执行......
[2024-02-23 09:05:48:478] [this=0x20e97c8: Thread ID=34511040]CMGMediaEngine::ClenaCmd  事务ID为:0 的任务正在执行......
[2024-02-23 09:05:49:479] [this=0x20e97c8: Thread ID=34511040]CMGMediaEngine::ClenaCmd  事务ID为:0 的任务正在执行......
[2024-02-23 09:05:50:087] [this=0x20f56f8: Thread ID=34600496: dataIndex=1]CManipulator::process 任务数量:1
[2024-02-23 09:05:50:479] [this=0x20e97c8: Thread ID=34511040]CMGMediaEngine::ClenaCmd  事务ID为:0 的任务正在执行......
[2024-02-23 09:05:51:483] [this=0x20e97c8: Thread ID=34511040]CMGMediaEngine::ClenaCmd  事务ID为:0 的任务正在执行......
[2024-02-23 09:05:52:486] [this=0x20e97c8: Thread ID=34511040]CMGMediaEngine::ClenaCmd  事务ID为:0 的任务正在执行......
[2024-02-23 09:05:53:489] [this=0x20e97c8: Thread ID=34511040]CMGMediaEngine::ClenaCmd  事务ID为:0 的任务正在执行......
[2024-02-23 09:05:54:491] [this=0x20e97c8: Thread ID=34511040]CMGMediaEngine::ClenaCmd  事务ID为:0 的任务正在执行......
[2024-02-23 09:05:55:087] [this=0x218dc10: Thread ID=35209128: dataIndex=1]CMGPublisher::process 推流线程正在工作......
[2024-02-23 09:05:55:087] [this=0x21a6c78: Thread ID=35232600: dataIndex=0]CMGPublisher::process 推流线程正在工作......
[2024-02-23 09:05:55:087] [this=0x20eb4a8: Thread ID=34558496: dataIndex=0]CManipulator::process 任务数量:1
[2024-02-23 09:05:55:492] [this=0x20e97c8: Thread ID=34511040]CMGMediaEngine::ClenaCmd  事务ID为:0 的任务正在执行......
[2024-02-23 09:05:56:494] [this=0x20e97c8: Thread ID=34511040]CMGMediaEngine::ClenaCmd  事务ID为:0 的任务正在执行......
[2024-02-23 09:05:57:497] [this=0x20e97c8: Thread ID=34511040]CMGMediaEngine::ClenaCmd  事务ID为:0 的任务正在执行......
[2024-02-23 09:05:58:501] [this=0x20e97c8: Thread ID=34511040]CMGMediaEngine::ClenaCmd  事务ID为:0 的任务正在执行......
[2024-02-23 09:05:59:502] [this=0x20e97c8: Thread ID=34511040]CMGMediaEngine::ClenaCmd  事务ID为:0 的任务正在执行......
[2024-02-23 09:06:00:088] [this=0x20e97c8: Thread ID=34511040]CMGMediaEngine::ClenaCmd CCommandManager任务队列有2个任务
[2024-02-23 09:06:00:088] [this=0x218dc10: Thread ID=35209128: dataIndex=1]CMGPublisher::process 推流线程正在工作......
[2024-02-23 09:06:00:089] [this=0x21a6c78: Thread ID=35232600: dataIndex=0]CMGPublisher::process 推流线程正在工作......
[2024-02-23 09:06:00:505] [this=0x20e97c8: Thread ID=34511040]CMGMediaEngine::ClenaCmd  事务ID为:0 的任务正在执行......
[2024-02-23 09:06:01:506] [this=0x20e97c8: Thread ID=34511040]CMGMediaEngine::ClenaCmd  事务ID为:0 的任务正在执行......
[2024-02-23 09:06:02:507] [this=0x20e97c8: Thread ID=34511040]CMGMediaEngine::ClenaCmd  事务ID为:0 的任务正在执行......
[2024-02-23 09:06:03:511] [this=0x20e97c8: Thread ID=34511040]CMGMediaEngine::ClenaCmd  事务ID为:0 的任务正在执行......
[2024-02-23 09:06:04:514] [this=0x20e97c8: Thread ID=34511040]CMGMediaEngine::ClenaCmd  事务ID为:0 的任务正在执行......
[2024-02-23 09:06:05:089] [this=0x20e97c8: Thread ID=34511040]CMGMediaEngine::ClenaCmd CCommandManager任务队列有2个任务
[2024-02-23 09:06:05:517] [this=0x20e97c8: Thread ID=34511040]CMGMediaEngine::ClenaCmd  事务ID为:0 的任务正在执行......
[2024-02-23 09:06:06:521] [this=0x20e97c8: Thread ID=34511040]CMGMediaEngine::ClenaCmd  事务ID为:0 的任务正在执行......
[2024-02-23 09:06:07:524] [this=0x20e97c8: Thread ID=34511040]CMGMediaEngine::ClenaCmd  事务ID为:0 的任务正在执行......
[2024-02-23 09:06:08:526] [this=0x20e97c8: Thread ID=34511040]CMGMediaEngine::ClenaCmd  事务ID为:0 的任务正在执行......
[2024-02-23 09:06:09:531] [this=0x20e97c8: Thread ID=34511040]CMGMediaEngine::ClenaCmd  事务ID为:0 的任务正在执行......
[2024-02-23 09:06:10:089] [this=0x20e97c8: Thread ID=34511040]CMGMediaEngine::ClenaCmd CCommandManager任务队列有2个任务
[2024-02-23 09:06:10:089] [this=0x20eb4a8: Thread ID=34558496: dataIndex=0]CManipulator::process 任务数量:1
[2024-02-23 09:06:10:533] [this=0x20e97c8: Thread ID=34511040]CMGMediaEngine::ClenaCmd  事务ID为:0 的任务正在执行......
[2024-02-23 09:06:11:533] [this=0x20e97c8: Thread ID=34511040]CMGMediaEngine::ClenaCmd  事务ID为:0 的任务正在执行......
[2024-02-23 09:06:12:537] [this=0x20e97c8: Thread ID=34511040]CMGMediaEngine::ClenaCmd  事务ID为:0 的任务正在执行......
[2024-02-23 09:06:13:539] [this=0x20e97c8: Thread ID=34511040]CMGMediaEngine::ClenaCmd  事务ID为:0 的任务正在执行......
[2024-02-23 09:06:14:543] [this=0x20e97c8: Thread ID=34511040]CMGMediaEngine::ClenaCmd  事务ID为:0 的任务正在执行......
[2024-02-23 09:06:15:091] [this=0x20f56f8: Thread ID=34600496: dataIndex=1]CManipulator::process 任务数量:1
[2024-02-23 09:06:15:091] [this=0x21a6c78: Thread ID=35232600: dataIndex=0]CMGPublisher::process 推流线程正在工作......
[2024-02-23 09:06:15:547] [this=0x20e97c8: Thread ID=34511040]CMGMediaEngine::ClenaCmd  事务ID为:0 的任务正在执行......
[2024-02-23 09:06:16:547] [this=0x20e97c8: Thread ID=34511040]CMGMediaEngine::ClenaCmd  事务ID为:0 的任务正在执行......
[2024-02-23 09:06:17:550] [this=0x20e97c8: Thread ID=34511040]CMGMediaEngine::ClenaCmd  事务ID为:0 的任务正在执行......
[2024-02-23 09:06:18:551] [this=0x20e97c8: Thread ID=34511040]CMGMediaEngine::ClenaCmd  事务ID为:0 的任务正在执行......
[2024-02-23 09:06:19:553] [this=0x20e97c8: Thread ID=34511040]CMGMediaEngine::ClenaCmd  事务ID为:0 的任务正在执行......
[2024-02-23 09:06:20:094] [this=0x20e97c8: Thread ID=34511040]CMGMediaEngine::ClenaCmd CCommandManager任务队列有2个任务
[2024-02-23 09:06:20:556] [this=0x20e97c8: Thread ID=34511040]CMGMediaEngine::ClenaCmd  事务ID为:0 的任务正在执行......
[2024-02-23 09:06:21:558] [this=0x20e97c8: Thread ID=34511040]CMGMediaEngine::ClenaCmd  事务ID为:0 的任务正在执行......
[2024-02-23 09:06:22:559] [this=0x20e97c8: Thread ID=34511040]CMGMediaEngine::ClenaCmd  事务ID为:0 的任务正在执行......
[2024-02-23 09:06:23:562] [this=0x20e97c8: Thread ID=34511040]CMGMediaEngine::ClenaCmd  事务ID为:0 的任务正在执行......
[2024-02-23 09:06:24:564] [this=0x20e97c8: Thread ID=34511040]CMGMediaEngine::ClenaCmd  事务ID为:0 的任务正在执行......
[2024-02-23 09:06:25:094] [this=0x21a6c78: Thread ID=35232600: dataIndex=0]CMGPublisher::process 推流线程正在工作......
[2024-02-23 09:06:25:566] [this=0x20e97c8: Thread ID=34511040]CMGMediaEngine::ClenaCmd  事务ID为:0 的任务正在执行......
[2024-02-23 09:06:26:567] [this=0x20e97c8: Thread ID=34511040]CMGMediaEngine::ClenaCmd  事务ID为:0 的任务正在执行......
[2024-02-23 09:06:27:568] [this=0x20e97c8: Thread ID=34511040]CMGMediaEngine::ClenaCmd  事务ID为:0 的任务正在执行......
[2024-02-23 09:06:28:571] [this=0x20e97c8: Thread ID=34511040]CMGMediaEngine::ClenaCmd  事务ID为:0 的任务正在执行......
[2024-02-23 09:06:29:573] [this=0x20e97c8: Thread ID=34511040]CMGMediaEngine::ClenaCmd  事务ID为:0 的任务正在执行......
[2024-02-23 09:06:30:097] [this=0x20f56f8: Thread ID=34600496: dataIndex=1]CManipulator::process 任务数量:1
[2024-02-23 09:06:30:097] [this=0x218dc10: Thread ID=35209128: dataIndex=1]CMGPublisher::process 推流线程正在工作......
[2024-02-23 09:06:30:097] [this=0x20e97c8: Thread ID=34511040]CMGMediaEngine::ClenaCmd CCommandManager任务队列有2个任务
[2024-02-23 09:06:30:573] [this=0x20e97c8: Thread ID=34511040]CMGMediaEngine::ClenaCmd  事务ID为:0 的任务正在执行......
[2024-02-23 09:06:31:577] [this=0x20e97c8: Thread ID=34511040]CMGMediaEngine::ClenaCmd  事务ID为:0 的任务正在执行......
[2024-02-23 09:06:32:581] [this=0x20e97c8: Thread ID=34511040]CMGMediaEngine::ClenaCmd  事务ID为:0 的任务正在执行......
[2024-02-23 09:06:33:582] [this=0x20e97c8: Thread ID=34511040]CMGMediaEngine::ClenaCmd  事务ID为:0 的任务正在执行......
[2024-02-23 09:06:34:582] [this=0x20e97c8: Thread ID=34511040]CMGMediaEngine::ClenaCmd  事务ID为:0 的任务正在执行......
[2024-02-23 09:06:35:098] [this=0x20f56f8: Thread ID=34600496: dataIndex=1]CManipulator::process 任务数量:1
[2024-02-23 09:06:35:586] [this=0x20e97c8: Thread ID=34511040]CMGMediaEngine::ClenaCmd  事务ID为:0 的任务正在执行......
[2024-02-23 09:06:36:586] [this=0x20e97c8: Thread ID=34511040]CMGMediaEngine::ClenaCmd  事务ID为:0 的任务正在执行......
[2024-02-23 09:06:37:590] [this=0x20e97c8: Thread ID=34511040]CMGMediaEngine::ClenaCmd  事务ID为:0 的任务正在执行......
[2024-02-23 09:06:38:591] [this=0x20e97c8: Thread ID=34511040]CMGMediaEngine::ClenaCmd  事务ID为:0 的任务正在执行......
[2024-02-23 09:06:39:591] [this=0x20e97c8: Thread ID=34511040]CMGMediaEngine::ClenaCmd  事务ID为:0 的任务正在执行......
[2024-02-23 09:06:40:099] [this=0x20e97c8: Thread ID=34511040]CMGMediaEngine::ClenaCmd CCommandManager任务队列有2个任务
[2024-02-23 09:06:40:099] [this=0x21a6c78: Thread ID=35232600: dataIndex=0]CMGPublisher::process 推流线程正在工作......
[2024-02-23 09:06:40:596] [this=0x20e97c8: Thread ID=34511040]CMGMediaEngine::ClenaCmd  事务ID为:0 的任务正在执行......
[2024-02-23 09:06:41:596] [this=0x20e97c8: Thread ID=34511040]CMGMediaEngine::ClenaCmd  事务ID为:0 的任务正在执行......
[2024-02-23 09:06:42:599] [this=0x20e97c8: Thread ID=34511040]CMGMediaEngine::ClenaCmd  事务ID为:0 的任务正在执行......
[2024-02-23 09:06:43:599] [this=0x20e97c8: Thread ID=34511040]CMGMediaEngine::ClenaCmd  事务ID为:0 的任务正在执行......
[2024-02-23 09:06:44:601] [this=0x20e97c8: Thread ID=34511040]CMGMediaEngine::ClenaCmd  事务ID为:0 的任务正在执行......
[2024-02-23 09:06:45:102] [this=0x20f56f8: Thread ID=34600496: dataIndex=1]CManipulator::process 任务数量:1
[2024-02-23 09:06:45:602] [this=0x20e97c8: Thread ID=34511040]CMGMediaEngine::ClenaCmd  事务ID为:0 的任务正在执行......
[2024-02-23 09:06:46:603] [this=0x20e97c8: Thread ID=34511040]CMGMediaEngine::ClenaCmd  事务ID为:0 的任务正在执行......
[2024-02-23 09:06:47:606] [this=0x20e97c8: Thread ID=34511040]CMGMediaEngine::ClenaCmd  事务ID为:0 的任务正在执行......
[2024-02-23 09:06:48:606] [this=0x20e97c8: Thread ID=34511040]CMGMediaEngine::ClenaCmd  事务ID为:0 的任务正在执行......
[2024-02-23 09:06:49:606] [this=0x20e97c8: Thread ID=34511040]CMGMediaEngine::ClenaCmd  事务ID为:0 的任务正在执行......
[2024-02-23 09:06:50:102] [this=0x20f56f8: Thread ID=34600496: dataIndex=1]CManipulator::process 任务数量:1
[2024-02-23 09:06:50:606] [this=0x20e97c8: Thread ID=34511040]CMGMediaEngine::ClenaCmd  事务ID为:0 的任务正在执行......
[2024-02-23 09:06:51:608] [this=0x20e97c8: Thread ID=34511040]CMGMediaEngine::ClenaCmd  事务ID为:0 的任务正在执行......
[2024-02-23 09:06:52:610] [this=0x20e97c8: Thread ID=34511040]CMGMediaEngine::ClenaCmd  事务ID为:0 的任务正在执行......
[2024-02-23 09:06:53:614] [this=0x20e97c8: Thread ID=34511040]CMGMediaEngine::ClenaCmd  事务ID为:0 的任务正在执行......
[2024-02-23 09:06:54:614] [this=0x20e97c8: Thread ID=34511040]CMGMediaEngine::ClenaCmd  事务ID为:0 的任务正在执行......
[2024-02-23 09:06:55:102] [this=0x21a6c78: Thread ID=35232600: dataIndex=0]CMGPublisher::process 推流线程正在工作......
[2024-02-23 09:06:55:614] [this=0x20e97c8: Thread ID=34511040]CMGMediaEngine::ClenaCmd  事务ID为:0 的任务正在执行......
[2024-02-23 09:06:56:614] [this=0x20e97c8: Thread ID=34511040]CMGMediaEngine::ClenaCmd  事务ID为:0 的任务正在执行......
[2024-02-23 09:06:57:614] [this=0x20e97c8: Thread ID=34511040]CMGMediaEngine::ClenaCmd  事务ID为:0 的任务正在执行......
[2024-02-23 09:06:58:616] [this=0x20e97c8: Thread ID=34511040]CMGMediaEngine::ClenaCmd  事务ID为:0 的任务正在执行......
[2024-02-23 09:06:59:620] [this=0x20e97c8: Thread ID=34511040]CMGMediaEngine::ClenaCmd  事务ID为:0 的任务正在执行......
[2024-02-23 09:07:00:105] [this=0x218dc10: Thread ID=35209128: dataIndex=1]CMGPublisher::process 推流线程正在工作......
[2024-02-23 09:07:00:620] [this=0x20e97c8: Thread ID=34511040]CMGMediaEngine::ClenaCmd  事务ID为:0 的任务正在执行......
[2024-02-23 09:07:01:621] [this=0x20e97c8: Thread ID=34511040]CMGMediaEngine::ClenaCmd  事务ID为:0 的任务正在执行......
[2024-02-23 09:07:02:623] [this=0x20e97c8: Thread ID=34511040]CMGMediaEngine::ClenaCmd  事务ID为:0 的任务正在执行......
[2024-02-23 09:07:03:625] [this=0x20e97c8: Thread ID=34511040]CMGMediaEngine::ClenaCmd  事务ID为:0 的任务正在执行......
[2024-02-23 09:07:04:628] [this=0x20e97c8: Thread ID=34511040]CMGMediaEngine::ClenaCmd  事务ID为:0 的任务正在执行......
[2024-02-23 09:07:05:106] [this=0x20e97c8: Thread ID=34511040]CMGMediaEngine::ClenaCmd CCommandManager任务队列有2个任务
[2024-02-23 09:07:05:628] [this=0x20e97c8: Thread ID=34511040]CMGMediaEngine::ClenaCmd  事务ID为:0 的任务正在执行......
[2024-02-23 09:07:06:630] [this=0x20e97c8: Thread ID=34511040]CMGMediaEngine::ClenaCmd  事务ID为:0 的任务正在执行......
[2024-02-23 09:07:07:630] [this=0x20e97c8: Thread ID=34511040]CMGMediaEngine::ClenaCmd  事务ID为:0 的任务正在执行......
[2024-02-23 09:07:08:630] [this=0x20e97c8: Thread ID=34511040]CMGMediaEngine::ClenaCmd  事务ID为:0 的任务正在执行......
[2024-02-23 09:07:09:633] [this=0x20e97c8: Thread ID=34511040]CMGMediaEngine::ClenaCmd  事务ID为:0 的任务正在执行......
[2024-02-23 09:07:10:106] [this=0x20f56f8: Thread ID=34600496: dataIndex=1]CManipulator::process 任务数量:1
[2024-02-23 09:07:10:106] [this=0x20eb4a8: Thread ID=34558496: dataIndex=0]CManipulator::process 任务数量:1
[2024-02-23 09:07:10:106] [this=0x20e97c8: Thread ID=34511040]CMGMediaEngine::ClenaCmd CCommandManager任务队列有2个任务
[2024-02-23 09:07:10:635] [this=0x20e97c8: Thread ID=34511040]CMGMediaEngine::ClenaCmd  事务ID为:0 的任务正在执行......
[2024-02-23 09:07:11:635] [this=0x20e97c8: Thread ID=34511040]CMGMediaEngine::ClenaCmd  事务ID为:0 的任务正在执行......
[2024-02-23 09:07:12:640] [this=0x20e97c8: Thread ID=34511040]CMGMediaEngine::ClenaCmd  事务ID为:0 的任务正在执行......
[2024-02-23 09:07:13:643] [this=0x20e97c8: Thread ID=34511040]CMGMediaEngine::ClenaCmd  事务ID为:0 的任务正在执行......
[2024-02-23 09:07:14:646] [this=0x20e97c8: Thread ID=34511040]CMGMediaEngine::ClenaCmd  事务ID为:0 的任务正在执行......
[2024-02-23 09:07:15:108] [this=0x20f56f8: Thread ID=34600496: dataIndex=1]CManipulator::process 任务数量:1
[2024-02-23 09:07:15:650] [this=0x20e97c8: Thread ID=34511040]CMGMediaEngine::ClenaCmd  事务ID为:0 的任务正在执行......
[2024-02-23 09:07:16:653] [this=0x20e97c8: Thread ID=34511040]CMGMediaEngine::ClenaCmd  事务ID为:0 的任务正在执行......
[2024-02-23 09:07:17:653] [this=0x20e97c8: Thread ID=34511040]CMGMediaEngine::ClenaCmd  事务ID为:0 的任务正在执行......
[2024-02-23 09:07:18:656] [this=0x20e97c8: Thread ID=34511040]CMGMediaEngine::ClenaCmd  事务ID为:0 的任务正在执行......
[2024-02-23 09:07:19:660] [this=0x20e97c8: Thread ID=34511040]CMGMediaEngine::ClenaCmd  事务ID为:0 的任务正在执行......
[2024-02-23 09:07:20:111] [this=0x20f56f8: Thread ID=34600496: dataIndex=1]CManipulator::process 任务数量:1
[2024-02-23 09:07:20:111] [this=0x20e97c8: Thread ID=34511040]CMGMediaEngine::ClenaCmd CCommandManager任务队列有2个任务
[2024-02-23 09:07:20:111] [this=0x20eb4a8: Thread ID=34558496: dataIndex=0]CManipulator::process 任务数量:1
[2024-02-23 09:07:20:663] [this=0x20e97c8: Thread ID=34511040]CMGMediaEngine::ClenaCmd  事务ID为:0 的任务正在执行......
[2024-02-23 09:07:21:663] [this=0x20e97c8: Thread ID=34511040]CMGMediaEngine::ClenaCmd  事务ID为:0 的任务正在执行......
[2024-02-23 09:07:22:663] [this=0x20e97c8: Thread ID=34511040]CMGMediaEngine::ClenaCmd  事务ID为:0 的任务正在执行......
[2024-02-23 09:07:23:667] [this=0x20e97c8: Thread ID=34511040]CMGMediaEngine::ClenaCmd  事务ID为:0 的任务正在执行......
[2024-02-23 09:07:24:668] [this=0x20e97c8: Thread ID=34511040]CMGMediaEngine::ClenaCmd  事务ID为:0 的任务正在执行......
[2024-02-23 09:07:25:114] [this=0x20eb4a8: Thread ID=34558496: dataIndex=0]CManipulator::process 任务数量:1
[2024-02-23 09:07:25:672] [this=0x20e97c8: Thread ID=34511040]CMGMediaEngine::ClenaCmd  事务ID为:0 的任务正在执行......
[2024-02-23 09:07:26:677] [this=0x20e97c8: Thread ID=34511040]CMGMediaEngine::ClenaCmd  事务ID为:0 的任务正在执行......
[2024-02-23 09:07:27:677] [this=0x20e97c8: Thread ID=34511040]CMGMediaEngine::ClenaCmd  事务ID为:0 的任务正在执行......
[2024-02-23 09:07:28:677] [this=0x20e97c8: Thread ID=34511040]CMGMediaEngine::ClenaCmd  事务ID为:0 的任务正在执行......
[2024-02-23 09:07:29:683] [this=0x20e97c8: Thread ID=34511040]CMGMediaEngine::ClenaCmd  事务ID为:0 的任务正在执行......
[2024-02-23 09:07:30:114] [this=0x218dc10: Thread ID=35209128: dataIndex=1]CMGPublisher::process 推流线程正在工作......
[2024-02-23 09:07:30:684] [this=0x20e97c8: Thread ID=34511040]CMGMediaEngine::ClenaCmd  事务ID为:0 的任务正在执行......
[2024-02-23 09:07:31:687] [this=0x20e97c8: Thread ID=34511040]CMGMediaEngine::ClenaCmd  事务ID为:0 的任务正在执行......
[2024-02-23 09:07:32:689] [this=0x20e97c8: Thread ID=34511040]CMGMediaEngine::ClenaCmd  事务ID为:0 的任务正在执行......
[2024-02-23 09:07:33:690] [this=0x20e97c8: Thread ID=34511040]CMGMediaEngine::ClenaCmd  事务ID为:0 的任务正在执行......
[2024-02-23 09:07:34:691] [this=0x20e97c8: Thread ID=34511040]CMGMediaEngine::ClenaCmd  事务ID为:0 的任务正在执行......
[2024-02-23 09:07:35:114] [this=0x20e97c8: Thread ID=34511040]CMGMediaEngine::ClenaCmd CCommandManager任务队列有2个任务
[2024-02-23 09:07:35:692] [this=0x20e97c8: Thread ID=34511040]CMGMediaEngine::ClenaCmd  事务ID为:0 的任务正在执行......
[2024-02-23 09:07:36:692] [this=0x20e97c8: Thread ID=34511040]CMGMediaEngine::ClenaCmd  事务ID为:0 的任务正在执行......
[2024-02-23 09:07:37:692] [this=0x20e97c8: Thread ID=34511040]CMGMediaEngine::ClenaCmd  事务ID为:0 的任务正在执行......
[2024-02-23 09:07:38:693] [this=0x20e97c8: Thread ID=34511040]CMGMediaEngine::ClenaCmd  事务ID为:0 的任务正在执行......
[2024-02-23 09:07:39:692] [this=0x20e97c8: Thread ID=34511040]CMGMediaEngine::ClenaCmd  事务ID为:0 的任务正在执行......
[2024-02-23 09:07:40:115] [this=0x20eb4a8: Thread ID=34558496: dataIndex=0]CManipulator::process 任务数量:1
[2024-02-23 09:07:40:692] [this=0x20e97c8: Thread ID=34511040]CMGMediaEngine::ClenaCmd  事务ID为:0 的任务正在执行......
[2024-02-23 09:07:41:697] [this=0x20e97c8: Thread ID=34511040]CMGMediaEngine::ClenaCmd  事务ID为:0 的任务正在执行......
[2024-02-23 09:07:42:701] [this=0x20e97c8: Thread ID=34511040]CMGMediaEngine::ClenaCmd  事务ID为:0 的任务正在执行......
[2024-02-23 09:07:43:705] [this=0x20e97c8: Thread ID=34511040]CMGMediaEngine::ClenaCmd  事务ID为:0 的任务正在执行......
[2024-02-23 09:07:44:709] [this=0x20e97c8: Thread ID=34511040]CMGMediaEngine::ClenaCmd  事务ID为:0 的任务正在执行......
[2024-02-23 09:07:45:116] [this=0x218dc10: Thread ID=35209128: dataIndex=1]CMGPublisher::process 推流线程正在工作......
[2024-02-23 09:07:45:708] [this=0x20e97c8: Thread ID=34511040]CMGMediaEngine::ClenaCmd  事务ID为:0 的任务正在执行......
[2024-02-23 09:07:46:709] [this=0x20e97c8: Thread ID=34511040]CMGMediaEngine::ClenaCmd  事务ID为:0 的任务正在执行......
[2024-02-23 09:07:47:713] [this=0x20e97c8: Thread ID=34511040]CMGMediaEngine::ClenaCmd  事务ID为:0 的任务正在执行......
[2024-02-23 09:07:48:717] [this=0x20e97c8: Thread ID=34511040]CMGMediaEngine::ClenaCmd  事务ID为:0 的任务正在执行......
[2024-02-23 09:07:49:107] [this=none: Thread ID=34938136: dataIndex=0]外部调用DoStopLive
[2024-02-23 09:07:49:107] DoStopLive end dataIndex = 0
[2024-02-23 09:07:49:108] [this=0x21a6c78: Thread ID=35232600: dataIndex=0]CMGPublisher::process 停止直播
[2024-02-23 09:07:49:123] [this=0x20eb4a8: Thread ID=34558496: dataIndex=0]CManipulator::TaskStatusHandle 检测到任务完成
[2024-02-23 09:07:49:127] [this=0x20e97c8: Thread ID=34511040]CMGMediaEngine::ClenaCmd CCommandManager任务队列有2个任务
[2024-02-23 09:07:49:127] [this=0x20e97c8: Thread ID=34511040]CMGMediaEngine::ClenaCmd  事务ID为:0 的任务执行完成! 文件路径:
[2024-02-23 09:07:49:141] CAACDataBuffer::FeedAACData AAC采样率 :16000 AudioSize=243
[2024-02-23 09:07:49:142] CAACDataBuffer::FeedAACData AAC通道 : 2
[2024-02-23 09:07:49:202] CAACDataBuffer::FeedAACData AAC采样率 :16000 AudioSize=258
[2024-02-23 09:07:49:202] CAACDataBuffer::FeedAACData AAC通道 : 2
[2024-02-23 09:07:49:257] CAACDataBuffer::FeedAACData AAC采样率 :16000 AudioSize=246
[2024-02-23 09:07:49:257] CAACDataBuffer::FeedAACData AAC通道 : 2
[2024-02-23 09:07:49:339] CAACDataBuffer::FeedAACData AAC采样率 :16000 AudioSize=272
[2024-02-23 09:07:49:339] CAACDataBuffer::FeedAACData AAC通道 : 2
[2024-02-23 09:07:49:394] CAACDataBuffer::FeedAACData AAC采样率 :16000 AudioSize=237
[2024-02-23 09:07:49:394] CAACDataBuffer::FeedAACData AAC通道 : 2
[2024-02-23 09:07:49:462] CAACDataBuffer::FeedAACData AAC采样率 :16000 AudioSize=250
[2024-02-23 09:07:49:462] CAACDataBuffer::FeedAACData AAC通道 : 2
[2024-02-23 09:07:49:527] CAACDataBuffer::FeedAACData AAC采样率 :16000 AudioSize=251
[2024-02-23 09:07:49:527] CAACDataBuffer::FeedAACData AAC通道 : 2
[2024-02-23 09:07:49:580] CAACDataBuffer::FeedAACData AAC采样率 :16000 AudioSize=260
[2024-02-23 09:07:49:580] CAACDataBuffer::FeedAACData AAC通道 : 2
[2024-02-23 09:07:49:645] CAACDataBuffer::FeedAACData AAC采样率 :16000 AudioSize=259
[2024-02-23 09:07:49:647] CAACDataBuffer::FeedAACData AAC通道 : 2
[2024-02-23 09:07:49:718] [this=0x20e97c8: Thread ID=34511040]CMGMediaEngine::ClenaCmd  事务ID为:1 的任务正在执行......
[2024-02-23 09:07:49:726] CAACDataBuffer::FeedAACData AAC采样率 :16000 AudioSize=249
[2024-02-23 09:07:49:726] CAACDataBuffer::FeedAACData AAC通道 : 2
[2024-02-23 09:07:49:796] CAACDataBuffer::FeedAACData AAC采样率 :16000 AudioSize=267
[2024-02-23 09:07:49:796] CAACDataBuffer::FeedAACData AAC通道 : 2
[2024-02-23 09:07:49:848] CAACDataBuffer::FeedAACData AAC采样率 :16000 AudioSize=276
[2024-02-23 09:07:49:848] CAACDataBuffer::FeedAACData AAC通道 : 2
[2024-02-23 09:07:49:917] CAACDataBuffer::FeedAACData AAC采样率 :16000 AudioSize=262
[2024-02-23 09:07:49:917] CAACDataBuffer::FeedAACData AAC通道 : 2
[2024-02-23 09:07:49:981] CAACDataBuffer::FeedAACData AAC采样率 :16000 AudioSize=256
[2024-02-23 09:07:49:981] CAACDataBuffer::FeedAACData AAC通道 : 2
[2024-02-23 09:07:50:038] CAACDataBuffer::FeedAACData AAC采样率 :16000 AudioSize=313
[2024-02-23 09:07:50:038] CAACDataBuffer::FeedAACData AAC通道 : 2
[2024-02-23 09:07:50:090] [this=none: Thread ID=34938136: dataIndex=1]外部调用DoStopLive
[2024-02-23 09:07:50:090] DoStopLive end dataIndex = 1
[2024-02-23 09:07:50:094] [this=0x218dc10: Thread ID=35209128: dataIndex=1]CMGPublisher::process 停止直播
[2024-02-23 09:07:50:106] [this=0x20f56f8: Thread ID=34600496: dataIndex=1]CManipulator::TaskStatusHandle 检测到任务完成
[2024-02-23 09:07:50:109] [this=0x20e97c8: Thread ID=34511040]CMGMediaEngine::ClenaCmd CCommandManager任务队列有1个任务
[2024-02-23 09:07:50:109] [this=0x20e97c8: Thread ID=34511040]CMGMediaEngine::ClenaCmd  事务ID为:1 的任务执行完成! 文件路径:
[2024-02-23 09:07:50:123] CAACDataBuffer::FeedAACData AAC采样率 :16000 AudioSize=240
[2024-02-23 09:07:50:123] CAACDataBuffer::FeedAACData AAC通道 : 2
[2024-02-23 09:07:50:169] CAACDataBuffer::FeedAACData AAC采样率 :16000 AudioSize=256
[2024-02-23 09:07:50:169] CAACDataBuffer::FeedAACData AAC通道 : 2
[2024-02-23 09:07:50:240] CAACDataBuffer::FeedAACData AAC采样率 :16000 AudioSize=246
[2024-02-23 09:07:50:240] CAACDataBuffer::FeedAACData AAC通道 : 2
[2024-02-23 09:07:50:304] CAACDataBuffer::FeedAACData AAC采样率 :16000 AudioSize=249
[2024-02-23 09:07:50:304] CAACDataBuffer::FeedAACData AAC通道 : 2
