[2024-03-07 19:00:59:334] [this=none: Thread ID=7418960: dataIndex=0]外部调用DoStartLive
[2024-03-07 19:00:59:379] [this=0x67f8e8: Thread ID=7418960: dataIndex=0]CMGMediaEngine::DoStartLive 增加一条直播开始命令,事务ID:3
[2024-03-07 19:00:59:381] [this=0x67f8e8: Thread ID=6814176]CMGMediaEngine::ProcessCmd 有一个要处理命令 type = 3
[2024-03-07 19:00:59:382] [this=0x67f8e8: Thread ID=6814176]CMGMediaEngine::ProcessCmd 发送消息到MessageQueue队列,事物ID:3 消息类型:3
[2024-03-07 19:00:59:385] [this=0x6815c8: Thread ID=6814832: dataIndex=0]CManipulator::HandleCmd 创建RTMP推流器线程->CMGPublisher::process()
[2024-03-07 19:00:59:386] CMGPublisher::Start begin
[2024-03-07 19:00:59:393] [this=0x6815c8: Thread ID=6861632: dataIndex=0]CManipulator::process 任务数量:1
[2024-03-07 19:00:59:393] [this=0x67f8e8: Thread ID=6814176]CMGMediaEngine::ClenaCmd  事务ID为:3 的任务正在执行......
[2024-03-07 19:00:59:394] [this=0x6e96c8: Thread ID=7249432: dataIndex=0]CRtmpLive::正在连接媒体服务器
[2024-03-07 19:00:59:407] RTMP_Connect0 connect start 
[2024-03-07 19:00:59:455] RTMP_Connect0 connect end 
[2024-03-07 19:01:00:396] [this=0x67f8e8: Thread ID=6814176]CMGMediaEngine::ClenaCmd  事务ID为:3 的任务正在执行......
[2024-03-07 19:01:01:399] [this=0x67f8e8: Thread ID=6814176]CMGMediaEngine::ClenaCmd  事务ID为:3 的任务正在执行......
[2024-03-07 19:01:02:134] CAACDataBuffer::FeedAACData AAC采样率 :16000
[2024-03-07 19:01:02:134] CAACDataBuffer::FeedAACData AAC通道 : 2
[2024-03-07 19:01:02:401] [this=0x67f8e8: Thread ID=6814176]CMGMediaEngine::ClenaCmd  事务ID为:3 的任务正在执行......
[2024-03-07 19:01:03:317] time = 0
[2024-03-07 19:01:03:384] time = 75
[2024-03-07 19:01:03:384] [this=0x6e96c8: Thread ID=7249432: dataIndex=0] CRtmpLive::第一帧视频发送完成
[2024-03-07 19:01:03:402] [this=0x67f8e8: Thread ID=6814176]CMGMediaEngine::ClenaCmd  事务ID为:3 的任务正在执行......
[2024-03-07 19:01:03:445] time = 103
[2024-03-07 19:01:03:508] time = 62
[2024-03-07 19:01:03:581] time = 75
[2024-03-07 19:01:03:685] time = 102
[2024-03-07 19:01:03:748] time = 61
[2024-03-07 19:01:03:836] time = 92
[2024-03-07 19:01:03:920] time = 82
[2024-03-07 19:01:04:023] time = 102
[2024-03-07 19:01:04:076] time = 53
[2024-03-07 19:01:04:178] time = 102
[2024-03-07 19:01:04:282] time = 106
[2024-03-07 19:01:04:350] [this=0x6e96c8: Thread ID=7249432: dataIndex=0] CRtmpLive::第一帧音频发送完成 
[2024-03-07 19:01:04:352] time = 60
[2024-03-07 19:01:04:393] [this=0x67f8e8: Thread ID=6814176]CMGMediaEngine::ClenaCmd CCommandManager任务队列有1个任务
[2024-03-07 19:01:04:403] [this=0x67f8e8: Thread ID=6814176]CMGMediaEngine::ClenaCmd  事务ID为:3 的任务正在执行......
[2024-03-07 19:01:04:442] time = 103
[2024-03-07 19:01:04:504] time = 63
[2024-03-07 19:01:04:601] time = 93
[2024-03-07 19:01:04:689] time = 85
[2024-03-07 19:01:04:747] time = 61
[2024-03-07 19:01:04:832] time = 84
[2024-03-07 19:01:04:914] time = 81
[2024-03-07 19:01:05:017] time = 104
[2024-03-07 19:01:05:080] time = 61
[2024-03-07 19:01:05:182] time = 103
[2024-03-07 19:01:05:282] time = 101
[2024-03-07 19:01:05:363] time = 82
[2024-03-07 19:01:05:406] [this=0x67f8e8: Thread ID=6814176]CMGMediaEngine::ClenaCmd  事务ID为:3 的任务正在执行......
[2024-03-07 19:01:05:434] time = 62
[2024-03-07 19:01:05:509] time = 82
[2024-03-07 19:01:05:608] time = 102
[2024-03-07 19:01:05:667] time = 55
[2024-03-07 19:01:05:767] time = 101
[2024-03-07 19:01:05:822] time = 61
[2024-03-07 19:01:05:928] time = 101
[2024-03-07 19:01:06:019] time = 92
[2024-03-07 19:01:06:108] time = 91
[2024-03-07 19:01:06:190] time = 81
[2024-03-07 19:01:06:252] time = 60
[2024-03-07 19:01:06:335] time = 82
[2024-03-07 19:01:06:410] [this=0x67f8e8: Thread ID=6814176]CMGMediaEngine::ClenaCmd  事务ID为:3 的任务正在执行......
[2024-03-07 19:01:06:441] time = 102
[2024-03-07 19:01:06:506] time = 62
[2024-03-07 19:01:06:579] time = 82
[2024-03-07 19:01:06:680] time = 100
[2024-03-07 19:01:06:764] time = 81
[2024-03-07 19:01:06:842] time = 81
[2024-03-07 19:01:06:926] time = 83
[2024-03-07 19:01:07:007] time = 82
[2024-03-07 19:01:07:111] time = 103
[2024-03-07 19:01:07:222] time = 61
[2024-03-07 19:01:07:254] time = 82
[2024-03-07 19:01:07:357] time = 104
[2024-03-07 19:01:07:413] [this=0x67f8e8: Thread ID=6814176]CMGMediaEngine::ClenaCmd  事务ID为:3 的任务正在执行......
[2024-03-07 19:01:07:428] time = 71
[2024-03-07 19:01:07:506] time = 82
[2024-03-07 19:01:07:623] time = 102
[2024-03-07 19:01:07:673] time = 62
[2024-03-07 19:01:07:777] time = 103
[2024-03-07 19:01:07:835] time = 61
[2024-03-07 19:01:07:919] time = 83
[2024-03-07 19:01:08:021] time = 104
[2024-03-07 19:01:08:089] time = 63
[2024-03-07 19:01:08:184] time = 95
[2024-03-07 19:01:08:246] time = 62
[2024-03-07 19:01:08:328] time = 82
[2024-03-07 19:01:08:417] [this=0x67f8e8: Thread ID=6814176]CMGMediaEngine::ClenaCmd  事务ID为:3 的任务正在执行......
[2024-03-07 19:01:08:433] time = 102
[2024-03-07 19:01:08:510] time = 82
[2024-03-07 19:01:08:595] time = 79
[2024-03-07 19:01:08:700] time = 103
[2024-03-07 19:01:08:753] time = 63
[2024-03-07 19:01:08:856] time = 102
[2024-03-07 19:01:08:928] time = 71
[2024-03-07 19:01:09:007] time = 82
[2024-03-07 19:01:09:075] time = 61
[2024-03-07 19:01:09:183] time = 112
[2024-03-07 19:01:09:268] time = 81
[2024-03-07 19:01:09:349] time = 83
[2024-03-07 19:01:09:394] [this=0x67f8e8: Thread ID=6814176]CMGMediaEngine::ClenaCmd CCommandManager任务队列有1个任务
[2024-03-07 19:01:09:417] time = 73
[2024-03-07 19:01:09:421] [this=0x67f8e8: Thread ID=6814176]CMGMediaEngine::ClenaCmd  事务ID为:3 的任务正在执行......
[2024-03-07 19:01:09:525] time = 101
[2024-03-07 19:01:09:584] time = 61
[2024-03-07 19:01:09:682] time = 101
[2024-03-07 19:01:09:753] time = 62
[2024-03-07 19:01:09:849] time = 103
[2024-03-07 19:01:09:928] time = 82
[2024-03-07 19:01:09:991] time = 61
[2024-03-07 19:01:10:091] time = 101
[2024-03-07 19:01:10:174] time = 82
[2024-03-07 19:01:10:278] time = 102
[2024-03-07 19:01:10:339] time = 63
[2024-03-07 19:01:10:422] [this=0x67f8e8: Thread ID=6814176]CMGMediaEngine::ClenaCmd  事务ID为:3 的任务正在执行......
[2024-03-07 19:01:10:442] time = 101
[2024-03-07 19:01:10:501] time = 61
[2024-03-07 19:01:10:605] time = 102
[2024-03-07 19:01:10:669] time = 62
[2024-03-07 19:01:10:766] time = 103
[2024-03-07 19:01:10:859] time = 82
[2024-03-07 19:01:10:934] time = 83
[2024-03-07 19:01:11:018] time = 84
[2024-03-07 19:01:11:079] time = 61
[2024-03-07 19:01:11:183] time = 103
[2024-03-07 19:01:11:262] time = 82
[2024-03-07 19:01:11:342] time = 74
[2024-03-07 19:01:11:422] [this=0x67f8e8: Thread ID=6814176]CMGMediaEngine::ClenaCmd  事务ID为:3 的任务正在执行......
[2024-03-07 19:01:11:437] time = 102
[2024-03-07 19:01:11:504] time = 61
[2024-03-07 19:01:11:608] time = 105
[2024-03-07 19:01:11:666] time = 62
[2024-03-07 19:01:11:750] time = 82
[2024-03-07 19:01:11:837] time = 83
[2024-03-07 19:01:11:939] time = 101
[2024-03-07 19:01:11:996] time = 62
[2024-03-07 19:01:12:085] time = 91
[2024-03-07 19:01:12:187] time = 101
[2024-03-07 19:01:12:250] time = 57
[2024-03-07 19:01:12:345] time = 104
[2024-03-07 19:01:12:420] time = 76
[2024-03-07 19:01:12:424] [this=0x67f8e8: Thread ID=6814176]CMGMediaEngine::ClenaCmd  事务ID为:3 的任务正在执行......
[2024-03-07 19:01:12:490] time = 64
[2024-03-07 19:01:12:585] time = 101
[2024-03-07 19:01:12:668] time = 82
[2024-03-07 19:01:12:752] time = 81
[2024-03-07 19:01:12:857] time = 102
[2024-03-07 19:01:12:935] time = 84
[2024-03-07 19:01:13:032] time = 81
[2024-03-07 19:01:13:076] time = 61
[2024-03-07 19:01:13:167] time = 82
[2024-03-07 19:01:13:265] time = 101
[2024-03-07 19:01:13:328] time = 61
[2024-03-07 19:01:13:427] [this=0x67f8e8: Thread ID=6814176]CMGMediaEngine::ClenaCmd  事务ID为:3 的任务正在执行......
[2024-03-07 19:01:13:428] time = 101
[2024-03-07 19:01:13:489] time = 61
[2024-03-07 19:01:13:608] time = 122
[2024-03-07 19:01:13:668] time = 61
[2024-03-07 19:01:13:771] time = 101
[2024-03-07 19:01:13:835] time = 61
[2024-03-07 19:01:13:913] time = 81
[2024-03-07 19:01:14:021] time = 112
[2024-03-07 19:01:14:095] time = 63
[2024-03-07 19:01:14:183] time = 93
[2024-03-07 19:01:14:271] time = 91
[2024-03-07 19:01:14:374] time = 101
[2024-03-07 19:01:14:394] [this=0x67f8e8: Thread ID=6814176]CMGMediaEngine::ClenaCmd CCommandManager任务队列有1个任务
[2024-03-07 19:01:14:430] [this=0x67f8e8: Thread ID=6814176]CMGMediaEngine::ClenaCmd  事务ID为:3 的任务正在执行......
[2024-03-07 19:01:14:437] time = 62
[2024-03-07 19:01:14:509] time = 73
[2024-03-07 19:01:14:588] time = 81
[2024-03-07 19:01:14:667] time = 81
[2024-03-07 19:01:14:749] time = 81
[2024-03-07 19:01:14:854] time = 101
[2024-03-07 19:01:14:917] time = 61
[2024-03-07 19:01:15:026] time = 112
[2024-03-07 19:01:15:073] time = 52
[2024-03-07 19:01:15:177] time = 91
[2024-03-07 19:01:15:261] time = 92
[2024-03-07 19:01:15:345] time = 86
[2024-03-07 19:01:15:432] [this=0x67f8e8: Thread ID=6814176]CMGMediaEngine::ClenaCmd  事务ID为:3 的任务正在执行......
[2024-03-07 19:01:15:447] time = 101
[2024-03-07 19:01:15:509] time = 62
[2024-03-07 19:01:15:590] time = 81
[2024-03-07 19:01:15:688] time = 102
[2024-03-07 19:01:15:772] time = 80
[2024-03-07 19:01:15:851] time = 82
[2024-03-07 19:01:15:914] time = 61
[2024-03-07 19:01:15:992] time = 81
[2024-03-07 19:01:16:101] time = 104
[2024-03-07 19:01:16:159] time = 61
[2024-03-07 19:01:16:271] time = 103
[2024-03-07 19:01:16:336] time = 71
[2024-03-07 19:01:16:419] time = 84
[2024-03-07 19:01:16:435] [this=0x67f8e8: Thread ID=6814176]CMGMediaEngine::ClenaCmd  事务ID为:3 的任务正在执行......
[2024-03-07 19:01:16:522] time = 101
[2024-03-07 19:01:16:588] time = 62
[2024-03-07 19:01:16:682] time = 101
[2024-03-07 19:01:16:746] time = 61
[2024-03-07 19:01:16:829] time = 82
[2024-03-07 19:01:16:927] time = 102
[2024-03-07 19:01:17:010] time = 81
[2024-03-07 19:01:17:095] time = 83
[2024-03-07 19:01:17:173] time = 81
[2024-03-07 19:01:17:274] time = 103
[2024-03-07 19:01:17:372] time = 84
[2024-03-07 19:01:17:422] time = 62
[2024-03-07 19:01:17:438] [this=0x67f8e8: Thread ID=6814176]CMGMediaEngine::ClenaCmd  事务ID为:3 的任务正在执行......
[2024-03-07 19:01:17:520] time = 102
[2024-03-07 19:01:17:572] time = 51
[2024-03-07 19:01:17:676] time = 102
[2024-03-07 19:01:17:741] time = 61
[2024-03-07 19:01:17:840] time = 102
[2024-03-07 19:01:17:946] time = 103
[2024-03-07 19:01:18:004] time = 61
[2024-03-07 19:01:18:104] time = 102
[2024-03-07 19:01:18:166] time = 61
[2024-03-07 19:01:18:265] time = 102
[2024-03-07 19:01:18:327] time = 61
[2024-03-07 19:01:18:439] [this=0x67f8e8: Thread ID=6814176]CMGMediaEngine::ClenaCmd  事务ID为:3 的任务正在执行......
[2024-03-07 19:01:18:441] time = 102
[2024-03-07 19:01:18:494] time = 61
[2024-03-07 19:01:18:598] time = 105
[2024-03-07 19:01:18:658] time = 62
[2024-03-07 19:01:18:759] time = 102
[2024-03-07 19:01:18:843] time = 81
[2024-03-07 19:01:18:942] time = 102
[2024-03-07 19:01:19:005] time = 62
[2024-03-07 19:01:19:108] time = 101
[2024-03-07 19:01:19:183] time = 73
[2024-03-07 19:01:19:246] time = 62
[2024-03-07 19:01:19:339] time = 93
[2024-03-07 19:01:19:394] [this=0x717210: Thread ID=7583312: dataIndex=0]CMGPublisher::process 推流线程正在工作......
[2024-03-07 19:01:19:438] time = 103
[2024-03-07 19:01:19:439] [this=0x67f8e8: Thread ID=6814176]CMGMediaEngine::ClenaCmd  事务ID为:3 的任务正在执行......
[2024-03-07 19:01:19:506] time = 61
[2024-03-07 19:01:19:593] time = 93
[2024-03-07 19:01:19:662] time = 64
[2024-03-07 19:01:19:757] time = 102
[2024-03-07 19:01:19:857] time = 101
[2024-03-07 19:01:19:926] time = 62
[2024-03-07 19:01:20:021] time = 103
[2024-03-07 19:01:20:088] time = 63
[2024-03-07 19:01:20:159] time = 73
[2024-03-07 19:01:20:260] time = 100
[2024-03-07 19:01:20:334] time = 72
[2024-03-07 19:01:20:414] time = 81
[2024-03-07 19:01:20:441] [this=0x67f8e8: Thread ID=6814176]CMGMediaEngine::ClenaCmd  事务ID为:3 的任务正在执行......
[2024-03-07 19:01:20:508] time = 91
[2024-03-07 19:01:20:596] time = 84
[2024-03-07 19:01:20:671] time = 82
[2024-03-07 19:01:20:778] time = 108
[2024-03-07 19:01:20:839] time = 61
[2024-03-07 19:01:20:931] time = 91
[2024-03-07 19:01:21:024] time = 92
[2024-03-07 19:01:21:072] time = 50
[2024-03-07 19:01:21:156] time = 83
[2024-03-07 19:01:21:260] time = 102
[2024-03-07 19:01:21:358] time = 103
[2024-03-07 19:01:21:421] time = 62
[2024-03-07 19:01:21:443] [this=0x67f8e8: Thread ID=6814176]CMGMediaEngine::ClenaCmd  事务ID为:3 的任务正在执行......
[2024-03-07 19:01:21:504] time = 83
[2024-03-07 19:01:21:613] time = 102
[2024-03-07 19:01:21:697] time = 81
[2024-03-07 19:01:21:764] time = 75
[2024-03-07 19:01:21:829] time = 61
[2024-03-07 19:01:21:923] time = 104
[2024-03-07 19:01:21:990] time = 61
[2024-03-07 19:01:22:110] time = 121
[2024-03-07 19:01:22:176] time = 64
[2024-03-07 19:01:22:257] time = 83
[2024-03-07 19:01:22:343] time = 81
[2024-03-07 19:01:22:441] time = 102
[2024-03-07 19:01:22:447] [this=0x67f8e8: Thread ID=6814176]CMGMediaEngine::ClenaCmd  事务ID为:3 的任务正在执行......
[2024-03-07 19:01:22:499] time = 61
[2024-03-07 19:01:22:582] time = 80
[2024-03-07 19:01:22:681] time = 101
[2024-03-07 19:01:22:786] time = 96
[2024-03-07 19:01:22:840] time = 61
[2024-03-07 19:01:22:924] time = 81
[2024-03-07 19:01:23:006] time = 83
[2024-03-07 19:01:23:084] time = 81
[2024-03-07 19:01:23:186] time = 101
[2024-03-07 19:01:23:249] time = 64
[2024-03-07 19:01:23:349] time = 102
[2024-03-07 19:01:23:415] time = 61
[2024-03-07 19:01:23:451] [this=0x67f8e8: Thread ID=6814176]CMGMediaEngine::ClenaCmd  事务ID为:3 的任务正在执行......
[2024-03-07 19:01:23:498] time = 83
[2024-03-07 19:01:23:582] time = 86
[2024-03-07 19:01:23:687] time = 102
[2024-03-07 19:01:23:741] time = 60
[2024-03-07 19:01:23:852] time = 102
[2024-03-07 19:01:23:905] time = 60
[2024-03-07 19:01:24:003] time = 98
[2024-03-07 19:01:24:104] time = 103
[2024-03-07 19:01:24:171] time = 61
[2024-03-07 19:01:24:251] time = 81
[2024-03-07 19:01:24:349] time = 101
[2024-03-07 19:01:24:396] [this=0x67f8e8: Thread ID=6814176]CMGMediaEngine::ClenaCmd CCommandManager任务队列有1个任务
[2024-03-07 19:01:24:420] time = 71
[2024-03-07 19:01:24:452] [this=0x67f8e8: Thread ID=6814176]CMGMediaEngine::ClenaCmd  事务ID为:3 的任务正在执行......
[2024-03-07 19:01:24:504] time = 81
[2024-03-07 19:01:24:587] time = 82
[2024-03-07 19:01:24:685] time = 101
[2024-03-07 19:01:24:768] time = 81
[2024-03-07 19:01:24:849] time = 82
[2024-03-07 19:01:24:934] time = 76
[2024-03-07 19:01:25:029] time = 102
[2024-03-07 19:01:25:076] time = 53
[2024-03-07 19:01:25:156] time = 81
[2024-03-07 19:01:25:260] time = 101
[2024-03-07 19:01:25:323] time = 61
[2024-03-07 19:01:25:432] time = 111
[2024-03-07 19:01:25:452] [this=0x67f8e8: Thread ID=6814176]CMGMediaEngine::ClenaCmd  事务ID为:3 的任务正在执行......
[2024-03-07 19:01:25:494] time = 61
[2024-03-07 19:01:25:599] time = 103
[2024-03-07 19:01:25:681] time = 81
[2024-03-07 19:01:25:757] time = 81
[2024-03-07 19:01:25:857] time = 101
[2024-03-07 19:01:25:921] time = 61
[2024-03-07 19:01:26:036] time = 108
[2024-03-07 19:01:26:094] time = 64
[2024-03-07 19:01:26:188] time = 94
[2024-03-07 19:01:26:248] time = 61
[2024-03-07 19:01:26:354] time = 104
[2024-03-07 19:01:26:411] time = 62
[2024-03-07 19:01:26:453] [this=0x67f8e8: Thread ID=6814176]CMGMediaEngine::ClenaCmd  事务ID为:3 的任务正在执行......
[2024-03-07 19:01:26:513] time = 102
[2024-03-07 19:01:26:573] time = 60
[2024-03-07 19:01:26:655] time = 83
[2024-03-07 19:01:26:755] time = 96
[2024-03-07 19:01:26:814] time = 62
[2024-03-07 19:01:26:926] time = 102
[2024-03-07 19:01:27:019] time = 102
[2024-03-07 19:01:27:089] time = 60
[2024-03-07 19:01:27:182] time = 101
[2024-03-07 19:01:27:240] time = 61
[2024-03-07 19:01:27:349] time = 106
[2024-03-07 19:01:27:410] time = 61
[2024-03-07 19:01:27:453] [this=0x67f8e8: Thread ID=6814176]CMGMediaEngine::ClenaCmd  事务ID为:3 的任务正在执行......
[2024-03-07 19:01:27:504] time = 95
[2024-03-07 19:01:27:583] time = 82
[2024-03-07 19:01:27:670] time = 83
[2024-03-07 19:01:27:747] time = 81
[2024-03-07 19:01:27:856] time = 101
[2024-03-07 19:01:27:915] time = 61
[2024-03-07 19:01:28:015] time = 101
[2024-03-07 19:01:28:072] time = 61
[2024-03-07 19:01:28:186] time = 101
[2024-03-07 19:01:28:261] time = 81
[2024-03-07 19:01:28:360] time = 103
[2024-03-07 19:01:28:421] time = 61
[2024-03-07 19:01:28:457] [this=0x67f8e8: Thread ID=6814176]CMGMediaEngine::ClenaCmd  事务ID为:3 的任务正在执行......
[2024-03-07 19:01:28:521] time = 101
[2024-03-07 19:01:28:579] time = 61
[2024-03-07 19:01:28:691] time = 103
[2024-03-07 19:01:28:748] time = 61
[2024-03-07 19:01:28:851] time = 103
[2024-03-07 19:01:28:908] time = 60
[2024-03-07 19:01:29:010] time = 101
[2024-03-07 19:01:29:090] time = 81
[2024-03-07 19:01:29:175] time = 84
[2024-03-07 19:01:29:266] time = 82
[2024-03-07 19:01:29:360] time = 102
[2024-03-07 19:01:29:399] [this=0x717210: Thread ID=7583312: dataIndex=0]CMGPublisher::process 推流线程正在工作......
[2024-03-07 19:01:29:420] time = 61
[2024-03-07 19:01:29:461] [this=0x67f8e8: Thread ID=6814176]CMGMediaEngine::ClenaCmd  事务ID为:3 的任务正在执行......
[2024-03-07 19:01:29:510] time = 92
[2024-03-07 19:01:29:580] time = 72
[2024-03-07 19:01:29:692] time = 102
[2024-03-07 19:01:29:762] time = 80
[2024-03-07 19:01:29:834] time = 63
[2024-03-07 19:01:29:927] time = 101
[2024-03-07 19:01:29:994] time = 61
[2024-03-07 19:01:30:079] time = 85
[2024-03-07 19:01:30:176] time = 103
[2024-03-07 19:01:30:259] time = 81
[2024-03-07 19:01:30:349] time = 81
[2024-03-07 19:01:30:447] time = 102
[2024-03-07 19:01:30:467] [this=0x67f8e8: Thread ID=6814176]CMGMediaEngine::ClenaCmd  事务ID为:3 的任务正在执行......
[2024-03-07 19:01:30:493] time = 52
[2024-03-07 19:01:30:584] time = 92
[2024-03-07 19:01:30:681] time = 92
[2024-03-07 19:01:30:766] time = 83
[2024-03-07 19:01:30:848] time = 82
[2024-03-07 19:01:30:927] time = 82
[2024-03-07 19:01:30:995] time = 67
[2024-03-07 19:01:31:097] time = 103
[2024-03-07 19:01:31:171] time = 74
[2024-03-07 19:01:31:259] time = 83
[2024-03-07 19:01:31:337] time = 82
[2024-03-07 19:01:31:441] time = 101
[2024-03-07 19:01:31:467] [this=0x67f8e8: Thread ID=6814176]CMGMediaEngine::ClenaCmd  事务ID为:3 的任务正在执行......
[2024-03-07 19:01:31:515] time = 83
[2024-03-07 19:01:31:604] time = 81
[2024-03-07 19:01:31:659] time = 61
[2024-03-07 19:01:31:754] time = 91
[2024-03-07 19:01:31:847] time = 94
[2024-03-07 19:01:31:930] time = 83
[2024-03-07 19:01:31:993] time = 64
[2024-03-07 19:01:32:094] time = 103
[2024-03-07 19:01:32:177] time = 81
[2024-03-07 19:01:32:276] time = 101
[2024-03-07 19:01:32:355] time = 81
[2024-03-07 19:01:32:426] time = 61
[2024-03-07 19:01:32:471] [this=0x67f8e8: Thread ID=6814176]CMGMediaEngine::ClenaCmd  事务ID为:3 的任务正在执行......
[2024-03-07 19:01:32:529] time = 102
[2024-03-07 19:01:32:582] time = 63
[2024-03-07 19:01:32:690] time = 104
[2024-03-07 19:01:32:764] time = 71
[2024-03-07 19:01:32:841] time = 76
[2024-03-07 19:01:32:932] time = 93
[2024-03-07 19:01:32:994] time = 61
[2024-03-07 19:01:33:076] time = 84
[2024-03-07 19:01:33:177] time = 102
[2024-03-07 19:01:33:258] time = 81
[2024-03-07 19:01:33:342] time = 83
[2024-03-07 19:01:33:420] time = 82
[2024-03-07 19:01:33:474] [this=0x67f8e8: Thread ID=6814176]CMGMediaEngine::ClenaCmd  事务ID为:3 的任务正在执行......
[2024-03-07 19:01:33:508] time = 82
[2024-03-07 19:01:33:602] time = 93
[2024-03-07 19:01:33:681] time = 83
[2024-03-07 19:01:33:763] time = 82
[2024-03-07 19:01:33:846] time = 82
[2024-03-07 19:01:33:925] time = 81
[2024-03-07 19:01:34:004] time = 82
[2024-03-07 19:01:34:087] time = 82
[2024-03-07 19:01:34:171] time = 81
[2024-03-07 19:01:34:258] time = 85
[2024-03-07 19:01:34:357] time = 102
[2024-03-07 19:01:34:400] [this=0x67f8e8: Thread ID=6814176]CMGMediaEngine::ClenaCmd CCommandManager任务队列有1个任务
[2024-03-07 19:01:34:423] time = 62
[2024-03-07 19:01:34:475] [this=0x67f8e8: Thread ID=6814176]CMGMediaEngine::ClenaCmd  事务ID为:3 的任务正在执行......
[2024-03-07 19:01:34:508] time = 86
[2024-03-07 19:01:34:600] time = 94
[2024-03-07 19:01:34:690] time = 82
[2024-03-07 19:01:34:763] time = 82
[2024-03-07 19:01:34:846] time = 82
[2024-03-07 19:01:34:928] time = 81
[2024-03-07 19:01:35:035] time = 106
[2024-03-07 19:01:35:098] time = 62
[2024-03-07 19:01:35:172] time = 72
[2024-03-07 19:01:35:246] time = 81
[2024-03-07 19:01:35:324] time = 81
[2024-03-07 19:01:35:435] time = 104
[2024-03-07 19:01:35:475] [this=0x67f8e8: Thread ID=6814176]CMGMediaEngine::ClenaCmd  事务ID为:3 的任务正在执行......
[2024-03-07 19:01:35:501] time = 63
[2024-03-07 19:01:35:598] time = 103
[2024-03-07 19:01:35:677] time = 81
[2024-03-07 19:01:35:790] time = 97
[2024-03-07 19:01:35:861] time = 82
[2024-03-07 19:01:35:915] time = 61
[2024-03-07 19:01:36:002] time = 81
[2024-03-07 19:01:36:081] time = 81
[2024-03-07 19:01:36:164] time = 79
[2024-03-07 19:01:36:262] time = 101
[2024-03-07 19:01:36:324] time = 62
[2024-03-07 19:01:36:410] time = 82
[2024-03-07 19:01:36:478] [this=0x67f8e8: Thread ID=6814176]CMGMediaEngine::ClenaCmd  事务ID为:3 的任务正在执行......
[2024-03-07 19:01:36:507] time = 103
[2024-03-07 19:01:36:570] time = 61
[2024-03-07 19:01:36:681] time = 107
[2024-03-07 19:01:36:743] time = 62
[2024-03-07 19:01:36:848] time = 102
[2024-03-07 19:01:36:942] time = 102
[2024-03-07 19:01:37:002] time = 61
[2024-03-07 19:01:37:086] time = 81
[2024-03-07 19:01:37:184] time = 101
[2024-03-07 19:01:37:243] time = 57
[2024-03-07 19:01:37:331] time = 94
[2024-03-07 19:01:37:429] time = 93
[2024-03-07 19:01:37:481] [this=0x67f8e8: Thread ID=6814176]CMGMediaEngine::ClenaCmd  事务ID为:3 的任务正在执行......
[2024-03-07 19:01:37:511] time = 82
[2024-03-07 19:01:37:618] time = 106
[2024-03-07 19:01:37:678] time = 63
[2024-03-07 19:01:37:751] time = 71
[2024-03-07 19:01:37:835] time = 83
[2024-03-07 19:01:37:944] time = 101
[2024-03-07 19:01:38:016] time = 81
[2024-03-07 19:01:38:112] time = 93
[2024-03-07 19:01:38:170] time = 59
[2024-03-07 19:01:38:255] time = 83
[2024-03-07 19:01:38:344] time = 91
[2024-03-07 19:01:38:419] time = 81
[2024-03-07 19:01:38:482] [this=0x67f8e8: Thread ID=6814176]CMGMediaEngine::ClenaCmd  事务ID为:3 的任务正在执行......
[2024-03-07 19:01:38:506] time = 80
[2024-03-07 19:01:38:585] time = 82
[2024-03-07 19:01:38:663] time = 81
[2024-03-07 19:01:38:747] time = 82
[2024-03-07 19:01:38:850] time = 101
[2024-03-07 19:01:38:909] time = 61
[2024-03-07 19:01:39:006] time = 87
[2024-03-07 19:01:39:079] time = 82
[2024-03-07 19:01:39:171] time = 92
[2024-03-07 19:01:39:232] time = 62
[2024-03-07 19:01:39:331] time = 101
[2024-03-07 19:01:39:401] [this=0x6815c8: Thread ID=6861632: dataIndex=0]CManipulator::process 任务数量:1
[2024-03-07 19:01:39:439] time = 102
[2024-03-07 19:01:39:483] [this=0x67f8e8: Thread ID=6814176]CMGMediaEngine::ClenaCmd  事务ID为:3 的任务正在执行......
[2024-03-07 19:01:39:501] time = 61
[2024-03-07 19:01:39:602] time = 101
[2024-03-07 19:01:39:659] time = 61
[2024-03-07 19:01:39:759] time = 101
[2024-03-07 19:01:39:844] time = 82
[2024-03-07 19:01:39:924] time = 81
[2024-03-07 19:01:40:004] time = 82
[2024-03-07 19:01:40:097] time = 83
[2024-03-07 19:01:40:175] time = 83
[2024-03-07 19:01:40:270] time = 99
[2024-03-07 19:01:40:335] time = 61
[2024-03-07 19:01:40:435] time = 101
[2024-03-07 19:01:40:485] [this=0x67f8e8: Thread ID=6814176]CMGMediaEngine::ClenaCmd  事务ID为:3 的任务正在执行......
[2024-03-07 19:01:40:512] time = 78
[2024-03-07 19:01:40:612] time = 101
[2024-03-07 19:01:40:671] time = 61
[2024-03-07 19:01:40:755] time = 83
[2024-03-07 19:01:40:837] time = 81
[2024-03-07 19:01:40:920] time = 82
[2024-03-07 19:01:40:998] time = 80
[2024-03-07 19:01:41:095] time = 96
[2024-03-07 19:01:41:162] time = 62
[2024-03-07 19:01:41:236] time = 83
[2024-03-07 19:01:41:318] time = 83
[2024-03-07 19:01:41:429] time = 101
[2024-03-07 19:01:41:485] [this=0x67f8e8: Thread ID=6814176]CMGMediaEngine::ClenaCmd  事务ID为:3 的任务正在执行......
[2024-03-07 19:01:41:503] time = 82
[2024-03-07 19:01:41:585] time = 81
[2024-03-07 19:01:41:691] time = 104
[2024-03-07 19:01:41:753] time = 62
[2024-03-07 19:01:41:852] time = 100
[2024-03-07 19:01:41:914] time = 62
[2024-03-07 19:01:42:022] time = 105
[2024-03-07 19:01:42:101] time = 82
[2024-03-07 19:01:42:185] time = 83
[2024-03-07 19:01:42:295] time = 103
[2024-03-07 19:01:42:348] time = 61
[2024-03-07 19:01:42:420] time = 71
[2024-03-07 19:01:42:485] [this=0x67f8e8: Thread ID=6814176]CMGMediaEngine::ClenaCmd  事务ID为:3 的任务正在执行......
[2024-03-07 19:01:42:496] time = 72
[2024-03-07 19:01:42:586] time = 95
[2024-03-07 19:01:42:664] time = 82
[2024-03-07 19:01:42:773] time = 106
[2024-03-07 19:01:42:836] time = 63
[2024-03-07 19:01:42:916] time = 81
[2024-03-07 19:01:43:024] time = 104
[2024-03-07 19:01:43:093] time = 72
[2024-03-07 19:01:43:155] time = 64
[2024-03-07 19:01:43:272] time = 112
[2024-03-07 19:01:43:362] time = 81
[2024-03-07 19:01:43:436] time = 81
[2024-03-07 19:01:43:488] [this=0x67f8e8: Thread ID=6814176]CMGMediaEngine::ClenaCmd  事务ID为:3 的任务正在执行......
[2024-03-07 19:01:43:493] time = 60
[2024-03-07 19:01:43:575] time = 81
[2024-03-07 19:01:43:677] time = 104
[2024-03-07 19:01:43:784] time = 104
[2024-03-07 19:01:43:837] [this=none: Thread ID=7418960: dataIndex=0]外部调用DoStopLive
[2024-03-07 19:01:43:839] [this=0x717210: Thread ID=7583312: dataIndex=0]CMGPublisher::process 停止直播
[2024-03-07 19:01:43:851] [this=0x6815c8: Thread ID=6861632: dataIndex=0]CManipulator::TaskStatusHandle 检测到任务完成
[2024-03-07 19:01:43:854] CAACDataBuffer::FeedAACData AAC采样率 :16000
[2024-03-07 19:01:43:855] CAACDataBuffer::FeedAACData AAC通道 : 2
[2024-03-07 19:01:43:855] [this=0x67f8e8: Thread ID=6814176]CMGMediaEngine::ClenaCmd CCommandManager任务队列有1个任务
[2024-03-07 19:01:43:855] [this=0x67f8e8: Thread ID=6814176]CMGMediaEngine::ClenaCmd  事务ID为:3 的任务执行完成! 文件路径:
[2024-03-07 19:01:43:924] CAACDataBuffer::FeedAACData AAC采样率 :16000
[2024-03-07 19:01:43:924] CAACDataBuffer::FeedAACData AAC通道 : 2
[2024-03-07 19:01:43:945] CAACDataBuffer::FeedAACData AAC采样率 :16000
[2024-03-07 19:01:43:945] CAACDataBuffer::FeedAACData AAC通道 : 2
[2024-03-07 19:01:44:060] CAACDataBuffer::FeedAACData AAC采样率 :16000
[2024-03-07 19:01:44:060] CAACDataBuffer::FeedAACData AAC通道 : 2
[2024-03-07 19:01:44:124] CAACDataBuffer::FeedAACData AAC采样率 :16000
[2024-03-07 19:01:44:124] CAACDataBuffer::FeedAACData AAC通道 : 2
[2024-03-07 19:01:44:172] CAACDataBuffer::FeedAACData AAC采样率 :16000
[2024-03-07 19:01:44:172] CAACDataBuffer::FeedAACData AAC通道 : 2
[2024-03-07 19:01:44:246] CAACDataBuffer::FeedAACData AAC采样率 :16000
[2024-03-07 19:01:44:246] CAACDataBuffer::FeedAACData AAC通道 : 2
[2024-03-07 19:01:44:287] CAACDataBuffer::FeedAACData AAC采样率 :16000
[2024-03-07 19:01:44:298] CAACDataBuffer::FeedAACData AAC通道 : 2
[2024-03-07 19:01:44:378] CAACDataBuffer::FeedAACData AAC采样率 :16000
[2024-03-07 19:01:44:388] CAACDataBuffer::FeedAACData AAC通道 : 2
[2024-03-07 19:01:44:435] CAACDataBuffer::FeedAACData AAC采样率 :16000
[2024-03-07 19:01:44:435] CAACDataBuffer::FeedAACData AAC通道 : 2
[2024-03-07 19:01:44:474] CAACDataBuffer::FeedAACData AAC采样率 :16000
[2024-03-07 19:01:44:474] CAACDataBuffer::FeedAACData AAC通道 : 2
[2024-03-07 19:01:44:566] CAACDataBuffer::FeedAACData AAC采样率 :16000
[2024-03-07 19:01:44:567] CAACDataBuffer::FeedAACData AAC通道 : 2
[2024-03-07 19:01:44:585] CAACDataBuffer::FeedAACData AAC采样率 :16000
[2024-03-07 19:01:44:586] CAACDataBuffer::FeedAACData AAC通道 : 2
[2024-03-07 19:01:44:655] CAACDataBuffer::FeedAACData AAC采样率 :16000
[2024-03-07 19:01:44:655] CAACDataBuffer::FeedAACData AAC通道 : 2
[2024-03-07 19:01:44:759] CAACDataBuffer::FeedAACData AAC采样率 :16000
[2024-03-07 19:01:44:759] CAACDataBuffer::FeedAACData AAC通道 : 2
[2024-03-07 19:01:45:022] CAACDataBuffer::FeedAACData AAC采样率 :16000
[2024-03-07 19:01:45:022] CAACDataBuffer::FeedAACData AAC通道 : 2
