  Removing /tmp/VisualGDB/c/Users/Administrator/Desktop/media/Rtmp/Rtmp/Debug...
  VisualGDB: Sending 9 updated source files to build machine...
  VisualGDB: Run "cmake -G "Unix Makefiles" -DCMAKE_BUILD_TYPE=DEBUG -DCMAKE_COLOR_MAKEFILE=OFF .." in directory "/tmp/VisualGDB/c/Users/Administrator/Desktop/media/Rtmp/Rtmp/Debug" on ggboy@192.168.223.132 (SSH)
  -- The C compiler identification is GNU 9.4.0
  -- The CXX compiler identification is GNU 9.4.0
  -- Check for working C compiler: /usr/bin/cc
  -- Check for working C compiler: /usr/bin/cc -- works
  -- Detecting C compiler ABI info
  -- Detecting C compiler ABI info - done
  -- Detecting C compile features
  -- Detecting C compile features - done
  -- Check for working CXX compiler: /usr/bin/c++
  -- Check for working CXX compiler: /usr/bin/c++ -- works
  -- Detecting CXX compiler ABI info
  -- Detecting CXX compiler ABI info - done
  -- Detecting CXX compile features
  -- Detecting CXX compile features - done
  -- Configuring done
  -- Generating done
  -- Build files have been written to: /tmp/VisualGDB/c/Users/Administrator/Desktop/media/Rtmp/Rtmp/Debug
VisualGDB : warning : Failed to fetch compiler argument database file (/tmp/VisualGDB/c/Users/Administrator/Desktop/media/Rtmp/Rtmp/Debug/compile_commands.json). IntelliSense setup won't be precise.
  VisualGDB: Run "make " in directory "/tmp/VisualGDB/c/Users/Administrator/Desktop/media/Rtmp/Rtmp/Debug" on ggboy@192.168.223.132 (SSH)
  Scanning dependencies of target Rtmp
  [ 50%] Building CXX object CMakeFiles/Rtmp.dir/Rtmp.cpp.o
  /tmp/VisualGDB/c/Users/Administrator/Desktop/media/Rtmp/Rtmp/Rtmp.cpp: In function ‘int InitSockets()’:
C:\Users\Administrator\Desktop\media\Rtmp\Rtmp\Rtmp.cpp(29,1): warning : no return statement in function returning non-void [-Wreturn-type]
     29 | }
        | ^
  /tmp/VisualGDB/c/Users/Administrator/Desktop/media/Rtmp/Rtmp/Rtmp.cpp: In function ‘int main(int, char**)’:
C:\Users\Administrator\Desktop\media\Rtmp\Rtmp\Rtmp.cpp(69,27): warning : ISO C++ forbids converting a string constant to ‘char*’ [-Wwrite-strings]
     69 |  if (!RTMP_SetupURL(rtmp, "rtmp://live-k8s.4s12580.com:1946/live/866930069120914-0?streamId=762989567321059328&userId=925783&p=1691376488&appKey=83B96FA6FB77CDEC7C76BB535D4BA733"))
        |                           ^~~~~~~~~~~~~~~~~~~~~~~~~~~~~~~~~~~~~~~~~~~~~~~~~~~~~~~~~~~~~~~~~~~~~~~~~~~~~~~~~~~~~~~~~~~~~~~~~~~~~~~~~~~~~~~~~~~~~~~~~~~~~~~~~~~~~~~~~~~~~~~~~~~~~~~~
  [100%] Linking CXX executable Rtmp
  [100%] Built target Rtmp
